ARM GAS  /tmp/ccLnxQao.s 			page 1


   1              		.cpu cortex-m4
   2              		.arch armv7e-m
   3              		.fpu fpv4-sp-d16
   4              		.eabi_attribute 27, 1
   5              		.eabi_attribute 28, 1
   6              		.eabi_attribute 20, 1
   7              		.eabi_attribute 21, 1
   8              		.eabi_attribute 23, 3
   9              		.eabi_attribute 24, 1
  10              		.eabi_attribute 25, 1
  11              		.eabi_attribute 26, 1
  12              		.eabi_attribute 30, 1
  13              		.eabi_attribute 34, 1
  14              		.eabi_attribute 18, 4
  15              		.file	"main.c"
  16              		.text
  17              	.Ltext0:
  18              		.cfi_sections	.debug_frame
  19              		.file 1 "Core/Src/main.c"
  20              		.section	.text.push,"ax",%progbits
  21              		.align	1
  22              		.global	push
  23              		.syntax unified
  24              		.thumb
  25              		.thumb_func
  27              	push:
  28              	.LVL0:
  29              	.LFB133:
   1:Core/Src/main.c **** /* USER CODE BEGIN Header */
   2:Core/Src/main.c **** /**
   3:Core/Src/main.c ****  ******************************************************************************
   4:Core/Src/main.c ****  * @file           : main.c
   5:Core/Src/main.c ****  * @brief          : Main program body
   6:Core/Src/main.c ****  ******************************************************************************
   7:Core/Src/main.c ****  * @attention
   8:Core/Src/main.c ****  *
   9:Core/Src/main.c ****  * <h2><center>&copy; Copyright (c) 2022 STMicroelectronics.
  10:Core/Src/main.c ****  * All rights reserved.</center></h2>
  11:Core/Src/main.c ****  *
  12:Core/Src/main.c ****  * This software component is licensed by ST under BSD 3-Clause license,
  13:Core/Src/main.c ****  * the "License"; You may not use this file except in compliance with the
  14:Core/Src/main.c ****  * License. You may obtain a copy of the License at:
  15:Core/Src/main.c ****  *                        opensource.org/licenses/BSD-3-Clause
  16:Core/Src/main.c ****  *
  17:Core/Src/main.c ****  ******************************************************************************
  18:Core/Src/main.c ****  */
  19:Core/Src/main.c **** /* USER CODE END Header */
  20:Core/Src/main.c **** /* Includes ------------------------------------------------------------------*/
  21:Core/Src/main.c **** #include "main.h"
  22:Core/Src/main.c **** #include "dma.h"
  23:Core/Src/main.c **** #include "tim.h"
  24:Core/Src/main.c **** #include "usart.h"
  25:Core/Src/main.c **** #include "gpio.h"
  26:Core/Src/main.c **** 
  27:Core/Src/main.c **** /* Private includes ----------------------------------------------------------*/
  28:Core/Src/main.c **** /* USER CODE BEGIN Includes */
  29:Core/Src/main.c **** #include "math.h"
ARM GAS  /tmp/ccLnxQao.s 			page 2


  30:Core/Src/main.c **** /* USER CODE END Includes */
  31:Core/Src/main.c **** 
  32:Core/Src/main.c **** /* Private typedef -----------------------------------------------------------*/
  33:Core/Src/main.c **** /* USER CODE BEGIN PTD */
  34:Core/Src/main.c **** 
  35:Core/Src/main.c **** /* USER CODE END PTD */
  36:Core/Src/main.c **** 
  37:Core/Src/main.c **** /* Private define ------------------------------------------------------------*/
  38:Core/Src/main.c **** /* USER CODE BEGIN PD */
  39:Core/Src/main.c **** 
  40:Core/Src/main.c **** /* USER CODE END PD */
  41:Core/Src/main.c **** 
  42:Core/Src/main.c **** /* Private macro -------------------------------------------------------------*/
  43:Core/Src/main.c **** /* USER CODE BEGIN PM */
  44:Core/Src/main.c **** 
  45:Core/Src/main.c **** /* USER CODE END PM */
  46:Core/Src/main.c **** 
  47:Core/Src/main.c **** /* Private variables ---------------------------------------------------------*/
  48:Core/Src/main.c **** 
  49:Core/Src/main.c **** /* USER CODE BEGIN PV */
  50:Core/Src/main.c **** 
  51:Core/Src/main.c **** /* USER CODE END PV */
  52:Core/Src/main.c **** 
  53:Core/Src/main.c **** /* Private function prototypes -----------------------------------------------*/
  54:Core/Src/main.c **** void SystemClock_Config(void);
  55:Core/Src/main.c **** /* USER CODE BEGIN PFP */
  56:Core/Src/main.c **** 
  57:Core/Src/main.c **** /* USER CODE END PFP */
  58:Core/Src/main.c **** 
  59:Core/Src/main.c **** /* Private user code ---------------------------------------------------------*/
  60:Core/Src/main.c **** /* USER CODE BEGIN 0 */
  61:Core/Src/main.c **** #define SOUND_SPEED 346.0f
  62:Core/Src/main.c **** #define TIME_TICK_RATE 5.59238092E-6f
  63:Core/Src/main.c **** int riseTimes = 0;
  64:Core/Src/main.c **** int mp_timestamp[4] = {0};
  65:Core/Src/main.c **** float delta_distance[3][2] = {0};
  66:Core/Src/main.c **** float chans_distance[1][2] = {0};
  67:Core/Src/main.c **** vector2 mp_pos[4];
  68:Core/Src/main.c **** vector2 sound_source_pos;
  69:Core/Src/main.c **** 
  70:Core/Src/main.c **** void push(Queue *q, uint8_t x)
  71:Core/Src/main.c **** {
  30              		.loc 1 71 1 view -0
  31              		.cfi_startproc
  32              		@ args = 0, pretend = 0, frame = 0
  33              		@ frame_needed = 0, uses_anonymous_args = 0
  34              		@ link register save eliminated.
  72:Core/Src/main.c ****     q->data[q->front++] = x;
  35              		.loc 1 72 5 view .LVU1
  36              		.loc 1 72 14 is_stmt 0 view .LVU2
  37 0000 037D     		ldrb	r3, [r0, #20]	@ zero_extendqisi2
  38              		.loc 1 72 21 view .LVU3
  39 0002 5A1C     		adds	r2, r3, #1
  40 0004 0275     		strb	r2, [r0, #20]
  41              		.loc 1 72 25 view .LVU4
  42 0006 C154     		strb	r1, [r0, r3]
  73:Core/Src/main.c **** }
ARM GAS  /tmp/ccLnxQao.s 			page 3


  43              		.loc 1 73 1 view .LVU5
  44 0008 7047     		bx	lr
  45              		.cfi_endproc
  46              	.LFE133:
  48              		.section	.text.pop,"ax",%progbits
  49              		.align	1
  50              		.global	pop
  51              		.syntax unified
  52              		.thumb
  53              		.thumb_func
  55              	pop:
  56              	.LVL1:
  57              	.LFB134:
  74:Core/Src/main.c **** 
  75:Core/Src/main.c **** uint8_t pop(Queue *q)
  76:Core/Src/main.c **** {
  58              		.loc 1 76 1 is_stmt 1 view -0
  59              		.cfi_startproc
  60              		@ args = 0, pretend = 0, frame = 0
  61              		@ frame_needed = 0, uses_anonymous_args = 0
  62              		@ link register save eliminated.
  77:Core/Src/main.c ****     if (q->back == q->front) return -1;
  63              		.loc 1 77 5 view .LVU7
  64              		.loc 1 77 10 is_stmt 0 view .LVU8
  65 0000 437D     		ldrb	r3, [r0, #21]	@ zero_extendqisi2
  66              		.loc 1 77 21 view .LVU9
  67 0002 027D     		ldrb	r2, [r0, #20]	@ zero_extendqisi2
  68              		.loc 1 77 8 view .LVU10
  69 0004 9342     		cmp	r3, r2
  70 0006 03D0     		beq	.L4
  78:Core/Src/main.c ****     uint8_t ret = q->data[q->back++];
  71              		.loc 1 78 5 is_stmt 1 view .LVU11
  72              		.loc 1 78 34 is_stmt 0 view .LVU12
  73 0008 5A1C     		adds	r2, r3, #1
  74 000a 4275     		strb	r2, [r0, #21]
  75              		.loc 1 78 13 view .LVU13
  76 000c C05C     		ldrb	r0, [r0, r3]	@ zero_extendqisi2
  77              	.LVL2:
  79:Core/Src/main.c ****     return ret;
  78              		.loc 1 79 5 is_stmt 1 view .LVU14
  79              		.loc 1 79 12 is_stmt 0 view .LVU15
  80 000e 7047     		bx	lr
  81              	.LVL3:
  82              	.L4:
  77:Core/Src/main.c ****     if (q->back == q->front) return -1;
  83              		.loc 1 77 37 view .LVU16
  84 0010 FF20     		movs	r0, #255
  85              	.LVL4:
  80:Core/Src/main.c **** }
  86              		.loc 1 80 1 view .LVU17
  87 0012 7047     		bx	lr
  88              		.cfi_endproc
  89              	.LFE134:
  91              		.section	.text.size,"ax",%progbits
  92              		.align	1
  93              		.global	size
  94              		.syntax unified
ARM GAS  /tmp/ccLnxQao.s 			page 4


  95              		.thumb
  96              		.thumb_func
  98              	size:
  99              	.LVL5:
 100              	.LFB135:
  81:Core/Src/main.c **** 
  82:Core/Src/main.c **** uint8_t size(Queue *q)
  83:Core/Src/main.c **** {
 101              		.loc 1 83 1 is_stmt 1 view -0
 102              		.cfi_startproc
 103              		@ args = 0, pretend = 0, frame = 0
 104              		@ frame_needed = 0, uses_anonymous_args = 0
 105              		@ link register save eliminated.
  84:Core/Src/main.c ****     return (q->front - q->back + QUEUE_SIZE) % QUEUE_SIZE;
 106              		.loc 1 84 5 view .LVU19
 107              		.loc 1 84 14 is_stmt 0 view .LVU20
 108 0000 037D     		ldrb	r3, [r0, #20]	@ zero_extendqisi2
 109              		.loc 1 84 25 view .LVU21
 110 0002 427D     		ldrb	r2, [r0, #21]	@ zero_extendqisi2
 111              		.loc 1 84 22 view .LVU22
 112 0004 981A     		subs	r0, r3, r2
 113              	.LVL6:
 114              		.loc 1 84 32 view .LVU23
 115 0006 1430     		adds	r0, r0, #20
 116              		.loc 1 84 46 view .LVU24
 117 0008 054A     		ldr	r2, .L6
 118 000a 82FB0032 		smull	r3, r2, r2, r0
 119 000e C317     		asrs	r3, r0, #31
 120 0010 C3EBE203 		rsb	r3, r3, r2, asr #3
 121 0014 03EB8303 		add	r3, r3, r3, lsl #2
 122 0018 A0EB8300 		sub	r0, r0, r3, lsl #2
  85:Core/Src/main.c **** }
 123              		.loc 1 85 1 view .LVU25
 124 001c C0B2     		uxtb	r0, r0
 125 001e 7047     		bx	lr
 126              	.L7:
 127              		.align	2
 128              	.L6:
 129 0020 67666666 		.word	1717986919
 130              		.cfi_endproc
 131              	.LFE135:
 133              		.section	.text.time_init,"ax",%progbits
 134              		.align	1
 135              		.global	time_init
 136              		.syntax unified
 137              		.thumb
 138              		.thumb_func
 140              	time_init:
 141              	.LFB138:
  86:Core/Src/main.c **** /* USER CODE END 0 */
  87:Core/Src/main.c **** 
  88:Core/Src/main.c **** /**
  89:Core/Src/main.c ****   * @brief  The application entry point.
  90:Core/Src/main.c ****   * @retval int
  91:Core/Src/main.c ****   */
  92:Core/Src/main.c **** int main(void)
  93:Core/Src/main.c **** {
ARM GAS  /tmp/ccLnxQao.s 			page 5


  94:Core/Src/main.c ****   /* USER CODE BEGIN 1 */
  95:Core/Src/main.c **** 
  96:Core/Src/main.c ****   /* USER CODE END 1 */
  97:Core/Src/main.c **** 
  98:Core/Src/main.c ****   /* MCU Configuration--------------------------------------------------------*/
  99:Core/Src/main.c **** 
 100:Core/Src/main.c ****   /* Reset of all peripherals, Initializes the Flash interface and the Systick. */
 101:Core/Src/main.c ****   HAL_Init();
 102:Core/Src/main.c **** 
 103:Core/Src/main.c ****   /* USER CODE BEGIN Init */
 104:Core/Src/main.c **** 
 105:Core/Src/main.c ****   /* USER CODE END Init */
 106:Core/Src/main.c **** 
 107:Core/Src/main.c ****   /* Configure the system clock */
 108:Core/Src/main.c ****   SystemClock_Config();
 109:Core/Src/main.c **** 
 110:Core/Src/main.c ****   /* USER CODE BEGIN SysInit */
 111:Core/Src/main.c **** 
 112:Core/Src/main.c ****   /* USER CODE END SysInit */
 113:Core/Src/main.c **** 
 114:Core/Src/main.c ****   /* Initialize all configured peripherals */
 115:Core/Src/main.c ****   MX_GPIO_Init();
 116:Core/Src/main.c ****   MX_DMA_Init();
 117:Core/Src/main.c ****   MX_USART1_UART_Init();
 118:Core/Src/main.c ****   MX_USART2_UART_Init();
 119:Core/Src/main.c ****   MX_USART3_UART_Init();
 120:Core/Src/main.c ****   MX_TIM1_Init();
 121:Core/Src/main.c ****   MX_TIM2_Init();
 122:Core/Src/main.c ****   MX_TIM10_Init();
 123:Core/Src/main.c ****   /* USER CODE BEGIN 2 */
 124:Core/Src/main.c ****     //time_init();
 125:Core/Src/main.c ****     //microphone_init();
 126:Core/Src/main.c ****     //printf("Init\n");
 127:Core/Src/main.c ****   /* USER CODE END 2 */
 128:Core/Src/main.c **** 
 129:Core/Src/main.c ****   /* Infinite loop */
 130:Core/Src/main.c ****   /* USER CODE BEGIN WHILE */
 131:Core/Src/main.c ****     while (1)
 132:Core/Src/main.c ****     {
 133:Core/Src/main.c ****     /* USER CODE END WHILE */
 134:Core/Src/main.c ****         printf("I'm alive\n");
 135:Core/Src/main.c ****     /* USER CODE BEGIN 3 */
 136:Core/Src/main.c ****     }
 137:Core/Src/main.c ****   /* USER CODE END 3 */
 138:Core/Src/main.c **** }
 139:Core/Src/main.c **** 
 140:Core/Src/main.c **** /**
 141:Core/Src/main.c ****   * @brief System Clock Configuration
 142:Core/Src/main.c ****   * @retval None
 143:Core/Src/main.c ****   */
 144:Core/Src/main.c **** void SystemClock_Config(void)
 145:Core/Src/main.c **** {
 146:Core/Src/main.c ****   RCC_OscInitTypeDef RCC_OscInitStruct = {0};
 147:Core/Src/main.c ****   RCC_ClkInitTypeDef RCC_ClkInitStruct = {0};
 148:Core/Src/main.c **** 
 149:Core/Src/main.c ****   /** Configure the main internal regulator output voltage
 150:Core/Src/main.c ****   */
ARM GAS  /tmp/ccLnxQao.s 			page 6


 151:Core/Src/main.c ****   __HAL_RCC_PWR_CLK_ENABLE();
 152:Core/Src/main.c ****   __HAL_PWR_VOLTAGESCALING_CONFIG(PWR_REGULATOR_VOLTAGE_SCALE1);
 153:Core/Src/main.c ****   /** Initializes the RCC Oscillators according to the specified parameters
 154:Core/Src/main.c ****   * in the RCC_OscInitTypeDef structure.
 155:Core/Src/main.c ****   */
 156:Core/Src/main.c ****   RCC_OscInitStruct.OscillatorType = RCC_OSCILLATORTYPE_HSE;
 157:Core/Src/main.c ****   RCC_OscInitStruct.HSEState = RCC_HSE_ON;
 158:Core/Src/main.c ****   RCC_OscInitStruct.PLL.PLLState = RCC_PLL_ON;
 159:Core/Src/main.c ****   RCC_OscInitStruct.PLL.PLLSource = RCC_PLLSOURCE_HSE;
 160:Core/Src/main.c ****   RCC_OscInitStruct.PLL.PLLM = 4;
 161:Core/Src/main.c ****   RCC_OscInitStruct.PLL.PLLN = 168;
 162:Core/Src/main.c ****   RCC_OscInitStruct.PLL.PLLP = RCC_PLLP_DIV2;
 163:Core/Src/main.c ****   RCC_OscInitStruct.PLL.PLLQ = 4;
 164:Core/Src/main.c ****   if (HAL_RCC_OscConfig(&RCC_OscInitStruct) != HAL_OK)
 165:Core/Src/main.c ****   {
 166:Core/Src/main.c ****     Error_Handler();
 167:Core/Src/main.c ****   }
 168:Core/Src/main.c ****   /** Initializes the CPU, AHB and APB buses clocks
 169:Core/Src/main.c ****   */
 170:Core/Src/main.c ****   RCC_ClkInitStruct.ClockType = RCC_CLOCKTYPE_HCLK|RCC_CLOCKTYPE_SYSCLK
 171:Core/Src/main.c ****                               |RCC_CLOCKTYPE_PCLK1|RCC_CLOCKTYPE_PCLK2;
 172:Core/Src/main.c ****   RCC_ClkInitStruct.SYSCLKSource = RCC_SYSCLKSOURCE_PLLCLK;
 173:Core/Src/main.c ****   RCC_ClkInitStruct.AHBCLKDivider = RCC_SYSCLK_DIV1;
 174:Core/Src/main.c ****   RCC_ClkInitStruct.APB1CLKDivider = RCC_HCLK_DIV4;
 175:Core/Src/main.c ****   RCC_ClkInitStruct.APB2CLKDivider = RCC_HCLK_DIV2;
 176:Core/Src/main.c **** 
 177:Core/Src/main.c ****   if (HAL_RCC_ClockConfig(&RCC_ClkInitStruct, FLASH_LATENCY_5) != HAL_OK)
 178:Core/Src/main.c ****   {
 179:Core/Src/main.c ****     Error_Handler();
 180:Core/Src/main.c ****   }
 181:Core/Src/main.c **** }
 182:Core/Src/main.c **** 
 183:Core/Src/main.c **** /* USER CODE BEGIN 4 */
 184:Core/Src/main.c **** 
 185:Core/Src/main.c **** inline void time_init()
 186:Core/Src/main.c **** {
 142              		.loc 1 186 1 is_stmt 1 view -0
 143              		.cfi_startproc
 144              		@ args = 0, pretend = 0, frame = 0
 145              		@ frame_needed = 0, uses_anonymous_args = 0
 146 0000 08B5     		push	{r3, lr}
 147              	.LCFI0:
 148              		.cfi_def_cfa_offset 8
 149              		.cfi_offset 3, -8
 150              		.cfi_offset 14, -4
 187:Core/Src/main.c ****     HAL_TIM_Base_Start_IT(&htim1);
 151              		.loc 1 187 5 view .LVU27
 152 0002 0948     		ldr	r0, .L10
 153 0004 FFF7FEFF 		bl	HAL_TIM_Base_Start_IT
 154              	.LVL7:
 188:Core/Src/main.c ****     HAL_TIM_Base_Start(&htim10);
 155              		.loc 1 188 5 view .LVU28
 156 0008 0848     		ldr	r0, .L10+4
 157 000a FFF7FEFF 		bl	HAL_TIM_Base_Start
 158              	.LVL8:
 189:Core/Src/main.c ****     HAL_NVIC_EnableIRQ(EXTI0_IRQn);
 159              		.loc 1 189 5 view .LVU29
ARM GAS  /tmp/ccLnxQao.s 			page 7


 160 000e 0620     		movs	r0, #6
 161 0010 FFF7FEFF 		bl	HAL_NVIC_EnableIRQ
 162              	.LVL9:
 190:Core/Src/main.c ****     HAL_NVIC_EnableIRQ(EXTI1_IRQn);
 163              		.loc 1 190 5 view .LVU30
 164 0014 0720     		movs	r0, #7
 165 0016 FFF7FEFF 		bl	HAL_NVIC_EnableIRQ
 166              	.LVL10:
 191:Core/Src/main.c ****     HAL_NVIC_EnableIRQ(EXTI2_IRQn);
 167              		.loc 1 191 5 view .LVU31
 168 001a 0820     		movs	r0, #8
 169 001c FFF7FEFF 		bl	HAL_NVIC_EnableIRQ
 170              	.LVL11:
 192:Core/Src/main.c ****     HAL_NVIC_EnableIRQ(EXTI3_IRQn);
 171              		.loc 1 192 5 view .LVU32
 172 0020 0920     		movs	r0, #9
 173 0022 FFF7FEFF 		bl	HAL_NVIC_EnableIRQ
 174              	.LVL12:
 193:Core/Src/main.c **** }
 175              		.loc 1 193 1 is_stmt 0 view .LVU33
 176 0026 08BD     		pop	{r3, pc}
 177              	.L11:
 178              		.align	2
 179              	.L10:
 180 0028 00000000 		.word	htim1
 181 002c 00000000 		.word	htim10
 182              		.cfi_endproc
 183              	.LFE138:
 185              		.section	.text.microphone_init,"ax",%progbits
 186              		.align	1
 187              		.global	microphone_init
 188              		.syntax unified
 189              		.thumb
 190              		.thumb_func
 192              	microphone_init:
 193              	.LFB139:
 194:Core/Src/main.c **** inline void microphone_init()
 195:Core/Src/main.c **** {
 194              		.loc 1 195 1 is_stmt 1 view -0
 195              		.cfi_startproc
 196              		@ args = 0, pretend = 0, frame = 0
 197              		@ frame_needed = 0, uses_anonymous_args = 0
 198              		@ link register save eliminated.
 196:Core/Src/main.c ****     mp_pos[0].x = -25;
 199              		.loc 1 196 5 view .LVU35
 200              		.loc 1 196 17 is_stmt 0 view .LVU36
 201 0000 064B     		ldr	r3, .L13
 202 0002 074A     		ldr	r2, .L13+4
 203 0004 1A60     		str	r2, [r3]	@ float
 197:Core/Src/main.c ****     mp_pos[0].y = 0;
 204              		.loc 1 197 5 is_stmt 1 view .LVU37
 205              		.loc 1 197 17 is_stmt 0 view .LVU38
 206 0006 0020     		movs	r0, #0
 207 0008 5860     		str	r0, [r3, #4]	@ float
 198:Core/Src/main.c ****     mp_pos[1].x = 25;
 208              		.loc 1 198 5 is_stmt 1 view .LVU39
 209              		.loc 1 198 17 is_stmt 0 view .LVU40
ARM GAS  /tmp/ccLnxQao.s 			page 8


 210 000a 0649     		ldr	r1, .L13+8
 211 000c 9960     		str	r1, [r3, #8]	@ float
 199:Core/Src/main.c ****     mp_pos[1].y = 0;
 212              		.loc 1 199 5 is_stmt 1 view .LVU41
 213              		.loc 1 199 17 is_stmt 0 view .LVU42
 214 000e D860     		str	r0, [r3, #12]	@ float
 200:Core/Src/main.c ****     mp_pos[2].x = -25;
 215              		.loc 1 200 5 is_stmt 1 view .LVU43
 216              		.loc 1 200 17 is_stmt 0 view .LVU44
 217 0010 1A61     		str	r2, [r3, #16]	@ float
 201:Core/Src/main.c ****     mp_pos[2].y = -15.5;
 218              		.loc 1 201 5 is_stmt 1 view .LVU45
 219              		.loc 1 201 17 is_stmt 0 view .LVU46
 220 0012 054A     		ldr	r2, .L13+12
 221 0014 5A61     		str	r2, [r3, #20]	@ float
 202:Core/Src/main.c ****     mp_pos[3].x = 25;
 222              		.loc 1 202 5 is_stmt 1 view .LVU47
 223              		.loc 1 202 17 is_stmt 0 view .LVU48
 224 0016 9961     		str	r1, [r3, #24]	@ float
 203:Core/Src/main.c ****     mp_pos[3].y = -15.5;
 225              		.loc 1 203 5 is_stmt 1 view .LVU49
 226              		.loc 1 203 17 is_stmt 0 view .LVU50
 227 0018 DA61     		str	r2, [r3, #28]	@ float
 204:Core/Src/main.c **** }
 228              		.loc 1 204 1 view .LVU51
 229 001a 7047     		bx	lr
 230              	.L14:
 231              		.align	2
 232              	.L13:
 233 001c 00000000 		.word	mp_pos
 234 0020 0000C8C1 		.word	-1043857408
 235 0024 0000C841 		.word	1103626240
 236 0028 000078C1 		.word	-1049100288
 237              		.cfi_endproc
 238              	.LFE139:
 240              		.section	.text.calculate_delta_distance,"ax",%progbits
 241              		.align	1
 242              		.global	calculate_delta_distance
 243              		.syntax unified
 244              		.thumb
 245              		.thumb_func
 247              	calculate_delta_distance:
 248              	.LFB140:
 205:Core/Src/main.c **** 
 206:Core/Src/main.c **** void calculate_delta_distance()
 207:Core/Src/main.c **** {
 249              		.loc 1 207 1 is_stmt 1 view -0
 250              		.cfi_startproc
 251              		@ args = 0, pretend = 0, frame = 0
 252              		@ frame_needed = 0, uses_anonymous_args = 0
 253              		@ link register save eliminated.
 254 0000 30B4     		push	{r4, r5}
 255              	.LCFI1:
 256              		.cfi_def_cfa_offset 8
 257              		.cfi_offset 4, -8
 258              		.cfi_offset 5, -4
 208:Core/Src/main.c ****     delta_distance[0][0] = ((int)(mp_timestamp[0] - mp_timestamp[1]) * TIME_TICK_RATE * SOUND_SPEED
ARM GAS  /tmp/ccLnxQao.s 			page 9


 259              		.loc 1 208 5 view .LVU53
 260              		.loc 1 208 47 is_stmt 0 view .LVU54
 261 0002 2748     		ldr	r0, .L17
 262 0004 0268     		ldr	r2, [r0]
 263              		.loc 1 208 65 view .LVU55
 264 0006 4368     		ldr	r3, [r0, #4]
 265              		.loc 1 208 29 view .LVU56
 266 0008 D11A     		subs	r1, r2, r3
 267 000a 07EE901A 		vmov	s15, r1	@ int
 268              		.loc 1 208 70 view .LVU57
 269 000e F8EEE77A 		vcvt.f32.s32	s15, s15
 270 0012 DFED246A 		vldr.32	s13, .L17+4
 271 0016 67EEA67A 		vmul.f32	s15, s15, s13
 272              		.loc 1 208 87 view .LVU58
 273 001a 9FED237A 		vldr.32	s14, .L17+8
 274 001e 67EE877A 		vmul.f32	s15, s15, s14
 275              		.loc 1 208 26 view .LVU59
 276 0022 2249     		ldr	r1, .L17+12
 277 0024 C1ED007A 		vstr.32	s15, [r1]
 209:Core/Src/main.c ****     delta_distance[0][1] = ((int)(mp_timestamp[2] - mp_timestamp[3]) * TIME_TICK_RATE * SOUND_SPEED
 278              		.loc 1 209 5 is_stmt 1 view .LVU60
 279              		.loc 1 209 47 is_stmt 0 view .LVU61
 280 0028 8468     		ldr	r4, [r0, #8]
 281              		.loc 1 209 65 view .LVU62
 282 002a C068     		ldr	r0, [r0, #12]
 283              		.loc 1 209 29 view .LVU63
 284 002c 251A     		subs	r5, r4, r0
 285 002e 07EE905A 		vmov	s15, r5	@ int
 286              		.loc 1 209 70 view .LVU64
 287 0032 F8EEE77A 		vcvt.f32.s32	s15, s15
 288 0036 67EEA67A 		vmul.f32	s15, s15, s13
 289              		.loc 1 209 87 view .LVU65
 290 003a 67EE877A 		vmul.f32	s15, s15, s14
 291              		.loc 1 209 26 view .LVU66
 292 003e C1ED017A 		vstr.32	s15, [r1, #4]
 210:Core/Src/main.c **** 
 211:Core/Src/main.c ****     delta_distance[1][0] = ((int)(mp_timestamp[0] - mp_timestamp[2]) * TIME_TICK_RATE * SOUND_SPEED
 293              		.loc 1 211 5 is_stmt 1 view .LVU67
 294              		.loc 1 211 29 is_stmt 0 view .LVU68
 295 0042 151B     		subs	r5, r2, r4
 296 0044 07EE905A 		vmov	s15, r5	@ int
 297              		.loc 1 211 70 view .LVU69
 298 0048 F8EEE77A 		vcvt.f32.s32	s15, s15
 299 004c 67EEA67A 		vmul.f32	s15, s15, s13
 300              		.loc 1 211 87 view .LVU70
 301 0050 67EE877A 		vmul.f32	s15, s15, s14
 302              		.loc 1 211 26 view .LVU71
 303 0054 C1ED027A 		vstr.32	s15, [r1, #8]
 212:Core/Src/main.c ****     delta_distance[1][1] = ((int)(mp_timestamp[1] - mp_timestamp[3]) * TIME_TICK_RATE * SOUND_SPEED
 304              		.loc 1 212 5 is_stmt 1 view .LVU72
 305              		.loc 1 212 29 is_stmt 0 view .LVU73
 306 0058 1D1A     		subs	r5, r3, r0
 307 005a 07EE905A 		vmov	s15, r5	@ int
 308              		.loc 1 212 70 view .LVU74
 309 005e F8EEE77A 		vcvt.f32.s32	s15, s15
 310 0062 67EEA67A 		vmul.f32	s15, s15, s13
 311              		.loc 1 212 87 view .LVU75
ARM GAS  /tmp/ccLnxQao.s 			page 10


 312 0066 67EE877A 		vmul.f32	s15, s15, s14
 313              		.loc 1 212 26 view .LVU76
 314 006a C1ED037A 		vstr.32	s15, [r1, #12]
 213:Core/Src/main.c **** 
 214:Core/Src/main.c ****     delta_distance[2][0] = ((int)(mp_timestamp[0] - mp_timestamp[3]) * TIME_TICK_RATE * SOUND_SPEED
 315              		.loc 1 214 5 is_stmt 1 view .LVU77
 316              		.loc 1 214 29 is_stmt 0 view .LVU78
 317 006e 121A     		subs	r2, r2, r0
 318 0070 07EE902A 		vmov	s15, r2	@ int
 319              		.loc 1 214 70 view .LVU79
 320 0074 F8EEE77A 		vcvt.f32.s32	s15, s15
 321 0078 67EEA67A 		vmul.f32	s15, s15, s13
 322              		.loc 1 214 87 view .LVU80
 323 007c 67EE877A 		vmul.f32	s15, s15, s14
 324              		.loc 1 214 26 view .LVU81
 325 0080 C1ED047A 		vstr.32	s15, [r1, #16]
 215:Core/Src/main.c ****     delta_distance[2][1] = ((int)(mp_timestamp[1] - mp_timestamp[2]) * TIME_TICK_RATE * SOUND_SPEED
 326              		.loc 1 215 5 is_stmt 1 view .LVU82
 327              		.loc 1 215 29 is_stmt 0 view .LVU83
 328 0084 1B1B     		subs	r3, r3, r4
 329 0086 07EE903A 		vmov	s15, r3	@ int
 330              		.loc 1 215 70 view .LVU84
 331 008a F8EEE77A 		vcvt.f32.s32	s15, s15
 332 008e 67EEA67A 		vmul.f32	s15, s15, s13
 333              		.loc 1 215 87 view .LVU85
 334 0092 67EE877A 		vmul.f32	s15, s15, s14
 335              		.loc 1 215 26 view .LVU86
 336 0096 C1ED057A 		vstr.32	s15, [r1, #20]
 216:Core/Src/main.c **** }
 337              		.loc 1 216 1 view .LVU87
 338 009a 30BC     		pop	{r4, r5}
 339              	.LCFI2:
 340              		.cfi_restore 5
 341              		.cfi_restore 4
 342              		.cfi_def_cfa_offset 0
 343 009c 7047     		bx	lr
 344              	.L18:
 345 009e 00BF     		.align	2
 346              	.L17:
 347 00a0 00000000 		.word	mp_timestamp
 348 00a4 30A6BB36 		.word	918267440
 349 00a8 0000AD43 		.word	1135411200
 350 00ac 00000000 		.word	delta_distance
 351              		.cfi_endproc
 352              	.LFE140:
 354              		.section	.text.calculate_chans_distance,"ax",%progbits
 355              		.align	1
 356              		.global	calculate_chans_distance
 357              		.syntax unified
 358              		.thumb
 359              		.thumb_func
 361              	calculate_chans_distance:
 362              	.LFB141:
 217:Core/Src/main.c **** 
 218:Core/Src/main.c **** void calculate_chans_distance()
 219:Core/Src/main.c **** {
 363              		.loc 1 219 1 is_stmt 1 view -0
ARM GAS  /tmp/ccLnxQao.s 			page 11


 364              		.cfi_startproc
 365              		@ args = 0, pretend = 0, frame = 0
 366              		@ frame_needed = 0, uses_anonymous_args = 0
 367              		@ link register save eliminated.
 220:Core/Src/main.c ****     chans_distance[0][0] = abs((mp_timestamp[0] - mp_timestamp[1]) * TIME_TICK_RATE * SOUND_SPEED);
 368              		.loc 1 220 5 view .LVU89
 369              		.loc 1 220 45 is_stmt 0 view .LVU90
 370 0000 1A49     		ldr	r1, .L20
 371 0002 0B68     		ldr	r3, [r1]
 372              		.loc 1 220 63 view .LVU91
 373 0004 4A68     		ldr	r2, [r1, #4]
 374              		.loc 1 220 49 view .LVU92
 375 0006 9A1A     		subs	r2, r3, r2
 376 0008 07EE902A 		vmov	s15, r2	@ int
 377              		.loc 1 220 68 view .LVU93
 378 000c F8EEE77A 		vcvt.f32.s32	s15, s15
 379 0010 DFED176A 		vldr.32	s13, .L20+4
 380 0014 67EEA67A 		vmul.f32	s15, s15, s13
 381              		.loc 1 220 85 view .LVU94
 382 0018 9FED167A 		vldr.32	s14, .L20+8
 383 001c 67EE877A 		vmul.f32	s15, s15, s14
 384              		.loc 1 220 28 view .LVU95
 385 0020 FDEEE77A 		vcvt.s32.f32	s15, s15
 386 0024 17EE902A 		vmov	r2, s15	@ int
 387 0028 002A     		cmp	r2, #0
 388 002a B8BF     		it	lt
 389 002c 5242     		rsblt	r2, r2, #0
 390 002e 07EE902A 		vmov	s15, r2	@ int
 391              		.loc 1 220 26 view .LVU96
 392 0032 114A     		ldr	r2, .L20+12
 393 0034 F8EEE77A 		vcvt.f32.s32	s15, s15
 394 0038 C2ED007A 		vstr.32	s15, [r2]
 221:Core/Src/main.c ****     chans_distance[0][1] = abs((mp_timestamp[0] - mp_timestamp[2]) * TIME_TICK_RATE * SOUND_SPEED);
 395              		.loc 1 221 5 is_stmt 1 view .LVU97
 396              		.loc 1 221 63 is_stmt 0 view .LVU98
 397 003c 8968     		ldr	r1, [r1, #8]
 398              		.loc 1 221 49 view .LVU99
 399 003e 5B1A     		subs	r3, r3, r1
 400 0040 07EE903A 		vmov	s15, r3	@ int
 401              		.loc 1 221 68 view .LVU100
 402 0044 F8EEE77A 		vcvt.f32.s32	s15, s15
 403 0048 67EEA67A 		vmul.f32	s15, s15, s13
 404              		.loc 1 221 85 view .LVU101
 405 004c 67EE877A 		vmul.f32	s15, s15, s14
 406              		.loc 1 221 28 view .LVU102
 407 0050 FDEEE77A 		vcvt.s32.f32	s15, s15
 408 0054 17EE903A 		vmov	r3, s15	@ int
 409 0058 002B     		cmp	r3, #0
 410 005a B8BF     		it	lt
 411 005c 5B42     		rsblt	r3, r3, #0
 412 005e 07EE903A 		vmov	s15, r3	@ int
 413              		.loc 1 221 26 view .LVU103
 414 0062 F8EEE77A 		vcvt.f32.s32	s15, s15
 415 0066 C2ED017A 		vstr.32	s15, [r2, #4]
 222:Core/Src/main.c **** }
 416              		.loc 1 222 1 view .LVU104
 417 006a 7047     		bx	lr
ARM GAS  /tmp/ccLnxQao.s 			page 12


 418              	.L21:
 419              		.align	2
 420              	.L20:
 421 006c 00000000 		.word	mp_timestamp
 422 0070 30A6BB36 		.word	918267440
 423 0074 0000AD43 		.word	1135411200
 424 0078 00000000 		.word	chans_distance
 425              		.cfi_endproc
 426              	.LFE141:
 428              		.section	.text.calculate_sound_source,"ax",%progbits
 429              		.align	1
 430              		.global	calculate_sound_source
 431              		.syntax unified
 432              		.thumb
 433              		.thumb_func
 435              	calculate_sound_source:
 436              	.LFB142:
 223:Core/Src/main.c **** void calculate_sound_source()
 224:Core/Src/main.c **** {
 437              		.loc 1 224 1 is_stmt 1 view -0
 438              		.cfi_startproc
 439              		@ args = 0, pretend = 0, frame = 0
 440              		@ frame_needed = 0, uses_anonymous_args = 0
 441              		@ link register save eliminated.
 225:Core/Src/main.c **** }
 442              		.loc 1 225 1 view .LVU106
 443 0000 7047     		bx	lr
 444              		.cfi_endproc
 445              	.LFE142:
 447              		.section	.text.arg_prase,"ax",%progbits
 448              		.align	1
 449              		.global	arg_prase
 450              		.syntax unified
 451              		.thumb
 452              		.thumb_func
 454              	arg_prase:
 455              	.LVL13:
 456              	.LFB143:
 226:Core/Src/main.c **** 
 227:Core/Src/main.c **** void arg_prase(int argc, char **argv)
 228:Core/Src/main.c **** {
 457              		.loc 1 228 1 view -0
 458              		.cfi_startproc
 459              		@ args = 0, pretend = 0, frame = 0
 460              		@ frame_needed = 0, uses_anonymous_args = 0
 461              		@ link register save eliminated.
 229:Core/Src/main.c **** }
 462              		.loc 1 229 1 view .LVU108
 463 0000 7047     		bx	lr
 464              		.cfi_endproc
 465              	.LFE143:
 467              		.section	.text.Error_Handler,"ax",%progbits
 468              		.align	1
 469              		.global	Error_Handler
 470              		.syntax unified
 471              		.thumb
 472              		.thumb_func
ARM GAS  /tmp/ccLnxQao.s 			page 13


 474              	Error_Handler:
 475              	.LFB144:
 230:Core/Src/main.c **** /* USER CODE END 4 */
 231:Core/Src/main.c **** 
 232:Core/Src/main.c **** /**
 233:Core/Src/main.c ****   * @brief  This function is executed in case of error occurrence.
 234:Core/Src/main.c ****   * @retval None
 235:Core/Src/main.c ****   */
 236:Core/Src/main.c **** void Error_Handler(void)
 237:Core/Src/main.c **** {
 476              		.loc 1 237 1 view -0
 477              		.cfi_startproc
 478              		@ Volatile: function does not return.
 479              		@ args = 0, pretend = 0, frame = 0
 480              		@ frame_needed = 0, uses_anonymous_args = 0
 481              		@ link register save eliminated.
 238:Core/Src/main.c ****   /* USER CODE BEGIN Error_Handler_Debug */
 239:Core/Src/main.c ****     /* User can add his own implementation to report the HAL error return state */
 240:Core/Src/main.c ****     __disable_irq();
 482              		.loc 1 240 5 view .LVU110
 483              	.LBB4:
 484              	.LBI4:
 485              		.file 2 "Drivers/CMSIS/Include/cmsis_gcc.h"
   1:Drivers/CMSIS/Include/cmsis_gcc.h **** /**************************************************************************//**
   2:Drivers/CMSIS/Include/cmsis_gcc.h ****  * @file     cmsis_gcc.h
   3:Drivers/CMSIS/Include/cmsis_gcc.h ****  * @brief    CMSIS compiler GCC header file
   4:Drivers/CMSIS/Include/cmsis_gcc.h ****  * @version  V5.0.4
   5:Drivers/CMSIS/Include/cmsis_gcc.h ****  * @date     09. April 2018
   6:Drivers/CMSIS/Include/cmsis_gcc.h ****  ******************************************************************************/
   7:Drivers/CMSIS/Include/cmsis_gcc.h **** /*
   8:Drivers/CMSIS/Include/cmsis_gcc.h ****  * Copyright (c) 2009-2018 Arm Limited. All rights reserved.
   9:Drivers/CMSIS/Include/cmsis_gcc.h ****  *
  10:Drivers/CMSIS/Include/cmsis_gcc.h ****  * SPDX-License-Identifier: Apache-2.0
  11:Drivers/CMSIS/Include/cmsis_gcc.h ****  *
  12:Drivers/CMSIS/Include/cmsis_gcc.h ****  * Licensed under the Apache License, Version 2.0 (the License); you may
  13:Drivers/CMSIS/Include/cmsis_gcc.h ****  * not use this file except in compliance with the License.
  14:Drivers/CMSIS/Include/cmsis_gcc.h ****  * You may obtain a copy of the License at
  15:Drivers/CMSIS/Include/cmsis_gcc.h ****  *
  16:Drivers/CMSIS/Include/cmsis_gcc.h ****  * www.apache.org/licenses/LICENSE-2.0
  17:Drivers/CMSIS/Include/cmsis_gcc.h ****  *
  18:Drivers/CMSIS/Include/cmsis_gcc.h ****  * Unless required by applicable law or agreed to in writing, software
  19:Drivers/CMSIS/Include/cmsis_gcc.h ****  * distributed under the License is distributed on an AS IS BASIS, WITHOUT
  20:Drivers/CMSIS/Include/cmsis_gcc.h ****  * WARRANTIES OR CONDITIONS OF ANY KIND, either express or implied.
  21:Drivers/CMSIS/Include/cmsis_gcc.h ****  * See the License for the specific language governing permissions and
  22:Drivers/CMSIS/Include/cmsis_gcc.h ****  * limitations under the License.
  23:Drivers/CMSIS/Include/cmsis_gcc.h ****  */
  24:Drivers/CMSIS/Include/cmsis_gcc.h **** 
  25:Drivers/CMSIS/Include/cmsis_gcc.h **** #ifndef __CMSIS_GCC_H
  26:Drivers/CMSIS/Include/cmsis_gcc.h **** #define __CMSIS_GCC_H
  27:Drivers/CMSIS/Include/cmsis_gcc.h **** 
  28:Drivers/CMSIS/Include/cmsis_gcc.h **** /* ignore some GCC warnings */
  29:Drivers/CMSIS/Include/cmsis_gcc.h **** #pragma GCC diagnostic push
  30:Drivers/CMSIS/Include/cmsis_gcc.h **** #pragma GCC diagnostic ignored "-Wsign-conversion"
  31:Drivers/CMSIS/Include/cmsis_gcc.h **** #pragma GCC diagnostic ignored "-Wconversion"
  32:Drivers/CMSIS/Include/cmsis_gcc.h **** #pragma GCC diagnostic ignored "-Wunused-parameter"
  33:Drivers/CMSIS/Include/cmsis_gcc.h **** 
  34:Drivers/CMSIS/Include/cmsis_gcc.h **** /* Fallback for __has_builtin */
ARM GAS  /tmp/ccLnxQao.s 			page 14


  35:Drivers/CMSIS/Include/cmsis_gcc.h **** #ifndef __has_builtin
  36:Drivers/CMSIS/Include/cmsis_gcc.h ****   #define __has_builtin(x) (0)
  37:Drivers/CMSIS/Include/cmsis_gcc.h **** #endif
  38:Drivers/CMSIS/Include/cmsis_gcc.h **** 
  39:Drivers/CMSIS/Include/cmsis_gcc.h **** /* CMSIS compiler specific defines */
  40:Drivers/CMSIS/Include/cmsis_gcc.h **** #ifndef   __ASM
  41:Drivers/CMSIS/Include/cmsis_gcc.h ****   #define __ASM                                  __asm
  42:Drivers/CMSIS/Include/cmsis_gcc.h **** #endif
  43:Drivers/CMSIS/Include/cmsis_gcc.h **** #ifndef   __INLINE
  44:Drivers/CMSIS/Include/cmsis_gcc.h ****   #define __INLINE                               inline
  45:Drivers/CMSIS/Include/cmsis_gcc.h **** #endif
  46:Drivers/CMSIS/Include/cmsis_gcc.h **** #ifndef   __STATIC_INLINE
  47:Drivers/CMSIS/Include/cmsis_gcc.h ****   #define __STATIC_INLINE                        static inline
  48:Drivers/CMSIS/Include/cmsis_gcc.h **** #endif
  49:Drivers/CMSIS/Include/cmsis_gcc.h **** #ifndef   __STATIC_FORCEINLINE                 
  50:Drivers/CMSIS/Include/cmsis_gcc.h ****   #define __STATIC_FORCEINLINE                   __attribute__((always_inline)) static inline
  51:Drivers/CMSIS/Include/cmsis_gcc.h **** #endif                                           
  52:Drivers/CMSIS/Include/cmsis_gcc.h **** #ifndef   __NO_RETURN
  53:Drivers/CMSIS/Include/cmsis_gcc.h ****   #define __NO_RETURN                            __attribute__((__noreturn__))
  54:Drivers/CMSIS/Include/cmsis_gcc.h **** #endif
  55:Drivers/CMSIS/Include/cmsis_gcc.h **** #ifndef   __USED
  56:Drivers/CMSIS/Include/cmsis_gcc.h ****   #define __USED                                 __attribute__((used))
  57:Drivers/CMSIS/Include/cmsis_gcc.h **** #endif
  58:Drivers/CMSIS/Include/cmsis_gcc.h **** #ifndef   __WEAK
  59:Drivers/CMSIS/Include/cmsis_gcc.h ****   #define __WEAK                                 __attribute__((weak))
  60:Drivers/CMSIS/Include/cmsis_gcc.h **** #endif
  61:Drivers/CMSIS/Include/cmsis_gcc.h **** #ifndef   __PACKED
  62:Drivers/CMSIS/Include/cmsis_gcc.h ****   #define __PACKED                               __attribute__((packed, aligned(1)))
  63:Drivers/CMSIS/Include/cmsis_gcc.h **** #endif
  64:Drivers/CMSIS/Include/cmsis_gcc.h **** #ifndef   __PACKED_STRUCT
  65:Drivers/CMSIS/Include/cmsis_gcc.h ****   #define __PACKED_STRUCT                        struct __attribute__((packed, aligned(1)))
  66:Drivers/CMSIS/Include/cmsis_gcc.h **** #endif
  67:Drivers/CMSIS/Include/cmsis_gcc.h **** #ifndef   __PACKED_UNION
  68:Drivers/CMSIS/Include/cmsis_gcc.h ****   #define __PACKED_UNION                         union __attribute__((packed, aligned(1)))
  69:Drivers/CMSIS/Include/cmsis_gcc.h **** #endif
  70:Drivers/CMSIS/Include/cmsis_gcc.h **** #ifndef   __UNALIGNED_UINT32        /* deprecated */
  71:Drivers/CMSIS/Include/cmsis_gcc.h ****   #pragma GCC diagnostic push
  72:Drivers/CMSIS/Include/cmsis_gcc.h ****   #pragma GCC diagnostic ignored "-Wpacked"
  73:Drivers/CMSIS/Include/cmsis_gcc.h ****   #pragma GCC diagnostic ignored "-Wattributes"
  74:Drivers/CMSIS/Include/cmsis_gcc.h ****   struct __attribute__((packed)) T_UINT32 { uint32_t v; };
  75:Drivers/CMSIS/Include/cmsis_gcc.h ****   #pragma GCC diagnostic pop
  76:Drivers/CMSIS/Include/cmsis_gcc.h ****   #define __UNALIGNED_UINT32(x)                  (((struct T_UINT32 *)(x))->v)
  77:Drivers/CMSIS/Include/cmsis_gcc.h **** #endif
  78:Drivers/CMSIS/Include/cmsis_gcc.h **** #ifndef   __UNALIGNED_UINT16_WRITE
  79:Drivers/CMSIS/Include/cmsis_gcc.h ****   #pragma GCC diagnostic push
  80:Drivers/CMSIS/Include/cmsis_gcc.h ****   #pragma GCC diagnostic ignored "-Wpacked"
  81:Drivers/CMSIS/Include/cmsis_gcc.h ****   #pragma GCC diagnostic ignored "-Wattributes"
  82:Drivers/CMSIS/Include/cmsis_gcc.h ****   __PACKED_STRUCT T_UINT16_WRITE { uint16_t v; };
  83:Drivers/CMSIS/Include/cmsis_gcc.h ****   #pragma GCC diagnostic pop
  84:Drivers/CMSIS/Include/cmsis_gcc.h ****   #define __UNALIGNED_UINT16_WRITE(addr, val)    (void)((((struct T_UINT16_WRITE *)(void *)(addr))-
  85:Drivers/CMSIS/Include/cmsis_gcc.h **** #endif
  86:Drivers/CMSIS/Include/cmsis_gcc.h **** #ifndef   __UNALIGNED_UINT16_READ
  87:Drivers/CMSIS/Include/cmsis_gcc.h ****   #pragma GCC diagnostic push
  88:Drivers/CMSIS/Include/cmsis_gcc.h ****   #pragma GCC diagnostic ignored "-Wpacked"
  89:Drivers/CMSIS/Include/cmsis_gcc.h ****   #pragma GCC diagnostic ignored "-Wattributes"
  90:Drivers/CMSIS/Include/cmsis_gcc.h ****   __PACKED_STRUCT T_UINT16_READ { uint16_t v; };
  91:Drivers/CMSIS/Include/cmsis_gcc.h ****   #pragma GCC diagnostic pop
ARM GAS  /tmp/ccLnxQao.s 			page 15


  92:Drivers/CMSIS/Include/cmsis_gcc.h ****   #define __UNALIGNED_UINT16_READ(addr)          (((const struct T_UINT16_READ *)(const void *)(add
  93:Drivers/CMSIS/Include/cmsis_gcc.h **** #endif
  94:Drivers/CMSIS/Include/cmsis_gcc.h **** #ifndef   __UNALIGNED_UINT32_WRITE
  95:Drivers/CMSIS/Include/cmsis_gcc.h ****   #pragma GCC diagnostic push
  96:Drivers/CMSIS/Include/cmsis_gcc.h ****   #pragma GCC diagnostic ignored "-Wpacked"
  97:Drivers/CMSIS/Include/cmsis_gcc.h ****   #pragma GCC diagnostic ignored "-Wattributes"
  98:Drivers/CMSIS/Include/cmsis_gcc.h ****   __PACKED_STRUCT T_UINT32_WRITE { uint32_t v; };
  99:Drivers/CMSIS/Include/cmsis_gcc.h ****   #pragma GCC diagnostic pop
 100:Drivers/CMSIS/Include/cmsis_gcc.h ****   #define __UNALIGNED_UINT32_WRITE(addr, val)    (void)((((struct T_UINT32_WRITE *)(void *)(addr))-
 101:Drivers/CMSIS/Include/cmsis_gcc.h **** #endif
 102:Drivers/CMSIS/Include/cmsis_gcc.h **** #ifndef   __UNALIGNED_UINT32_READ
 103:Drivers/CMSIS/Include/cmsis_gcc.h ****   #pragma GCC diagnostic push
 104:Drivers/CMSIS/Include/cmsis_gcc.h ****   #pragma GCC diagnostic ignored "-Wpacked"
 105:Drivers/CMSIS/Include/cmsis_gcc.h ****   #pragma GCC diagnostic ignored "-Wattributes"
 106:Drivers/CMSIS/Include/cmsis_gcc.h ****   __PACKED_STRUCT T_UINT32_READ { uint32_t v; };
 107:Drivers/CMSIS/Include/cmsis_gcc.h ****   #pragma GCC diagnostic pop
 108:Drivers/CMSIS/Include/cmsis_gcc.h ****   #define __UNALIGNED_UINT32_READ(addr)          (((const struct T_UINT32_READ *)(const void *)(add
 109:Drivers/CMSIS/Include/cmsis_gcc.h **** #endif
 110:Drivers/CMSIS/Include/cmsis_gcc.h **** #ifndef   __ALIGNED
 111:Drivers/CMSIS/Include/cmsis_gcc.h ****   #define __ALIGNED(x)                           __attribute__((aligned(x)))
 112:Drivers/CMSIS/Include/cmsis_gcc.h **** #endif
 113:Drivers/CMSIS/Include/cmsis_gcc.h **** #ifndef   __RESTRICT
 114:Drivers/CMSIS/Include/cmsis_gcc.h ****   #define __RESTRICT                             __restrict
 115:Drivers/CMSIS/Include/cmsis_gcc.h **** #endif
 116:Drivers/CMSIS/Include/cmsis_gcc.h **** 
 117:Drivers/CMSIS/Include/cmsis_gcc.h **** 
 118:Drivers/CMSIS/Include/cmsis_gcc.h **** /* ###########################  Core Function Access  ########################### */
 119:Drivers/CMSIS/Include/cmsis_gcc.h **** /** \ingroup  CMSIS_Core_FunctionInterface
 120:Drivers/CMSIS/Include/cmsis_gcc.h ****     \defgroup CMSIS_Core_RegAccFunctions CMSIS Core Register Access Functions
 121:Drivers/CMSIS/Include/cmsis_gcc.h ****   @{
 122:Drivers/CMSIS/Include/cmsis_gcc.h ****  */
 123:Drivers/CMSIS/Include/cmsis_gcc.h **** 
 124:Drivers/CMSIS/Include/cmsis_gcc.h **** /**
 125:Drivers/CMSIS/Include/cmsis_gcc.h ****   \brief   Enable IRQ Interrupts
 126:Drivers/CMSIS/Include/cmsis_gcc.h ****   \details Enables IRQ interrupts by clearing the I-bit in the CPSR.
 127:Drivers/CMSIS/Include/cmsis_gcc.h ****            Can only be executed in Privileged modes.
 128:Drivers/CMSIS/Include/cmsis_gcc.h ****  */
 129:Drivers/CMSIS/Include/cmsis_gcc.h **** __STATIC_FORCEINLINE void __enable_irq(void)
 130:Drivers/CMSIS/Include/cmsis_gcc.h **** {
 131:Drivers/CMSIS/Include/cmsis_gcc.h ****   __ASM volatile ("cpsie i" : : : "memory");
 132:Drivers/CMSIS/Include/cmsis_gcc.h **** }
 133:Drivers/CMSIS/Include/cmsis_gcc.h **** 
 134:Drivers/CMSIS/Include/cmsis_gcc.h **** 
 135:Drivers/CMSIS/Include/cmsis_gcc.h **** /**
 136:Drivers/CMSIS/Include/cmsis_gcc.h ****   \brief   Disable IRQ Interrupts
 137:Drivers/CMSIS/Include/cmsis_gcc.h ****   \details Disables IRQ interrupts by setting the I-bit in the CPSR.
 138:Drivers/CMSIS/Include/cmsis_gcc.h ****            Can only be executed in Privileged modes.
 139:Drivers/CMSIS/Include/cmsis_gcc.h ****  */
 140:Drivers/CMSIS/Include/cmsis_gcc.h **** __STATIC_FORCEINLINE void __disable_irq(void)
 486              		.loc 2 140 27 view .LVU111
 487              	.LBB5:
 141:Drivers/CMSIS/Include/cmsis_gcc.h **** {
 142:Drivers/CMSIS/Include/cmsis_gcc.h ****   __ASM volatile ("cpsid i" : : : "memory");
 488              		.loc 2 142 3 view .LVU112
 489              		.syntax unified
 490              	@ 142 "Drivers/CMSIS/Include/cmsis_gcc.h" 1
 491 0000 72B6     		cpsid i
ARM GAS  /tmp/ccLnxQao.s 			page 16


 492              	@ 0 "" 2
 493              		.thumb
 494              		.syntax unified
 495              	.L25:
 496              	.LBE5:
 497              	.LBE4:
 241:Core/Src/main.c ****     while (1)
 498              		.loc 1 241 5 discriminator 1 view .LVU113
 242:Core/Src/main.c ****     {
 243:Core/Src/main.c ****     }
 499              		.loc 1 243 5 discriminator 1 view .LVU114
 241:Core/Src/main.c ****     while (1)
 500              		.loc 1 241 11 discriminator 1 view .LVU115
 501 0002 FEE7     		b	.L25
 502              		.cfi_endproc
 503              	.LFE144:
 505              		.section	.text.SystemClock_Config,"ax",%progbits
 506              		.align	1
 507              		.global	SystemClock_Config
 508              		.syntax unified
 509              		.thumb
 510              		.thumb_func
 512              	SystemClock_Config:
 513              	.LFB137:
 145:Core/Src/main.c ****   RCC_OscInitTypeDef RCC_OscInitStruct = {0};
 514              		.loc 1 145 1 view -0
 515              		.cfi_startproc
 516              		@ args = 0, pretend = 0, frame = 80
 517              		@ frame_needed = 0, uses_anonymous_args = 0
 518 0000 00B5     		push	{lr}
 519              	.LCFI3:
 520              		.cfi_def_cfa_offset 4
 521              		.cfi_offset 14, -4
 522 0002 95B0     		sub	sp, sp, #84
 523              	.LCFI4:
 524              		.cfi_def_cfa_offset 88
 146:Core/Src/main.c ****   RCC_ClkInitTypeDef RCC_ClkInitStruct = {0};
 525              		.loc 1 146 3 view .LVU117
 146:Core/Src/main.c ****   RCC_ClkInitTypeDef RCC_ClkInitStruct = {0};
 526              		.loc 1 146 22 is_stmt 0 view .LVU118
 527 0004 3022     		movs	r2, #48
 528 0006 0021     		movs	r1, #0
 529 0008 08A8     		add	r0, sp, #32
 530 000a FFF7FEFF 		bl	memset
 531              	.LVL14:
 147:Core/Src/main.c **** 
 532              		.loc 1 147 3 is_stmt 1 view .LVU119
 147:Core/Src/main.c **** 
 533              		.loc 1 147 22 is_stmt 0 view .LVU120
 534 000e 0023     		movs	r3, #0
 535 0010 0393     		str	r3, [sp, #12]
 536 0012 0493     		str	r3, [sp, #16]
 537 0014 0593     		str	r3, [sp, #20]
 538 0016 0693     		str	r3, [sp, #24]
 539 0018 0793     		str	r3, [sp, #28]
 151:Core/Src/main.c ****   __HAL_PWR_VOLTAGESCALING_CONFIG(PWR_REGULATOR_VOLTAGE_SCALE1);
 540              		.loc 1 151 3 is_stmt 1 view .LVU121
ARM GAS  /tmp/ccLnxQao.s 			page 17


 541              	.LBB6:
 151:Core/Src/main.c ****   __HAL_PWR_VOLTAGESCALING_CONFIG(PWR_REGULATOR_VOLTAGE_SCALE1);
 542              		.loc 1 151 3 view .LVU122
 543 001a 0193     		str	r3, [sp, #4]
 151:Core/Src/main.c ****   __HAL_PWR_VOLTAGESCALING_CONFIG(PWR_REGULATOR_VOLTAGE_SCALE1);
 544              		.loc 1 151 3 view .LVU123
 545 001c 204A     		ldr	r2, .L32
 546 001e 116C     		ldr	r1, [r2, #64]
 547 0020 41F08051 		orr	r1, r1, #268435456
 548 0024 1164     		str	r1, [r2, #64]
 151:Core/Src/main.c ****   __HAL_PWR_VOLTAGESCALING_CONFIG(PWR_REGULATOR_VOLTAGE_SCALE1);
 549              		.loc 1 151 3 view .LVU124
 550 0026 126C     		ldr	r2, [r2, #64]
 551 0028 02F08052 		and	r2, r2, #268435456
 552 002c 0192     		str	r2, [sp, #4]
 151:Core/Src/main.c ****   __HAL_PWR_VOLTAGESCALING_CONFIG(PWR_REGULATOR_VOLTAGE_SCALE1);
 553              		.loc 1 151 3 view .LVU125
 554 002e 019A     		ldr	r2, [sp, #4]
 555              	.LBE6:
 151:Core/Src/main.c ****   __HAL_PWR_VOLTAGESCALING_CONFIG(PWR_REGULATOR_VOLTAGE_SCALE1);
 556              		.loc 1 151 3 view .LVU126
 152:Core/Src/main.c ****   /** Initializes the RCC Oscillators according to the specified parameters
 557              		.loc 1 152 3 view .LVU127
 558              	.LBB7:
 152:Core/Src/main.c ****   /** Initializes the RCC Oscillators according to the specified parameters
 559              		.loc 1 152 3 view .LVU128
 560 0030 0293     		str	r3, [sp, #8]
 152:Core/Src/main.c ****   /** Initializes the RCC Oscillators according to the specified parameters
 561              		.loc 1 152 3 view .LVU129
 562 0032 1C4B     		ldr	r3, .L32+4
 563 0034 1A68     		ldr	r2, [r3]
 564 0036 42F48042 		orr	r2, r2, #16384
 565 003a 1A60     		str	r2, [r3]
 152:Core/Src/main.c ****   /** Initializes the RCC Oscillators according to the specified parameters
 566              		.loc 1 152 3 view .LVU130
 567 003c 1B68     		ldr	r3, [r3]
 568 003e 03F48043 		and	r3, r3, #16384
 569 0042 0293     		str	r3, [sp, #8]
 152:Core/Src/main.c ****   /** Initializes the RCC Oscillators according to the specified parameters
 570              		.loc 1 152 3 view .LVU131
 571 0044 029B     		ldr	r3, [sp, #8]
 572              	.LBE7:
 152:Core/Src/main.c ****   /** Initializes the RCC Oscillators according to the specified parameters
 573              		.loc 1 152 3 view .LVU132
 156:Core/Src/main.c ****   RCC_OscInitStruct.HSEState = RCC_HSE_ON;
 574              		.loc 1 156 3 view .LVU133
 156:Core/Src/main.c ****   RCC_OscInitStruct.HSEState = RCC_HSE_ON;
 575              		.loc 1 156 36 is_stmt 0 view .LVU134
 576 0046 0123     		movs	r3, #1
 577 0048 0893     		str	r3, [sp, #32]
 157:Core/Src/main.c ****   RCC_OscInitStruct.PLL.PLLState = RCC_PLL_ON;
 578              		.loc 1 157 3 is_stmt 1 view .LVU135
 157:Core/Src/main.c ****   RCC_OscInitStruct.PLL.PLLState = RCC_PLL_ON;
 579              		.loc 1 157 30 is_stmt 0 view .LVU136
 580 004a 4FF48033 		mov	r3, #65536
 581 004e 0993     		str	r3, [sp, #36]
 158:Core/Src/main.c ****   RCC_OscInitStruct.PLL.PLLSource = RCC_PLLSOURCE_HSE;
ARM GAS  /tmp/ccLnxQao.s 			page 18


 582              		.loc 1 158 3 is_stmt 1 view .LVU137
 158:Core/Src/main.c ****   RCC_OscInitStruct.PLL.PLLSource = RCC_PLLSOURCE_HSE;
 583              		.loc 1 158 34 is_stmt 0 view .LVU138
 584 0050 0222     		movs	r2, #2
 585 0052 0E92     		str	r2, [sp, #56]
 159:Core/Src/main.c ****   RCC_OscInitStruct.PLL.PLLM = 4;
 586              		.loc 1 159 3 is_stmt 1 view .LVU139
 159:Core/Src/main.c ****   RCC_OscInitStruct.PLL.PLLM = 4;
 587              		.loc 1 159 35 is_stmt 0 view .LVU140
 588 0054 4FF48003 		mov	r3, #4194304
 589 0058 0F93     		str	r3, [sp, #60]
 160:Core/Src/main.c ****   RCC_OscInitStruct.PLL.PLLN = 168;
 590              		.loc 1 160 3 is_stmt 1 view .LVU141
 160:Core/Src/main.c ****   RCC_OscInitStruct.PLL.PLLN = 168;
 591              		.loc 1 160 30 is_stmt 0 view .LVU142
 592 005a 0423     		movs	r3, #4
 593 005c 1093     		str	r3, [sp, #64]
 161:Core/Src/main.c ****   RCC_OscInitStruct.PLL.PLLP = RCC_PLLP_DIV2;
 594              		.loc 1 161 3 is_stmt 1 view .LVU143
 161:Core/Src/main.c ****   RCC_OscInitStruct.PLL.PLLP = RCC_PLLP_DIV2;
 595              		.loc 1 161 30 is_stmt 0 view .LVU144
 596 005e A821     		movs	r1, #168
 597 0060 1191     		str	r1, [sp, #68]
 162:Core/Src/main.c ****   RCC_OscInitStruct.PLL.PLLQ = 4;
 598              		.loc 1 162 3 is_stmt 1 view .LVU145
 162:Core/Src/main.c ****   RCC_OscInitStruct.PLL.PLLQ = 4;
 599              		.loc 1 162 30 is_stmt 0 view .LVU146
 600 0062 1292     		str	r2, [sp, #72]
 163:Core/Src/main.c ****   if (HAL_RCC_OscConfig(&RCC_OscInitStruct) != HAL_OK)
 601              		.loc 1 163 3 is_stmt 1 view .LVU147
 163:Core/Src/main.c ****   if (HAL_RCC_OscConfig(&RCC_OscInitStruct) != HAL_OK)
 602              		.loc 1 163 30 is_stmt 0 view .LVU148
 603 0064 1393     		str	r3, [sp, #76]
 164:Core/Src/main.c ****   {
 604              		.loc 1 164 3 is_stmt 1 view .LVU149
 164:Core/Src/main.c ****   {
 605              		.loc 1 164 7 is_stmt 0 view .LVU150
 606 0066 08A8     		add	r0, sp, #32
 607 0068 FFF7FEFF 		bl	HAL_RCC_OscConfig
 608              	.LVL15:
 164:Core/Src/main.c ****   {
 609              		.loc 1 164 6 view .LVU151
 610 006c 98B9     		cbnz	r0, .L30
 170:Core/Src/main.c ****                               |RCC_CLOCKTYPE_PCLK1|RCC_CLOCKTYPE_PCLK2;
 611              		.loc 1 170 3 is_stmt 1 view .LVU152
 170:Core/Src/main.c ****                               |RCC_CLOCKTYPE_PCLK1|RCC_CLOCKTYPE_PCLK2;
 612              		.loc 1 170 31 is_stmt 0 view .LVU153
 613 006e 0F23     		movs	r3, #15
 614 0070 0393     		str	r3, [sp, #12]
 172:Core/Src/main.c ****   RCC_ClkInitStruct.AHBCLKDivider = RCC_SYSCLK_DIV1;
 615              		.loc 1 172 3 is_stmt 1 view .LVU154
 172:Core/Src/main.c ****   RCC_ClkInitStruct.AHBCLKDivider = RCC_SYSCLK_DIV1;
 616              		.loc 1 172 34 is_stmt 0 view .LVU155
 617 0072 0223     		movs	r3, #2
 618 0074 0493     		str	r3, [sp, #16]
 173:Core/Src/main.c ****   RCC_ClkInitStruct.APB1CLKDivider = RCC_HCLK_DIV4;
 619              		.loc 1 173 3 is_stmt 1 view .LVU156
ARM GAS  /tmp/ccLnxQao.s 			page 19


 173:Core/Src/main.c ****   RCC_ClkInitStruct.APB1CLKDivider = RCC_HCLK_DIV4;
 620              		.loc 1 173 35 is_stmt 0 view .LVU157
 621 0076 0023     		movs	r3, #0
 622 0078 0593     		str	r3, [sp, #20]
 174:Core/Src/main.c ****   RCC_ClkInitStruct.APB2CLKDivider = RCC_HCLK_DIV2;
 623              		.loc 1 174 3 is_stmt 1 view .LVU158
 174:Core/Src/main.c ****   RCC_ClkInitStruct.APB2CLKDivider = RCC_HCLK_DIV2;
 624              		.loc 1 174 36 is_stmt 0 view .LVU159
 625 007a 4FF4A053 		mov	r3, #5120
 626 007e 0693     		str	r3, [sp, #24]
 175:Core/Src/main.c **** 
 627              		.loc 1 175 3 is_stmt 1 view .LVU160
 175:Core/Src/main.c **** 
 628              		.loc 1 175 36 is_stmt 0 view .LVU161
 629 0080 4FF48053 		mov	r3, #4096
 630 0084 0793     		str	r3, [sp, #28]
 177:Core/Src/main.c ****   {
 631              		.loc 1 177 3 is_stmt 1 view .LVU162
 177:Core/Src/main.c ****   {
 632              		.loc 1 177 7 is_stmt 0 view .LVU163
 633 0086 0521     		movs	r1, #5
 634 0088 03A8     		add	r0, sp, #12
 635 008a FFF7FEFF 		bl	HAL_RCC_ClockConfig
 636              	.LVL16:
 177:Core/Src/main.c ****   {
 637              		.loc 1 177 6 view .LVU164
 638 008e 20B9     		cbnz	r0, .L31
 181:Core/Src/main.c **** 
 639              		.loc 1 181 1 view .LVU165
 640 0090 15B0     		add	sp, sp, #84
 641              	.LCFI5:
 642              		.cfi_remember_state
 643              		.cfi_def_cfa_offset 4
 644              		@ sp needed
 645 0092 5DF804FB 		ldr	pc, [sp], #4
 646              	.L30:
 647              	.LCFI6:
 648              		.cfi_restore_state
 166:Core/Src/main.c ****   }
 649              		.loc 1 166 5 is_stmt 1 view .LVU166
 650 0096 FFF7FEFF 		bl	Error_Handler
 651              	.LVL17:
 652              	.L31:
 179:Core/Src/main.c ****   }
 653              		.loc 1 179 5 view .LVU167
 654 009a FFF7FEFF 		bl	Error_Handler
 655              	.LVL18:
 656              	.L33:
 657 009e 00BF     		.align	2
 658              	.L32:
 659 00a0 00380240 		.word	1073887232
 660 00a4 00700040 		.word	1073770496
 661              		.cfi_endproc
 662              	.LFE137:
 664              		.section	.rodata.main.str1.4,"aMS",%progbits,1
 665              		.align	2
 666              	.LC0:
ARM GAS  /tmp/ccLnxQao.s 			page 20


 667 0000 49276D20 		.ascii	"I'm alive\000"
 667      616C6976 
 667      6500
 668              		.section	.text.main,"ax",%progbits
 669              		.align	1
 670              		.global	main
 671              		.syntax unified
 672              		.thumb
 673              		.thumb_func
 675              	main:
 676              	.LFB136:
  93:Core/Src/main.c ****   /* USER CODE BEGIN 1 */
 677              		.loc 1 93 1 view -0
 678              		.cfi_startproc
 679              		@ Volatile: function does not return.
 680              		@ args = 0, pretend = 0, frame = 0
 681              		@ frame_needed = 0, uses_anonymous_args = 0
 682 0000 08B5     		push	{r3, lr}
 683              	.LCFI7:
 684              		.cfi_def_cfa_offset 8
 685              		.cfi_offset 3, -8
 686              		.cfi_offset 14, -4
 101:Core/Src/main.c **** 
 687              		.loc 1 101 3 view .LVU169
 688 0002 FFF7FEFF 		bl	HAL_Init
 689              	.LVL19:
 108:Core/Src/main.c **** 
 690              		.loc 1 108 3 view .LVU170
 691 0006 FFF7FEFF 		bl	SystemClock_Config
 692              	.LVL20:
 115:Core/Src/main.c ****   MX_DMA_Init();
 693              		.loc 1 115 3 view .LVU171
 694 000a FFF7FEFF 		bl	MX_GPIO_Init
 695              	.LVL21:
 116:Core/Src/main.c ****   MX_USART1_UART_Init();
 696              		.loc 1 116 3 view .LVU172
 697 000e FFF7FEFF 		bl	MX_DMA_Init
 698              	.LVL22:
 117:Core/Src/main.c ****   MX_USART2_UART_Init();
 699              		.loc 1 117 3 view .LVU173
 700 0012 FFF7FEFF 		bl	MX_USART1_UART_Init
 701              	.LVL23:
 118:Core/Src/main.c ****   MX_USART3_UART_Init();
 702              		.loc 1 118 3 view .LVU174
 703 0016 FFF7FEFF 		bl	MX_USART2_UART_Init
 704              	.LVL24:
 119:Core/Src/main.c ****   MX_TIM1_Init();
 705              		.loc 1 119 3 view .LVU175
 706 001a FFF7FEFF 		bl	MX_USART3_UART_Init
 707              	.LVL25:
 120:Core/Src/main.c ****   MX_TIM2_Init();
 708              		.loc 1 120 3 view .LVU176
 709 001e FFF7FEFF 		bl	MX_TIM1_Init
 710              	.LVL26:
 121:Core/Src/main.c ****   MX_TIM10_Init();
 711              		.loc 1 121 3 view .LVU177
 712 0022 FFF7FEFF 		bl	MX_TIM2_Init
ARM GAS  /tmp/ccLnxQao.s 			page 21


 713              	.LVL27:
 122:Core/Src/main.c ****   /* USER CODE BEGIN 2 */
 714              		.loc 1 122 3 view .LVU178
 715 0026 FFF7FEFF 		bl	MX_TIM10_Init
 716              	.LVL28:
 717              	.L35:
 131:Core/Src/main.c ****     {
 718              		.loc 1 131 5 discriminator 1 view .LVU179
 134:Core/Src/main.c ****     /* USER CODE BEGIN 3 */
 719              		.loc 1 134 9 discriminator 1 view .LVU180
 720 002a 0248     		ldr	r0, .L37
 721 002c FFF7FEFF 		bl	puts
 722              	.LVL29:
 131:Core/Src/main.c ****     {
 723              		.loc 1 131 11 discriminator 1 view .LVU181
 724 0030 FBE7     		b	.L35
 725              	.L38:
 726 0032 00BF     		.align	2
 727              	.L37:
 728 0034 00000000 		.word	.LC0
 729              		.cfi_endproc
 730              	.LFE136:
 732              		.global	sound_source_pos
 733              		.section	.bss.sound_source_pos,"aw",%nobits
 734              		.align	2
 737              	sound_source_pos:
 738 0000 00000000 		.space	8
 738      00000000 
 739              		.global	mp_pos
 740              		.section	.bss.mp_pos,"aw",%nobits
 741              		.align	2
 744              	mp_pos:
 745 0000 00000000 		.space	32
 745      00000000 
 745      00000000 
 745      00000000 
 745      00000000 
 746              		.global	chans_distance
 747              		.section	.bss.chans_distance,"aw",%nobits
 748              		.align	2
 751              	chans_distance:
 752 0000 00000000 		.space	8
 752      00000000 
 753              		.global	delta_distance
 754              		.section	.bss.delta_distance,"aw",%nobits
 755              		.align	2
 758              	delta_distance:
 759 0000 00000000 		.space	24
 759      00000000 
 759      00000000 
 759      00000000 
 759      00000000 
 760              		.global	mp_timestamp
 761              		.section	.bss.mp_timestamp,"aw",%nobits
 762              		.align	2
 765              	mp_timestamp:
 766 0000 00000000 		.space	16
ARM GAS  /tmp/ccLnxQao.s 			page 22


 766      00000000 
 766      00000000 
 766      00000000 
 767              		.global	riseTimes
 768              		.section	.bss.riseTimes,"aw",%nobits
 769              		.align	2
 772              	riseTimes:
 773 0000 00000000 		.space	4
 774              		.text
 775              	.Letext0:
 776              		.file 3 "Drivers/CMSIS/Device/ST/STM32F4xx/Include/stm32f407xx.h"
 777              		.file 4 "/usr/arm-none-eabi/include/machine/_default_types.h"
 778              		.file 5 "/usr/arm-none-eabi/include/sys/_stdint.h"
 779              		.file 6 "Drivers/STM32F4xx_HAL_Driver/Inc/stm32f4xx_hal_def.h"
 780              		.file 7 "Drivers/STM32F4xx_HAL_Driver/Inc/stm32f4xx_hal_rcc_ex.h"
 781              		.file 8 "Drivers/STM32F4xx_HAL_Driver/Inc/stm32f4xx_hal_rcc.h"
 782              		.file 9 "Drivers/STM32F4xx_HAL_Driver/Inc/stm32f4xx_hal_dma.h"
 783              		.file 10 "Drivers/STM32F4xx_HAL_Driver/Inc/stm32f4xx_hal_tim.h"
 784              		.file 11 "Core/Inc/dtoa.h"
 785              		.file 12 "Core/Inc/main.h"
 786              		.file 13 "Core/Inc/tim.h"
 787              		.file 14 "Core/Inc/usart.h"
 788              		.file 15 "Core/Inc/dma.h"
 789              		.file 16 "Core/Inc/gpio.h"
 790              		.file 17 "<built-in>"
 791              		.file 18 "Drivers/STM32F4xx_HAL_Driver/Inc/stm32f4xx_hal_cortex.h"
 792              		.file 19 "Drivers/STM32F4xx_HAL_Driver/Inc/stm32f4xx_hal.h"
ARM GAS  /tmp/ccLnxQao.s 			page 23


DEFINED SYMBOLS
                            *ABS*:0000000000000000 main.c
     /tmp/ccLnxQao.s:21     .text.push:0000000000000000 $t
     /tmp/ccLnxQao.s:27     .text.push:0000000000000000 push
     /tmp/ccLnxQao.s:49     .text.pop:0000000000000000 $t
     /tmp/ccLnxQao.s:55     .text.pop:0000000000000000 pop
     /tmp/ccLnxQao.s:92     .text.size:0000000000000000 $t
     /tmp/ccLnxQao.s:98     .text.size:0000000000000000 size
     /tmp/ccLnxQao.s:129    .text.size:0000000000000020 $d
     /tmp/ccLnxQao.s:134    .text.time_init:0000000000000000 $t
     /tmp/ccLnxQao.s:140    .text.time_init:0000000000000000 time_init
     /tmp/ccLnxQao.s:180    .text.time_init:0000000000000028 $d
     /tmp/ccLnxQao.s:186    .text.microphone_init:0000000000000000 $t
     /tmp/ccLnxQao.s:192    .text.microphone_init:0000000000000000 microphone_init
     /tmp/ccLnxQao.s:233    .text.microphone_init:000000000000001c $d
     /tmp/ccLnxQao.s:744    .bss.mp_pos:0000000000000000 mp_pos
     /tmp/ccLnxQao.s:241    .text.calculate_delta_distance:0000000000000000 $t
     /tmp/ccLnxQao.s:247    .text.calculate_delta_distance:0000000000000000 calculate_delta_distance
     /tmp/ccLnxQao.s:347    .text.calculate_delta_distance:00000000000000a0 $d
     /tmp/ccLnxQao.s:765    .bss.mp_timestamp:0000000000000000 mp_timestamp
     /tmp/ccLnxQao.s:758    .bss.delta_distance:0000000000000000 delta_distance
     /tmp/ccLnxQao.s:355    .text.calculate_chans_distance:0000000000000000 $t
     /tmp/ccLnxQao.s:361    .text.calculate_chans_distance:0000000000000000 calculate_chans_distance
     /tmp/ccLnxQao.s:421    .text.calculate_chans_distance:000000000000006c $d
     /tmp/ccLnxQao.s:751    .bss.chans_distance:0000000000000000 chans_distance
     /tmp/ccLnxQao.s:429    .text.calculate_sound_source:0000000000000000 $t
     /tmp/ccLnxQao.s:435    .text.calculate_sound_source:0000000000000000 calculate_sound_source
     /tmp/ccLnxQao.s:448    .text.arg_prase:0000000000000000 $t
     /tmp/ccLnxQao.s:454    .text.arg_prase:0000000000000000 arg_prase
     /tmp/ccLnxQao.s:468    .text.Error_Handler:0000000000000000 $t
     /tmp/ccLnxQao.s:474    .text.Error_Handler:0000000000000000 Error_Handler
     /tmp/ccLnxQao.s:506    .text.SystemClock_Config:0000000000000000 $t
     /tmp/ccLnxQao.s:512    .text.SystemClock_Config:0000000000000000 SystemClock_Config
     /tmp/ccLnxQao.s:659    .text.SystemClock_Config:00000000000000a0 $d
     /tmp/ccLnxQao.s:665    .rodata.main.str1.4:0000000000000000 $d
     /tmp/ccLnxQao.s:669    .text.main:0000000000000000 $t
     /tmp/ccLnxQao.s:675    .text.main:0000000000000000 main
     /tmp/ccLnxQao.s:728    .text.main:0000000000000034 $d
     /tmp/ccLnxQao.s:737    .bss.sound_source_pos:0000000000000000 sound_source_pos
     /tmp/ccLnxQao.s:734    .bss.sound_source_pos:0000000000000000 $d
     /tmp/ccLnxQao.s:741    .bss.mp_pos:0000000000000000 $d
     /tmp/ccLnxQao.s:748    .bss.chans_distance:0000000000000000 $d
     /tmp/ccLnxQao.s:755    .bss.delta_distance:0000000000000000 $d
     /tmp/ccLnxQao.s:762    .bss.mp_timestamp:0000000000000000 $d
     /tmp/ccLnxQao.s:772    .bss.riseTimes:0000000000000000 riseTimes
     /tmp/ccLnxQao.s:769    .bss.riseTimes:0000000000000000 $d

UNDEFINED SYMBOLS
HAL_TIM_Base_Start_IT
HAL_TIM_Base_Start
HAL_NVIC_EnableIRQ
htim1
htim10
memset
HAL_RCC_OscConfig
HAL_RCC_ClockConfig
HAL_Init
ARM GAS  /tmp/ccLnxQao.s 			page 24


MX_GPIO_Init
MX_DMA_Init
MX_USART1_UART_Init
MX_USART2_UART_Init
MX_USART3_UART_Init
MX_TIM1_Init
MX_TIM2_Init
MX_TIM10_Init
puts
