ARM GAS  /tmp/ccHwphVr.s 			page 1


   1              		.cpu cortex-m4
   2              		.arch armv7e-m
   3              		.fpu fpv4-sp-d16
   4              		.eabi_attribute 27, 1
   5              		.eabi_attribute 28, 1
   6              		.eabi_attribute 20, 1
   7              		.eabi_attribute 21, 1
   8              		.eabi_attribute 23, 3
   9              		.eabi_attribute 24, 1
  10              		.eabi_attribute 25, 1
  11              		.eabi_attribute 26, 1
  12              		.eabi_attribute 30, 1
  13              		.eabi_attribute 34, 1
  14              		.eabi_attribute 18, 4
  15              		.file	"stm32f4xx_hal_exti.c"
  16              		.text
  17              	.Ltext0:
  18              		.cfi_sections	.debug_frame
  19              		.file 1 "Drivers/STM32F4xx_HAL_Driver/Src/stm32f4xx_hal_exti.c"
  20              		.section	.text.HAL_EXTI_SetConfigLine,"ax",%progbits
  21              		.align	1
  22              		.global	HAL_EXTI_SetConfigLine
  23              		.syntax unified
  24              		.thumb
  25              		.thumb_func
  27              	HAL_EXTI_SetConfigLine:
  28              	.LVL0:
  29              	.LFB130:
   1:Drivers/STM32F4xx_HAL_Driver/Src/stm32f4xx_hal_exti.c **** /**
   2:Drivers/STM32F4xx_HAL_Driver/Src/stm32f4xx_hal_exti.c ****   ******************************************************************************
   3:Drivers/STM32F4xx_HAL_Driver/Src/stm32f4xx_hal_exti.c ****   * @file    stm32f4xx_hal_exti.c
   4:Drivers/STM32F4xx_HAL_Driver/Src/stm32f4xx_hal_exti.c ****   * @author  MCD Application Team
   5:Drivers/STM32F4xx_HAL_Driver/Src/stm32f4xx_hal_exti.c ****   * @brief   EXTI HAL module driver.
   6:Drivers/STM32F4xx_HAL_Driver/Src/stm32f4xx_hal_exti.c ****   *          This file provides firmware functions to manage the following
   7:Drivers/STM32F4xx_HAL_Driver/Src/stm32f4xx_hal_exti.c ****   *          functionalities of the Extended Interrupts and events controller (EXTI) peripheral:
   8:Drivers/STM32F4xx_HAL_Driver/Src/stm32f4xx_hal_exti.c ****   *           + Initialization and de-initialization functions
   9:Drivers/STM32F4xx_HAL_Driver/Src/stm32f4xx_hal_exti.c ****   *           + IO operation functions
  10:Drivers/STM32F4xx_HAL_Driver/Src/stm32f4xx_hal_exti.c ****   *
  11:Drivers/STM32F4xx_HAL_Driver/Src/stm32f4xx_hal_exti.c ****   @verbatim
  12:Drivers/STM32F4xx_HAL_Driver/Src/stm32f4xx_hal_exti.c ****   ==============================================================================
  13:Drivers/STM32F4xx_HAL_Driver/Src/stm32f4xx_hal_exti.c ****                     ##### EXTI Peripheral features #####
  14:Drivers/STM32F4xx_HAL_Driver/Src/stm32f4xx_hal_exti.c ****   ==============================================================================
  15:Drivers/STM32F4xx_HAL_Driver/Src/stm32f4xx_hal_exti.c ****   [..]
  16:Drivers/STM32F4xx_HAL_Driver/Src/stm32f4xx_hal_exti.c ****     (+) Each Exti line can be configured within this driver.
  17:Drivers/STM32F4xx_HAL_Driver/Src/stm32f4xx_hal_exti.c **** 
  18:Drivers/STM32F4xx_HAL_Driver/Src/stm32f4xx_hal_exti.c ****     (+) Exti line can be configured in 3 different modes
  19:Drivers/STM32F4xx_HAL_Driver/Src/stm32f4xx_hal_exti.c ****         (++) Interrupt
  20:Drivers/STM32F4xx_HAL_Driver/Src/stm32f4xx_hal_exti.c ****         (++) Event
  21:Drivers/STM32F4xx_HAL_Driver/Src/stm32f4xx_hal_exti.c ****         (++) Both of them
  22:Drivers/STM32F4xx_HAL_Driver/Src/stm32f4xx_hal_exti.c **** 
  23:Drivers/STM32F4xx_HAL_Driver/Src/stm32f4xx_hal_exti.c ****     (+) Configurable Exti lines can be configured with 3 different triggers
  24:Drivers/STM32F4xx_HAL_Driver/Src/stm32f4xx_hal_exti.c ****         (++) Rising
  25:Drivers/STM32F4xx_HAL_Driver/Src/stm32f4xx_hal_exti.c ****         (++) Falling
  26:Drivers/STM32F4xx_HAL_Driver/Src/stm32f4xx_hal_exti.c ****         (++) Both of them
  27:Drivers/STM32F4xx_HAL_Driver/Src/stm32f4xx_hal_exti.c **** 
  28:Drivers/STM32F4xx_HAL_Driver/Src/stm32f4xx_hal_exti.c ****     (+) When set in interrupt mode, configurable Exti lines have two different
  29:Drivers/STM32F4xx_HAL_Driver/Src/stm32f4xx_hal_exti.c ****         interrupts pending registers which allow to distinguish which transition
ARM GAS  /tmp/ccHwphVr.s 			page 2


  30:Drivers/STM32F4xx_HAL_Driver/Src/stm32f4xx_hal_exti.c ****         occurs:
  31:Drivers/STM32F4xx_HAL_Driver/Src/stm32f4xx_hal_exti.c ****         (++) Rising edge pending interrupt
  32:Drivers/STM32F4xx_HAL_Driver/Src/stm32f4xx_hal_exti.c ****         (++) Falling
  33:Drivers/STM32F4xx_HAL_Driver/Src/stm32f4xx_hal_exti.c **** 
  34:Drivers/STM32F4xx_HAL_Driver/Src/stm32f4xx_hal_exti.c ****     (+) Exti lines 0 to 15 are linked to gpio pin number 0 to 15. Gpio port can
  35:Drivers/STM32F4xx_HAL_Driver/Src/stm32f4xx_hal_exti.c ****         be selected through multiplexer.
  36:Drivers/STM32F4xx_HAL_Driver/Src/stm32f4xx_hal_exti.c **** 
  37:Drivers/STM32F4xx_HAL_Driver/Src/stm32f4xx_hal_exti.c ****                      ##### How to use this driver #####
  38:Drivers/STM32F4xx_HAL_Driver/Src/stm32f4xx_hal_exti.c ****   ==============================================================================
  39:Drivers/STM32F4xx_HAL_Driver/Src/stm32f4xx_hal_exti.c ****   [..]
  40:Drivers/STM32F4xx_HAL_Driver/Src/stm32f4xx_hal_exti.c **** 
  41:Drivers/STM32F4xx_HAL_Driver/Src/stm32f4xx_hal_exti.c ****     (#) Configure the EXTI line using HAL_EXTI_SetConfigLine().
  42:Drivers/STM32F4xx_HAL_Driver/Src/stm32f4xx_hal_exti.c ****         (++) Choose the interrupt line number by setting "Line" member from
  43:Drivers/STM32F4xx_HAL_Driver/Src/stm32f4xx_hal_exti.c ****              EXTI_ConfigTypeDef structure.
  44:Drivers/STM32F4xx_HAL_Driver/Src/stm32f4xx_hal_exti.c ****         (++) Configure the interrupt and/or event mode using "Mode" member from
  45:Drivers/STM32F4xx_HAL_Driver/Src/stm32f4xx_hal_exti.c ****              EXTI_ConfigTypeDef structure.
  46:Drivers/STM32F4xx_HAL_Driver/Src/stm32f4xx_hal_exti.c ****         (++) For configurable lines, configure rising and/or falling trigger
  47:Drivers/STM32F4xx_HAL_Driver/Src/stm32f4xx_hal_exti.c ****              "Trigger" member from EXTI_ConfigTypeDef structure.
  48:Drivers/STM32F4xx_HAL_Driver/Src/stm32f4xx_hal_exti.c ****         (++) For Exti lines linked to gpio, choose gpio port using "GPIOSel"
  49:Drivers/STM32F4xx_HAL_Driver/Src/stm32f4xx_hal_exti.c ****              member from GPIO_InitTypeDef structure.
  50:Drivers/STM32F4xx_HAL_Driver/Src/stm32f4xx_hal_exti.c **** 
  51:Drivers/STM32F4xx_HAL_Driver/Src/stm32f4xx_hal_exti.c ****     (#) Get current Exti configuration of a dedicated line using
  52:Drivers/STM32F4xx_HAL_Driver/Src/stm32f4xx_hal_exti.c ****         HAL_EXTI_GetConfigLine().
  53:Drivers/STM32F4xx_HAL_Driver/Src/stm32f4xx_hal_exti.c ****         (++) Provide exiting handle as parameter.
  54:Drivers/STM32F4xx_HAL_Driver/Src/stm32f4xx_hal_exti.c ****         (++) Provide pointer on EXTI_ConfigTypeDef structure as second parameter.
  55:Drivers/STM32F4xx_HAL_Driver/Src/stm32f4xx_hal_exti.c **** 
  56:Drivers/STM32F4xx_HAL_Driver/Src/stm32f4xx_hal_exti.c ****     (#) Clear Exti configuration of a dedicated line using HAL_EXTI_GetConfigLine().
  57:Drivers/STM32F4xx_HAL_Driver/Src/stm32f4xx_hal_exti.c ****         (++) Provide exiting handle as parameter.
  58:Drivers/STM32F4xx_HAL_Driver/Src/stm32f4xx_hal_exti.c **** 
  59:Drivers/STM32F4xx_HAL_Driver/Src/stm32f4xx_hal_exti.c ****     (#) Register callback to treat Exti interrupts using HAL_EXTI_RegisterCallback().
  60:Drivers/STM32F4xx_HAL_Driver/Src/stm32f4xx_hal_exti.c ****         (++) Provide exiting handle as first parameter.
  61:Drivers/STM32F4xx_HAL_Driver/Src/stm32f4xx_hal_exti.c ****         (++) Provide which callback will be registered using one value from
  62:Drivers/STM32F4xx_HAL_Driver/Src/stm32f4xx_hal_exti.c ****              EXTI_CallbackIDTypeDef.
  63:Drivers/STM32F4xx_HAL_Driver/Src/stm32f4xx_hal_exti.c ****         (++) Provide callback function pointer.
  64:Drivers/STM32F4xx_HAL_Driver/Src/stm32f4xx_hal_exti.c **** 
  65:Drivers/STM32F4xx_HAL_Driver/Src/stm32f4xx_hal_exti.c ****     (#) Get interrupt pending bit using HAL_EXTI_GetPending().
  66:Drivers/STM32F4xx_HAL_Driver/Src/stm32f4xx_hal_exti.c **** 
  67:Drivers/STM32F4xx_HAL_Driver/Src/stm32f4xx_hal_exti.c ****     (#) Clear interrupt pending bit using HAL_EXTI_GetPending().
  68:Drivers/STM32F4xx_HAL_Driver/Src/stm32f4xx_hal_exti.c **** 
  69:Drivers/STM32F4xx_HAL_Driver/Src/stm32f4xx_hal_exti.c ****     (#) Generate software interrupt using HAL_EXTI_GenerateSWI().
  70:Drivers/STM32F4xx_HAL_Driver/Src/stm32f4xx_hal_exti.c **** 
  71:Drivers/STM32F4xx_HAL_Driver/Src/stm32f4xx_hal_exti.c ****   @endverbatim
  72:Drivers/STM32F4xx_HAL_Driver/Src/stm32f4xx_hal_exti.c ****   ******************************************************************************
  73:Drivers/STM32F4xx_HAL_Driver/Src/stm32f4xx_hal_exti.c ****   * @attention
  74:Drivers/STM32F4xx_HAL_Driver/Src/stm32f4xx_hal_exti.c ****   *
  75:Drivers/STM32F4xx_HAL_Driver/Src/stm32f4xx_hal_exti.c ****   * <h2><center>&copy; Copyright (c) 2018 STMicroelectronics.
  76:Drivers/STM32F4xx_HAL_Driver/Src/stm32f4xx_hal_exti.c ****   * All rights reserved.</center></h2>
  77:Drivers/STM32F4xx_HAL_Driver/Src/stm32f4xx_hal_exti.c ****   *
  78:Drivers/STM32F4xx_HAL_Driver/Src/stm32f4xx_hal_exti.c ****   * This software component is licensed by ST under BSD 3-Clause license,
  79:Drivers/STM32F4xx_HAL_Driver/Src/stm32f4xx_hal_exti.c ****   * the "License"; You may not use this file except in compliance with the
  80:Drivers/STM32F4xx_HAL_Driver/Src/stm32f4xx_hal_exti.c ****   * License. You may obtain a copy of the License at:
  81:Drivers/STM32F4xx_HAL_Driver/Src/stm32f4xx_hal_exti.c ****   *                        opensource.org/licenses/BSD-3-Clause
  82:Drivers/STM32F4xx_HAL_Driver/Src/stm32f4xx_hal_exti.c ****   *
  83:Drivers/STM32F4xx_HAL_Driver/Src/stm32f4xx_hal_exti.c ****   ******************************************************************************
  84:Drivers/STM32F4xx_HAL_Driver/Src/stm32f4xx_hal_exti.c ****   */
  85:Drivers/STM32F4xx_HAL_Driver/Src/stm32f4xx_hal_exti.c **** 
  86:Drivers/STM32F4xx_HAL_Driver/Src/stm32f4xx_hal_exti.c **** /* Includes ------------------------------------------------------------------*/
ARM GAS  /tmp/ccHwphVr.s 			page 3


  87:Drivers/STM32F4xx_HAL_Driver/Src/stm32f4xx_hal_exti.c **** #include "stm32f4xx_hal.h"
  88:Drivers/STM32F4xx_HAL_Driver/Src/stm32f4xx_hal_exti.c **** 
  89:Drivers/STM32F4xx_HAL_Driver/Src/stm32f4xx_hal_exti.c **** /** @addtogroup STM32F4xx_HAL_Driver
  90:Drivers/STM32F4xx_HAL_Driver/Src/stm32f4xx_hal_exti.c ****   * @{
  91:Drivers/STM32F4xx_HAL_Driver/Src/stm32f4xx_hal_exti.c ****   */
  92:Drivers/STM32F4xx_HAL_Driver/Src/stm32f4xx_hal_exti.c **** 
  93:Drivers/STM32F4xx_HAL_Driver/Src/stm32f4xx_hal_exti.c **** /** @addtogroup EXTI
  94:Drivers/STM32F4xx_HAL_Driver/Src/stm32f4xx_hal_exti.c ****   * @{
  95:Drivers/STM32F4xx_HAL_Driver/Src/stm32f4xx_hal_exti.c ****   */
  96:Drivers/STM32F4xx_HAL_Driver/Src/stm32f4xx_hal_exti.c **** /** MISRA C:2012 deviation rule has been granted for following rule:
  97:Drivers/STM32F4xx_HAL_Driver/Src/stm32f4xx_hal_exti.c ****   * Rule-18.1_b - Medium: Array `EXTICR' 1st subscript interval [0,7] may be out
  98:Drivers/STM32F4xx_HAL_Driver/Src/stm32f4xx_hal_exti.c ****   * of bounds [0,3] in following API :
  99:Drivers/STM32F4xx_HAL_Driver/Src/stm32f4xx_hal_exti.c ****   * HAL_EXTI_SetConfigLine
 100:Drivers/STM32F4xx_HAL_Driver/Src/stm32f4xx_hal_exti.c ****   * HAL_EXTI_GetConfigLine
 101:Drivers/STM32F4xx_HAL_Driver/Src/stm32f4xx_hal_exti.c ****   * HAL_EXTI_ClearConfigLine
 102:Drivers/STM32F4xx_HAL_Driver/Src/stm32f4xx_hal_exti.c ****   */
 103:Drivers/STM32F4xx_HAL_Driver/Src/stm32f4xx_hal_exti.c **** 
 104:Drivers/STM32F4xx_HAL_Driver/Src/stm32f4xx_hal_exti.c **** #ifdef HAL_EXTI_MODULE_ENABLED
 105:Drivers/STM32F4xx_HAL_Driver/Src/stm32f4xx_hal_exti.c **** 
 106:Drivers/STM32F4xx_HAL_Driver/Src/stm32f4xx_hal_exti.c **** /* Private typedef -----------------------------------------------------------*/
 107:Drivers/STM32F4xx_HAL_Driver/Src/stm32f4xx_hal_exti.c **** /* Private defines -----------------------------------------------------------*/
 108:Drivers/STM32F4xx_HAL_Driver/Src/stm32f4xx_hal_exti.c **** /** @defgroup EXTI_Private_Constants EXTI Private Constants
 109:Drivers/STM32F4xx_HAL_Driver/Src/stm32f4xx_hal_exti.c ****   * @{
 110:Drivers/STM32F4xx_HAL_Driver/Src/stm32f4xx_hal_exti.c ****   */
 111:Drivers/STM32F4xx_HAL_Driver/Src/stm32f4xx_hal_exti.c **** 
 112:Drivers/STM32F4xx_HAL_Driver/Src/stm32f4xx_hal_exti.c **** /**
 113:Drivers/STM32F4xx_HAL_Driver/Src/stm32f4xx_hal_exti.c ****   * @}
 114:Drivers/STM32F4xx_HAL_Driver/Src/stm32f4xx_hal_exti.c ****   */
 115:Drivers/STM32F4xx_HAL_Driver/Src/stm32f4xx_hal_exti.c **** 
 116:Drivers/STM32F4xx_HAL_Driver/Src/stm32f4xx_hal_exti.c **** /* Private macros ------------------------------------------------------------*/
 117:Drivers/STM32F4xx_HAL_Driver/Src/stm32f4xx_hal_exti.c **** /* Private variables ---------------------------------------------------------*/
 118:Drivers/STM32F4xx_HAL_Driver/Src/stm32f4xx_hal_exti.c **** /* Private function prototypes -----------------------------------------------*/
 119:Drivers/STM32F4xx_HAL_Driver/Src/stm32f4xx_hal_exti.c **** /* Exported functions --------------------------------------------------------*/
 120:Drivers/STM32F4xx_HAL_Driver/Src/stm32f4xx_hal_exti.c **** 
 121:Drivers/STM32F4xx_HAL_Driver/Src/stm32f4xx_hal_exti.c **** /** @addtogroup EXTI_Exported_Functions
 122:Drivers/STM32F4xx_HAL_Driver/Src/stm32f4xx_hal_exti.c ****   * @{
 123:Drivers/STM32F4xx_HAL_Driver/Src/stm32f4xx_hal_exti.c ****   */
 124:Drivers/STM32F4xx_HAL_Driver/Src/stm32f4xx_hal_exti.c **** 
 125:Drivers/STM32F4xx_HAL_Driver/Src/stm32f4xx_hal_exti.c **** /** @addtogroup EXTI_Exported_Functions_Group1
 126:Drivers/STM32F4xx_HAL_Driver/Src/stm32f4xx_hal_exti.c ****   *  @brief    Configuration functions
 127:Drivers/STM32F4xx_HAL_Driver/Src/stm32f4xx_hal_exti.c ****   *
 128:Drivers/STM32F4xx_HAL_Driver/Src/stm32f4xx_hal_exti.c **** @verbatim
 129:Drivers/STM32F4xx_HAL_Driver/Src/stm32f4xx_hal_exti.c ****  ===============================================================================
 130:Drivers/STM32F4xx_HAL_Driver/Src/stm32f4xx_hal_exti.c ****               ##### Configuration functions #####
 131:Drivers/STM32F4xx_HAL_Driver/Src/stm32f4xx_hal_exti.c ****  ===============================================================================
 132:Drivers/STM32F4xx_HAL_Driver/Src/stm32f4xx_hal_exti.c **** 
 133:Drivers/STM32F4xx_HAL_Driver/Src/stm32f4xx_hal_exti.c **** @endverbatim
 134:Drivers/STM32F4xx_HAL_Driver/Src/stm32f4xx_hal_exti.c ****   * @{
 135:Drivers/STM32F4xx_HAL_Driver/Src/stm32f4xx_hal_exti.c ****   */
 136:Drivers/STM32F4xx_HAL_Driver/Src/stm32f4xx_hal_exti.c **** 
 137:Drivers/STM32F4xx_HAL_Driver/Src/stm32f4xx_hal_exti.c **** /**
 138:Drivers/STM32F4xx_HAL_Driver/Src/stm32f4xx_hal_exti.c ****   * @brief  Set configuration of a dedicated Exti line.
 139:Drivers/STM32F4xx_HAL_Driver/Src/stm32f4xx_hal_exti.c ****   * @param  hexti Exti handle.
 140:Drivers/STM32F4xx_HAL_Driver/Src/stm32f4xx_hal_exti.c ****   * @param  pExtiConfig Pointer on EXTI configuration to be set.
 141:Drivers/STM32F4xx_HAL_Driver/Src/stm32f4xx_hal_exti.c ****   * @retval HAL Status.
 142:Drivers/STM32F4xx_HAL_Driver/Src/stm32f4xx_hal_exti.c ****   */
 143:Drivers/STM32F4xx_HAL_Driver/Src/stm32f4xx_hal_exti.c **** HAL_StatusTypeDef HAL_EXTI_SetConfigLine(EXTI_HandleTypeDef *hexti, EXTI_ConfigTypeDef *pExtiConfig
ARM GAS  /tmp/ccHwphVr.s 			page 4


 144:Drivers/STM32F4xx_HAL_Driver/Src/stm32f4xx_hal_exti.c **** {
  30              		.loc 1 144 1 view -0
  31              		.cfi_startproc
  32              		@ args = 0, pretend = 0, frame = 0
  33              		@ frame_needed = 0, uses_anonymous_args = 0
  34              		@ link register save eliminated.
 145:Drivers/STM32F4xx_HAL_Driver/Src/stm32f4xx_hal_exti.c ****   uint32_t regval;
  35              		.loc 1 145 3 view .LVU1
 146:Drivers/STM32F4xx_HAL_Driver/Src/stm32f4xx_hal_exti.c ****   uint32_t linepos;
  36              		.loc 1 146 3 view .LVU2
 147:Drivers/STM32F4xx_HAL_Driver/Src/stm32f4xx_hal_exti.c ****   uint32_t maskline;
  37              		.loc 1 147 3 view .LVU3
 148:Drivers/STM32F4xx_HAL_Driver/Src/stm32f4xx_hal_exti.c **** 
 149:Drivers/STM32F4xx_HAL_Driver/Src/stm32f4xx_hal_exti.c ****   /* Check null pointer */
 150:Drivers/STM32F4xx_HAL_Driver/Src/stm32f4xx_hal_exti.c ****   if ((hexti == NULL) || (pExtiConfig == NULL))
  38              		.loc 1 150 3 view .LVU4
  39              		.loc 1 150 6 is_stmt 0 view .LVU5
  40 0000 0028     		cmp	r0, #0
  41 0002 60D0     		beq	.L11
  42              		.loc 1 150 23 discriminator 1 view .LVU6
  43 0004 0029     		cmp	r1, #0
  44 0006 60D0     		beq	.L12
 144:Drivers/STM32F4xx_HAL_Driver/Src/stm32f4xx_hal_exti.c ****   uint32_t regval;
  45              		.loc 1 144 1 view .LVU7
  46 0008 70B4     		push	{r4, r5, r6}
  47              	.LCFI0:
  48              		.cfi_def_cfa_offset 12
  49              		.cfi_offset 4, -12
  50              		.cfi_offset 5, -8
  51              		.cfi_offset 6, -4
 151:Drivers/STM32F4xx_HAL_Driver/Src/stm32f4xx_hal_exti.c ****   {
 152:Drivers/STM32F4xx_HAL_Driver/Src/stm32f4xx_hal_exti.c ****     return HAL_ERROR;
 153:Drivers/STM32F4xx_HAL_Driver/Src/stm32f4xx_hal_exti.c ****   }
 154:Drivers/STM32F4xx_HAL_Driver/Src/stm32f4xx_hal_exti.c **** 
 155:Drivers/STM32F4xx_HAL_Driver/Src/stm32f4xx_hal_exti.c ****   /* Check parameters */
 156:Drivers/STM32F4xx_HAL_Driver/Src/stm32f4xx_hal_exti.c ****   assert_param(IS_EXTI_LINE(pExtiConfig->Line));
  52              		.loc 1 156 3 is_stmt 1 view .LVU8
 157:Drivers/STM32F4xx_HAL_Driver/Src/stm32f4xx_hal_exti.c ****   assert_param(IS_EXTI_MODE(pExtiConfig->Mode));
  53              		.loc 1 157 3 view .LVU9
 158:Drivers/STM32F4xx_HAL_Driver/Src/stm32f4xx_hal_exti.c **** 
 159:Drivers/STM32F4xx_HAL_Driver/Src/stm32f4xx_hal_exti.c ****   /* Assign line number to handle */
 160:Drivers/STM32F4xx_HAL_Driver/Src/stm32f4xx_hal_exti.c ****   hexti->Line = pExtiConfig->Line;
  54              		.loc 1 160 3 view .LVU10
  55              		.loc 1 160 28 is_stmt 0 view .LVU11
  56 000a 0B68     		ldr	r3, [r1]
  57              		.loc 1 160 15 view .LVU12
  58 000c 0360     		str	r3, [r0]
 161:Drivers/STM32F4xx_HAL_Driver/Src/stm32f4xx_hal_exti.c **** 
 162:Drivers/STM32F4xx_HAL_Driver/Src/stm32f4xx_hal_exti.c ****   /* Compute line mask */
 163:Drivers/STM32F4xx_HAL_Driver/Src/stm32f4xx_hal_exti.c ****   linepos = (pExtiConfig->Line & EXTI_PIN_MASK);
  59              		.loc 1 163 3 is_stmt 1 view .LVU13
  60              		.loc 1 163 11 is_stmt 0 view .LVU14
  61 000e 03F01F02 		and	r2, r3, #31
  62              	.LVL1:
 164:Drivers/STM32F4xx_HAL_Driver/Src/stm32f4xx_hal_exti.c ****   maskline = (1uL << linepos);
  63              		.loc 1 164 3 is_stmt 1 view .LVU15
  64              		.loc 1 164 12 is_stmt 0 view .LVU16
ARM GAS  /tmp/ccHwphVr.s 			page 5


  65 0012 0120     		movs	r0, #1
  66              	.LVL2:
  67              		.loc 1 164 12 view .LVU17
  68 0014 9040     		lsls	r0, r0, r2
  69              	.LVL3:
 165:Drivers/STM32F4xx_HAL_Driver/Src/stm32f4xx_hal_exti.c **** 
 166:Drivers/STM32F4xx_HAL_Driver/Src/stm32f4xx_hal_exti.c ****   /* Configure triggers for configurable lines */
 167:Drivers/STM32F4xx_HAL_Driver/Src/stm32f4xx_hal_exti.c ****   if ((pExtiConfig->Line & EXTI_CONFIG) != 0x00u)
  70              		.loc 1 167 3 is_stmt 1 view .LVU18
  71              		.loc 1 167 6 is_stmt 0 view .LVU19
  72 0016 13F0007F 		tst	r3, #33554432
  73 001a 15D0     		beq	.L3
 168:Drivers/STM32F4xx_HAL_Driver/Src/stm32f4xx_hal_exti.c ****   {
 169:Drivers/STM32F4xx_HAL_Driver/Src/stm32f4xx_hal_exti.c ****     assert_param(IS_EXTI_TRIGGER(pExtiConfig->Trigger));
  74              		.loc 1 169 5 is_stmt 1 view .LVU20
 170:Drivers/STM32F4xx_HAL_Driver/Src/stm32f4xx_hal_exti.c **** 
 171:Drivers/STM32F4xx_HAL_Driver/Src/stm32f4xx_hal_exti.c ****     /* Configure rising trigger */
 172:Drivers/STM32F4xx_HAL_Driver/Src/stm32f4xx_hal_exti.c ****     /* Mask or set line */
 173:Drivers/STM32F4xx_HAL_Driver/Src/stm32f4xx_hal_exti.c ****     if ((pExtiConfig->Trigger & EXTI_TRIGGER_RISING) != 0x00u)
  75              		.loc 1 173 5 view .LVU21
  76              		.loc 1 173 8 is_stmt 0 view .LVU22
  77 001c 8C68     		ldr	r4, [r1, #8]
  78 001e 14F0010F 		tst	r4, #1
  79 0022 24D0     		beq	.L4
 174:Drivers/STM32F4xx_HAL_Driver/Src/stm32f4xx_hal_exti.c ****     {
 175:Drivers/STM32F4xx_HAL_Driver/Src/stm32f4xx_hal_exti.c ****       EXTI->RTSR |= maskline;
  80              		.loc 1 175 7 is_stmt 1 view .LVU23
  81              		.loc 1 175 11 is_stmt 0 view .LVU24
  82 0024 2A4D     		ldr	r5, .L18
  83 0026 AC68     		ldr	r4, [r5, #8]
  84              		.loc 1 175 18 view .LVU25
  85 0028 0443     		orrs	r4, r4, r0
  86 002a AC60     		str	r4, [r5, #8]
  87              	.L5:
 176:Drivers/STM32F4xx_HAL_Driver/Src/stm32f4xx_hal_exti.c ****     }
 177:Drivers/STM32F4xx_HAL_Driver/Src/stm32f4xx_hal_exti.c ****     else
 178:Drivers/STM32F4xx_HAL_Driver/Src/stm32f4xx_hal_exti.c ****     {
 179:Drivers/STM32F4xx_HAL_Driver/Src/stm32f4xx_hal_exti.c ****       EXTI->RTSR &= ~maskline;
 180:Drivers/STM32F4xx_HAL_Driver/Src/stm32f4xx_hal_exti.c ****     }
 181:Drivers/STM32F4xx_HAL_Driver/Src/stm32f4xx_hal_exti.c **** 
 182:Drivers/STM32F4xx_HAL_Driver/Src/stm32f4xx_hal_exti.c ****     /* Configure falling trigger */
 183:Drivers/STM32F4xx_HAL_Driver/Src/stm32f4xx_hal_exti.c ****     /* Mask or set line */
 184:Drivers/STM32F4xx_HAL_Driver/Src/stm32f4xx_hal_exti.c ****     if ((pExtiConfig->Trigger & EXTI_TRIGGER_FALLING) != 0x00u)
  88              		.loc 1 184 5 is_stmt 1 view .LVU26
  89              		.loc 1 184 8 is_stmt 0 view .LVU27
  90 002c 8C68     		ldr	r4, [r1, #8]
  91 002e 14F0020F 		tst	r4, #2
  92 0032 22D0     		beq	.L6
 185:Drivers/STM32F4xx_HAL_Driver/Src/stm32f4xx_hal_exti.c ****     {
 186:Drivers/STM32F4xx_HAL_Driver/Src/stm32f4xx_hal_exti.c ****       EXTI->FTSR |= maskline;
  93              		.loc 1 186 7 is_stmt 1 view .LVU28
  94              		.loc 1 186 11 is_stmt 0 view .LVU29
  95 0034 264D     		ldr	r5, .L18
  96 0036 EC68     		ldr	r4, [r5, #12]
  97              		.loc 1 186 18 view .LVU30
  98 0038 0443     		orrs	r4, r4, r0
  99 003a EC60     		str	r4, [r5, #12]
ARM GAS  /tmp/ccHwphVr.s 			page 6


 100              	.L7:
 187:Drivers/STM32F4xx_HAL_Driver/Src/stm32f4xx_hal_exti.c ****     }
 188:Drivers/STM32F4xx_HAL_Driver/Src/stm32f4xx_hal_exti.c ****     else
 189:Drivers/STM32F4xx_HAL_Driver/Src/stm32f4xx_hal_exti.c ****     {
 190:Drivers/STM32F4xx_HAL_Driver/Src/stm32f4xx_hal_exti.c ****       EXTI->FTSR &= ~maskline;
 191:Drivers/STM32F4xx_HAL_Driver/Src/stm32f4xx_hal_exti.c ****     }
 192:Drivers/STM32F4xx_HAL_Driver/Src/stm32f4xx_hal_exti.c **** 
 193:Drivers/STM32F4xx_HAL_Driver/Src/stm32f4xx_hal_exti.c **** 
 194:Drivers/STM32F4xx_HAL_Driver/Src/stm32f4xx_hal_exti.c ****     /* Configure gpio port selection in case of gpio exti line */
 195:Drivers/STM32F4xx_HAL_Driver/Src/stm32f4xx_hal_exti.c ****     if ((pExtiConfig->Line & EXTI_GPIO) == EXTI_GPIO)
 101              		.loc 1 195 5 is_stmt 1 view .LVU31
 102              		.loc 1 195 28 is_stmt 0 view .LVU32
 103 003c 0C68     		ldr	r4, [r1]
 104 003e 04F0C06C 		and	ip, r4, #100663296
 105              		.loc 1 195 8 view .LVU33
 106 0042 BCF1C06F 		cmp	ip, #100663296
 107 0046 1ED0     		beq	.L17
 108              	.LVL4:
 109              	.L3:
 196:Drivers/STM32F4xx_HAL_Driver/Src/stm32f4xx_hal_exti.c ****     {
 197:Drivers/STM32F4xx_HAL_Driver/Src/stm32f4xx_hal_exti.c ****       assert_param(IS_EXTI_GPIO_PORT(pExtiConfig->GPIOSel));
 198:Drivers/STM32F4xx_HAL_Driver/Src/stm32f4xx_hal_exti.c ****       assert_param(IS_EXTI_GPIO_PIN(linepos));
 199:Drivers/STM32F4xx_HAL_Driver/Src/stm32f4xx_hal_exti.c **** 
 200:Drivers/STM32F4xx_HAL_Driver/Src/stm32f4xx_hal_exti.c ****       regval = SYSCFG->EXTICR[linepos >> 2u];
 201:Drivers/STM32F4xx_HAL_Driver/Src/stm32f4xx_hal_exti.c ****       regval &= ~(SYSCFG_EXTICR1_EXTI0 << (SYSCFG_EXTICR1_EXTI1_Pos * (linepos & 0x03u)));
 202:Drivers/STM32F4xx_HAL_Driver/Src/stm32f4xx_hal_exti.c ****       regval |= (pExtiConfig->GPIOSel << (SYSCFG_EXTICR1_EXTI1_Pos * (linepos & 0x03u)));
 203:Drivers/STM32F4xx_HAL_Driver/Src/stm32f4xx_hal_exti.c ****       SYSCFG->EXTICR[linepos >> 2u] = regval;
 204:Drivers/STM32F4xx_HAL_Driver/Src/stm32f4xx_hal_exti.c ****     }
 205:Drivers/STM32F4xx_HAL_Driver/Src/stm32f4xx_hal_exti.c ****   }
 206:Drivers/STM32F4xx_HAL_Driver/Src/stm32f4xx_hal_exti.c **** 
 207:Drivers/STM32F4xx_HAL_Driver/Src/stm32f4xx_hal_exti.c ****   /* Configure interrupt mode : read current mode */
 208:Drivers/STM32F4xx_HAL_Driver/Src/stm32f4xx_hal_exti.c ****   /* Mask or set line */
 209:Drivers/STM32F4xx_HAL_Driver/Src/stm32f4xx_hal_exti.c ****   if ((pExtiConfig->Mode & EXTI_MODE_INTERRUPT) != 0x00u)
 110              		.loc 1 209 3 is_stmt 1 view .LVU34
 111              		.loc 1 209 19 is_stmt 0 view .LVU35
 112 0048 4B68     		ldr	r3, [r1, #4]
 113              		.loc 1 209 6 view .LVU36
 114 004a 13F0010F 		tst	r3, #1
 115 004e 2DD0     		beq	.L8
 210:Drivers/STM32F4xx_HAL_Driver/Src/stm32f4xx_hal_exti.c ****   {
 211:Drivers/STM32F4xx_HAL_Driver/Src/stm32f4xx_hal_exti.c ****     EXTI->IMR |= maskline;
 116              		.loc 1 211 5 is_stmt 1 view .LVU37
 117              		.loc 1 211 9 is_stmt 0 view .LVU38
 118 0050 1F4A     		ldr	r2, .L18
 119 0052 1368     		ldr	r3, [r2]
 120              		.loc 1 211 15 view .LVU39
 121 0054 0343     		orrs	r3, r3, r0
 122 0056 1360     		str	r3, [r2]
 123              	.L9:
 212:Drivers/STM32F4xx_HAL_Driver/Src/stm32f4xx_hal_exti.c ****   }
 213:Drivers/STM32F4xx_HAL_Driver/Src/stm32f4xx_hal_exti.c ****   else
 214:Drivers/STM32F4xx_HAL_Driver/Src/stm32f4xx_hal_exti.c ****   {
 215:Drivers/STM32F4xx_HAL_Driver/Src/stm32f4xx_hal_exti.c ****     EXTI->IMR &= ~maskline;
 216:Drivers/STM32F4xx_HAL_Driver/Src/stm32f4xx_hal_exti.c ****   }
 217:Drivers/STM32F4xx_HAL_Driver/Src/stm32f4xx_hal_exti.c **** 
 218:Drivers/STM32F4xx_HAL_Driver/Src/stm32f4xx_hal_exti.c ****   /* Configure event mode : read current mode */
 219:Drivers/STM32F4xx_HAL_Driver/Src/stm32f4xx_hal_exti.c ****   /* Mask or set line */
ARM GAS  /tmp/ccHwphVr.s 			page 7


 220:Drivers/STM32F4xx_HAL_Driver/Src/stm32f4xx_hal_exti.c ****   if ((pExtiConfig->Mode & EXTI_MODE_EVENT) != 0x00u)
 124              		.loc 1 220 3 is_stmt 1 view .LVU40
 125              		.loc 1 220 19 is_stmt 0 view .LVU41
 126 0058 4B68     		ldr	r3, [r1, #4]
 127              		.loc 1 220 6 view .LVU42
 128 005a 13F0020F 		tst	r3, #2
 129 005e 2BD0     		beq	.L10
 221:Drivers/STM32F4xx_HAL_Driver/Src/stm32f4xx_hal_exti.c ****   {
 222:Drivers/STM32F4xx_HAL_Driver/Src/stm32f4xx_hal_exti.c ****     EXTI->EMR |= maskline;
 130              		.loc 1 222 5 is_stmt 1 view .LVU43
 131              		.loc 1 222 9 is_stmt 0 view .LVU44
 132 0060 1B4A     		ldr	r2, .L18
 133 0062 5368     		ldr	r3, [r2, #4]
 134              		.loc 1 222 15 view .LVU45
 135 0064 0343     		orrs	r3, r3, r0
 136 0066 5360     		str	r3, [r2, #4]
 223:Drivers/STM32F4xx_HAL_Driver/Src/stm32f4xx_hal_exti.c ****   }
 224:Drivers/STM32F4xx_HAL_Driver/Src/stm32f4xx_hal_exti.c ****   else
 225:Drivers/STM32F4xx_HAL_Driver/Src/stm32f4xx_hal_exti.c ****   {
 226:Drivers/STM32F4xx_HAL_Driver/Src/stm32f4xx_hal_exti.c ****     EXTI->EMR &= ~maskline;
 227:Drivers/STM32F4xx_HAL_Driver/Src/stm32f4xx_hal_exti.c ****   }
 228:Drivers/STM32F4xx_HAL_Driver/Src/stm32f4xx_hal_exti.c **** 
 229:Drivers/STM32F4xx_HAL_Driver/Src/stm32f4xx_hal_exti.c ****   return HAL_OK;
 137              		.loc 1 229 10 view .LVU46
 138 0068 0020     		movs	r0, #0
 139              	.LVL5:
 140              	.L2:
 230:Drivers/STM32F4xx_HAL_Driver/Src/stm32f4xx_hal_exti.c **** }
 141              		.loc 1 230 1 view .LVU47
 142 006a 70BC     		pop	{r4, r5, r6}
 143              	.LCFI1:
 144              		.cfi_remember_state
 145              		.cfi_restore 6
 146              		.cfi_restore 5
 147              		.cfi_restore 4
 148              		.cfi_def_cfa_offset 0
 149 006c 7047     		bx	lr
 150              	.LVL6:
 151              	.L4:
 152              	.LCFI2:
 153              		.cfi_restore_state
 179:Drivers/STM32F4xx_HAL_Driver/Src/stm32f4xx_hal_exti.c ****     }
 154              		.loc 1 179 7 is_stmt 1 view .LVU48
 179:Drivers/STM32F4xx_HAL_Driver/Src/stm32f4xx_hal_exti.c ****     }
 155              		.loc 1 179 11 is_stmt 0 view .LVU49
 156 006e 184D     		ldr	r5, .L18
 157 0070 AC68     		ldr	r4, [r5, #8]
 179:Drivers/STM32F4xx_HAL_Driver/Src/stm32f4xx_hal_exti.c ****     }
 158              		.loc 1 179 18 view .LVU50
 159 0072 24EA0004 		bic	r4, r4, r0
 160 0076 AC60     		str	r4, [r5, #8]
 161 0078 D8E7     		b	.L5
 162              	.L6:
 190:Drivers/STM32F4xx_HAL_Driver/Src/stm32f4xx_hal_exti.c ****     }
 163              		.loc 1 190 7 is_stmt 1 view .LVU51
 190:Drivers/STM32F4xx_HAL_Driver/Src/stm32f4xx_hal_exti.c ****     }
 164              		.loc 1 190 11 is_stmt 0 view .LVU52
ARM GAS  /tmp/ccHwphVr.s 			page 8


 165 007a 154D     		ldr	r5, .L18
 166 007c EC68     		ldr	r4, [r5, #12]
 190:Drivers/STM32F4xx_HAL_Driver/Src/stm32f4xx_hal_exti.c ****     }
 167              		.loc 1 190 18 view .LVU53
 168 007e 24EA0004 		bic	r4, r4, r0
 169 0082 EC60     		str	r4, [r5, #12]
 170 0084 DAE7     		b	.L7
 171              	.L17:
 197:Drivers/STM32F4xx_HAL_Driver/Src/stm32f4xx_hal_exti.c ****       assert_param(IS_EXTI_GPIO_PIN(linepos));
 172              		.loc 1 197 7 is_stmt 1 view .LVU54
 198:Drivers/STM32F4xx_HAL_Driver/Src/stm32f4xx_hal_exti.c **** 
 173              		.loc 1 198 7 view .LVU55
 200:Drivers/STM32F4xx_HAL_Driver/Src/stm32f4xx_hal_exti.c ****       regval &= ~(SYSCFG_EXTICR1_EXTI0 << (SYSCFG_EXTICR1_EXTI1_Pos * (linepos & 0x03u)));
 174              		.loc 1 200 7 view .LVU56
 200:Drivers/STM32F4xx_HAL_Driver/Src/stm32f4xx_hal_exti.c ****       regval &= ~(SYSCFG_EXTICR1_EXTI0 << (SYSCFG_EXTICR1_EXTI1_Pos * (linepos & 0x03u)));
 175              		.loc 1 200 39 is_stmt 0 view .LVU57
 176 0086 9208     		lsrs	r2, r2, #2
 177              	.LVL7:
 200:Drivers/STM32F4xx_HAL_Driver/Src/stm32f4xx_hal_exti.c ****       regval &= ~(SYSCFG_EXTICR1_EXTI0 << (SYSCFG_EXTICR1_EXTI1_Pos * (linepos & 0x03u)));
 178              		.loc 1 200 14 view .LVU58
 179 0088 124E     		ldr	r6, .L18+4
 180 008a 0232     		adds	r2, r2, #2
 181 008c 56F82240 		ldr	r4, [r6, r2, lsl #2]
 182              	.LVL8:
 201:Drivers/STM32F4xx_HAL_Driver/Src/stm32f4xx_hal_exti.c ****       regval |= (pExtiConfig->GPIOSel << (SYSCFG_EXTICR1_EXTI1_Pos * (linepos & 0x03u)));
 183              		.loc 1 201 7 is_stmt 1 view .LVU59
 201:Drivers/STM32F4xx_HAL_Driver/Src/stm32f4xx_hal_exti.c ****       regval |= (pExtiConfig->GPIOSel << (SYSCFG_EXTICR1_EXTI1_Pos * (linepos & 0x03u)));
 184              		.loc 1 201 80 is_stmt 0 view .LVU60
 185 0090 03F00303 		and	r3, r3, #3
 186              	.LVL9:
 201:Drivers/STM32F4xx_HAL_Driver/Src/stm32f4xx_hal_exti.c ****       regval |= (pExtiConfig->GPIOSel << (SYSCFG_EXTICR1_EXTI1_Pos * (linepos & 0x03u)));
 187              		.loc 1 201 69 view .LVU61
 188 0094 9B00     		lsls	r3, r3, #2
 201:Drivers/STM32F4xx_HAL_Driver/Src/stm32f4xx_hal_exti.c ****       regval |= (pExtiConfig->GPIOSel << (SYSCFG_EXTICR1_EXTI1_Pos * (linepos & 0x03u)));
 189              		.loc 1 201 40 view .LVU62
 190 0096 0F25     		movs	r5, #15
 191 0098 9D40     		lsls	r5, r5, r3
 201:Drivers/STM32F4xx_HAL_Driver/Src/stm32f4xx_hal_exti.c ****       regval |= (pExtiConfig->GPIOSel << (SYSCFG_EXTICR1_EXTI1_Pos * (linepos & 0x03u)));
 192              		.loc 1 201 14 view .LVU63
 193 009a 24EA0504 		bic	r4, r4, r5
 194              	.LVL10:
 202:Drivers/STM32F4xx_HAL_Driver/Src/stm32f4xx_hal_exti.c ****       SYSCFG->EXTICR[linepos >> 2u] = regval;
 195              		.loc 1 202 7 is_stmt 1 view .LVU64
 202:Drivers/STM32F4xx_HAL_Driver/Src/stm32f4xx_hal_exti.c ****       SYSCFG->EXTICR[linepos >> 2u] = regval;
 196              		.loc 1 202 39 is_stmt 0 view .LVU65
 197 009e CD68     		ldr	r5, [r1, #12]
 198 00a0 05FA03F3 		lsl	r3, r5, r3
 202:Drivers/STM32F4xx_HAL_Driver/Src/stm32f4xx_hal_exti.c ****       SYSCFG->EXTICR[linepos >> 2u] = regval;
 199              		.loc 1 202 14 view .LVU66
 200 00a4 2343     		orrs	r3, r3, r4
 201              	.LVL11:
 203:Drivers/STM32F4xx_HAL_Driver/Src/stm32f4xx_hal_exti.c ****     }
 202              		.loc 1 203 7 is_stmt 1 view .LVU67
 203:Drivers/STM32F4xx_HAL_Driver/Src/stm32f4xx_hal_exti.c ****     }
 203              		.loc 1 203 37 is_stmt 0 view .LVU68
 204 00a6 46F82230 		str	r3, [r6, r2, lsl #2]
 205 00aa CDE7     		b	.L3
ARM GAS  /tmp/ccHwphVr.s 			page 9


 206              	.LVL12:
 207              	.L8:
 215:Drivers/STM32F4xx_HAL_Driver/Src/stm32f4xx_hal_exti.c ****   }
 208              		.loc 1 215 5 is_stmt 1 view .LVU69
 215:Drivers/STM32F4xx_HAL_Driver/Src/stm32f4xx_hal_exti.c ****   }
 209              		.loc 1 215 9 is_stmt 0 view .LVU70
 210 00ac 084A     		ldr	r2, .L18
 211 00ae 1368     		ldr	r3, [r2]
 215:Drivers/STM32F4xx_HAL_Driver/Src/stm32f4xx_hal_exti.c ****   }
 212              		.loc 1 215 15 view .LVU71
 213 00b0 23EA0003 		bic	r3, r3, r0
 214 00b4 1360     		str	r3, [r2]
 215 00b6 CFE7     		b	.L9
 216              	.L10:
 226:Drivers/STM32F4xx_HAL_Driver/Src/stm32f4xx_hal_exti.c ****   }
 217              		.loc 1 226 5 is_stmt 1 view .LVU72
 226:Drivers/STM32F4xx_HAL_Driver/Src/stm32f4xx_hal_exti.c ****   }
 218              		.loc 1 226 9 is_stmt 0 view .LVU73
 219 00b8 054A     		ldr	r2, .L18
 220 00ba 5368     		ldr	r3, [r2, #4]
 226:Drivers/STM32F4xx_HAL_Driver/Src/stm32f4xx_hal_exti.c ****   }
 221              		.loc 1 226 15 view .LVU74
 222 00bc 23EA0003 		bic	r3, r3, r0
 223 00c0 5360     		str	r3, [r2, #4]
 229:Drivers/STM32F4xx_HAL_Driver/Src/stm32f4xx_hal_exti.c **** }
 224              		.loc 1 229 10 view .LVU75
 225 00c2 0020     		movs	r0, #0
 226              	.LVL13:
 229:Drivers/STM32F4xx_HAL_Driver/Src/stm32f4xx_hal_exti.c **** }
 227              		.loc 1 229 10 view .LVU76
 228 00c4 D1E7     		b	.L2
 229              	.LVL14:
 230              	.L11:
 231              	.LCFI3:
 232              		.cfi_def_cfa_offset 0
 233              		.cfi_restore 4
 234              		.cfi_restore 5
 235              		.cfi_restore 6
 152:Drivers/STM32F4xx_HAL_Driver/Src/stm32f4xx_hal_exti.c ****   }
 236              		.loc 1 152 12 view .LVU77
 237 00c6 0120     		movs	r0, #1
 238              	.LVL15:
 152:Drivers/STM32F4xx_HAL_Driver/Src/stm32f4xx_hal_exti.c ****   }
 239              		.loc 1 152 12 view .LVU78
 240 00c8 7047     		bx	lr
 241              	.LVL16:
 242              	.L12:
 152:Drivers/STM32F4xx_HAL_Driver/Src/stm32f4xx_hal_exti.c ****   }
 243              		.loc 1 152 12 view .LVU79
 244 00ca 0120     		movs	r0, #1
 245              	.LVL17:
 246              		.loc 1 230 1 view .LVU80
 247 00cc 7047     		bx	lr
 248              	.L19:
 249 00ce 00BF     		.align	2
 250              	.L18:
 251 00d0 003C0140 		.word	1073822720
ARM GAS  /tmp/ccHwphVr.s 			page 10


 252 00d4 00380140 		.word	1073821696
 253              		.cfi_endproc
 254              	.LFE130:
 256              		.section	.text.HAL_EXTI_GetConfigLine,"ax",%progbits
 257              		.align	1
 258              		.global	HAL_EXTI_GetConfigLine
 259              		.syntax unified
 260              		.thumb
 261              		.thumb_func
 263              	HAL_EXTI_GetConfigLine:
 264              	.LVL18:
 265              	.LFB131:
 231:Drivers/STM32F4xx_HAL_Driver/Src/stm32f4xx_hal_exti.c **** 
 232:Drivers/STM32F4xx_HAL_Driver/Src/stm32f4xx_hal_exti.c **** /**
 233:Drivers/STM32F4xx_HAL_Driver/Src/stm32f4xx_hal_exti.c ****   * @brief  Get configuration of a dedicated Exti line.
 234:Drivers/STM32F4xx_HAL_Driver/Src/stm32f4xx_hal_exti.c ****   * @param  hexti Exti handle.
 235:Drivers/STM32F4xx_HAL_Driver/Src/stm32f4xx_hal_exti.c ****   * @param  pExtiConfig Pointer on structure to store Exti configuration.
 236:Drivers/STM32F4xx_HAL_Driver/Src/stm32f4xx_hal_exti.c ****   * @retval HAL Status.
 237:Drivers/STM32F4xx_HAL_Driver/Src/stm32f4xx_hal_exti.c ****   */
 238:Drivers/STM32F4xx_HAL_Driver/Src/stm32f4xx_hal_exti.c **** HAL_StatusTypeDef HAL_EXTI_GetConfigLine(EXTI_HandleTypeDef *hexti, EXTI_ConfigTypeDef *pExtiConfig
 239:Drivers/STM32F4xx_HAL_Driver/Src/stm32f4xx_hal_exti.c **** {
 266              		.loc 1 239 1 is_stmt 1 view -0
 267              		.cfi_startproc
 268              		@ args = 0, pretend = 0, frame = 0
 269              		@ frame_needed = 0, uses_anonymous_args = 0
 270              		@ link register save eliminated.
 240:Drivers/STM32F4xx_HAL_Driver/Src/stm32f4xx_hal_exti.c ****   uint32_t regval;
 271              		.loc 1 240 3 view .LVU82
 241:Drivers/STM32F4xx_HAL_Driver/Src/stm32f4xx_hal_exti.c ****   uint32_t linepos;
 272              		.loc 1 241 3 view .LVU83
 242:Drivers/STM32F4xx_HAL_Driver/Src/stm32f4xx_hal_exti.c ****   uint32_t maskline;
 273              		.loc 1 242 3 view .LVU84
 243:Drivers/STM32F4xx_HAL_Driver/Src/stm32f4xx_hal_exti.c **** 
 244:Drivers/STM32F4xx_HAL_Driver/Src/stm32f4xx_hal_exti.c ****   /* Check null pointer */
 245:Drivers/STM32F4xx_HAL_Driver/Src/stm32f4xx_hal_exti.c ****   if ((hexti == NULL) || (pExtiConfig == NULL))
 274              		.loc 1 245 3 view .LVU85
 275              		.loc 1 245 6 is_stmt 0 view .LVU86
 276 0000 0028     		cmp	r0, #0
 277 0002 45D0     		beq	.L27
 278              		.loc 1 245 23 discriminator 1 view .LVU87
 279 0004 0029     		cmp	r1, #0
 280 0006 45D0     		beq	.L28
 246:Drivers/STM32F4xx_HAL_Driver/Src/stm32f4xx_hal_exti.c ****   {
 247:Drivers/STM32F4xx_HAL_Driver/Src/stm32f4xx_hal_exti.c ****     return HAL_ERROR;
 248:Drivers/STM32F4xx_HAL_Driver/Src/stm32f4xx_hal_exti.c ****   }
 249:Drivers/STM32F4xx_HAL_Driver/Src/stm32f4xx_hal_exti.c **** 
 250:Drivers/STM32F4xx_HAL_Driver/Src/stm32f4xx_hal_exti.c ****   /* Check the parameter */
 251:Drivers/STM32F4xx_HAL_Driver/Src/stm32f4xx_hal_exti.c ****   assert_param(IS_EXTI_LINE(hexti->Line));
 281              		.loc 1 251 3 is_stmt 1 view .LVU88
 252:Drivers/STM32F4xx_HAL_Driver/Src/stm32f4xx_hal_exti.c **** 
 253:Drivers/STM32F4xx_HAL_Driver/Src/stm32f4xx_hal_exti.c ****   /* Store handle line number to configuration structure */
 254:Drivers/STM32F4xx_HAL_Driver/Src/stm32f4xx_hal_exti.c ****   pExtiConfig->Line = hexti->Line;
 282              		.loc 1 254 3 view .LVU89
 283              		.loc 1 254 28 is_stmt 0 view .LVU90
 284 0008 0068     		ldr	r0, [r0]
 285              	.LVL19:
 286              		.loc 1 254 21 view .LVU91
ARM GAS  /tmp/ccHwphVr.s 			page 11


 287 000a 0860     		str	r0, [r1]
 255:Drivers/STM32F4xx_HAL_Driver/Src/stm32f4xx_hal_exti.c **** 
 256:Drivers/STM32F4xx_HAL_Driver/Src/stm32f4xx_hal_exti.c ****   /* Compute line mask */
 257:Drivers/STM32F4xx_HAL_Driver/Src/stm32f4xx_hal_exti.c ****   linepos = (pExtiConfig->Line & EXTI_PIN_MASK);
 288              		.loc 1 257 3 is_stmt 1 view .LVU92
 289              		.loc 1 257 11 is_stmt 0 view .LVU93
 290 000c 00F01F0C 		and	ip, r0, #31
 291              	.LVL20:
 258:Drivers/STM32F4xx_HAL_Driver/Src/stm32f4xx_hal_exti.c ****   maskline = (1uL << linepos);
 292              		.loc 1 258 3 is_stmt 1 view .LVU94
 293              		.loc 1 258 12 is_stmt 0 view .LVU95
 294 0010 0123     		movs	r3, #1
 295 0012 03FA0CF3 		lsl	r3, r3, ip
 296              	.LVL21:
 259:Drivers/STM32F4xx_HAL_Driver/Src/stm32f4xx_hal_exti.c **** 
 260:Drivers/STM32F4xx_HAL_Driver/Src/stm32f4xx_hal_exti.c ****   /* 1] Get core mode : interrupt */
 261:Drivers/STM32F4xx_HAL_Driver/Src/stm32f4xx_hal_exti.c **** 
 262:Drivers/STM32F4xx_HAL_Driver/Src/stm32f4xx_hal_exti.c ****   /* Check if selected line is enable */
 263:Drivers/STM32F4xx_HAL_Driver/Src/stm32f4xx_hal_exti.c ****   if ((EXTI->IMR & maskline) != 0x00u)
 297              		.loc 1 263 3 is_stmt 1 view .LVU96
 298              		.loc 1 263 12 is_stmt 0 view .LVU97
 299 0016 214A     		ldr	r2, .L32
 300 0018 1268     		ldr	r2, [r2]
 301              		.loc 1 263 6 view .LVU98
 302 001a 1A42     		tst	r2, r3
 303 001c 24D0     		beq	.L22
 264:Drivers/STM32F4xx_HAL_Driver/Src/stm32f4xx_hal_exti.c ****   {
 265:Drivers/STM32F4xx_HAL_Driver/Src/stm32f4xx_hal_exti.c ****     pExtiConfig->Mode = EXTI_MODE_INTERRUPT;
 304              		.loc 1 265 5 is_stmt 1 view .LVU99
 305              		.loc 1 265 23 is_stmt 0 view .LVU100
 306 001e 0122     		movs	r2, #1
 307 0020 4A60     		str	r2, [r1, #4]
 308              	.L23:
 266:Drivers/STM32F4xx_HAL_Driver/Src/stm32f4xx_hal_exti.c ****   }
 267:Drivers/STM32F4xx_HAL_Driver/Src/stm32f4xx_hal_exti.c ****   else
 268:Drivers/STM32F4xx_HAL_Driver/Src/stm32f4xx_hal_exti.c ****   {
 269:Drivers/STM32F4xx_HAL_Driver/Src/stm32f4xx_hal_exti.c ****     pExtiConfig->Mode = EXTI_MODE_NONE;
 270:Drivers/STM32F4xx_HAL_Driver/Src/stm32f4xx_hal_exti.c ****   }
 271:Drivers/STM32F4xx_HAL_Driver/Src/stm32f4xx_hal_exti.c **** 
 272:Drivers/STM32F4xx_HAL_Driver/Src/stm32f4xx_hal_exti.c ****   /* Get event mode */
 273:Drivers/STM32F4xx_HAL_Driver/Src/stm32f4xx_hal_exti.c ****   /* Check if selected line is enable */
 274:Drivers/STM32F4xx_HAL_Driver/Src/stm32f4xx_hal_exti.c ****   if ((EXTI->EMR & maskline) != 0x00u)
 309              		.loc 1 274 3 is_stmt 1 view .LVU101
 310              		.loc 1 274 12 is_stmt 0 view .LVU102
 311 0022 1E4A     		ldr	r2, .L32
 312 0024 5268     		ldr	r2, [r2, #4]
 313              		.loc 1 274 6 view .LVU103
 314 0026 1A42     		tst	r2, r3
 315 0028 03D0     		beq	.L24
 275:Drivers/STM32F4xx_HAL_Driver/Src/stm32f4xx_hal_exti.c ****   {
 276:Drivers/STM32F4xx_HAL_Driver/Src/stm32f4xx_hal_exti.c ****     pExtiConfig->Mode |= EXTI_MODE_EVENT;
 316              		.loc 1 276 5 is_stmt 1 view .LVU104
 317              		.loc 1 276 16 is_stmt 0 view .LVU105
 318 002a 4A68     		ldr	r2, [r1, #4]
 319              		.loc 1 276 23 view .LVU106
 320 002c 42F00202 		orr	r2, r2, #2
 321 0030 4A60     		str	r2, [r1, #4]
ARM GAS  /tmp/ccHwphVr.s 			page 12


 322              	.L24:
 277:Drivers/STM32F4xx_HAL_Driver/Src/stm32f4xx_hal_exti.c ****   }
 278:Drivers/STM32F4xx_HAL_Driver/Src/stm32f4xx_hal_exti.c **** 
 279:Drivers/STM32F4xx_HAL_Driver/Src/stm32f4xx_hal_exti.c ****   /* Get default Trigger and GPIOSel configuration */
 280:Drivers/STM32F4xx_HAL_Driver/Src/stm32f4xx_hal_exti.c ****   pExtiConfig->Trigger = EXTI_TRIGGER_NONE;
 323              		.loc 1 280 3 is_stmt 1 view .LVU107
 324              		.loc 1 280 24 is_stmt 0 view .LVU108
 325 0032 0022     		movs	r2, #0
 326 0034 8A60     		str	r2, [r1, #8]
 281:Drivers/STM32F4xx_HAL_Driver/Src/stm32f4xx_hal_exti.c ****   pExtiConfig->GPIOSel = 0x00u;
 327              		.loc 1 281 3 is_stmt 1 view .LVU109
 328              		.loc 1 281 24 is_stmt 0 view .LVU110
 329 0036 CA60     		str	r2, [r1, #12]
 282:Drivers/STM32F4xx_HAL_Driver/Src/stm32f4xx_hal_exti.c **** 
 283:Drivers/STM32F4xx_HAL_Driver/Src/stm32f4xx_hal_exti.c ****   /* 2] Get trigger for configurable lines : rising */
 284:Drivers/STM32F4xx_HAL_Driver/Src/stm32f4xx_hal_exti.c ****   if ((pExtiConfig->Line & EXTI_CONFIG) != 0x00u)
 330              		.loc 1 284 3 is_stmt 1 view .LVU111
 331              		.loc 1 284 6 is_stmt 0 view .LVU112
 332 0038 10F0007F 		tst	r0, #33554432
 333 003c 2CD0     		beq	.L29
 285:Drivers/STM32F4xx_HAL_Driver/Src/stm32f4xx_hal_exti.c ****   {
 286:Drivers/STM32F4xx_HAL_Driver/Src/stm32f4xx_hal_exti.c ****     /* Check if configuration of selected line is enable */
 287:Drivers/STM32F4xx_HAL_Driver/Src/stm32f4xx_hal_exti.c ****     if ((EXTI->RTSR & maskline) != 0x00u)
 334              		.loc 1 287 5 is_stmt 1 view .LVU113
 335              		.loc 1 287 14 is_stmt 0 view .LVU114
 336 003e 174A     		ldr	r2, .L32
 337 0040 9268     		ldr	r2, [r2, #8]
 338              		.loc 1 287 8 view .LVU115
 339 0042 1A42     		tst	r2, r3
 340 0044 01D0     		beq	.L25
 288:Drivers/STM32F4xx_HAL_Driver/Src/stm32f4xx_hal_exti.c ****     {
 289:Drivers/STM32F4xx_HAL_Driver/Src/stm32f4xx_hal_exti.c ****       pExtiConfig->Trigger = EXTI_TRIGGER_RISING;
 341              		.loc 1 289 7 is_stmt 1 view .LVU116
 342              		.loc 1 289 28 is_stmt 0 view .LVU117
 343 0046 0122     		movs	r2, #1
 344 0048 8A60     		str	r2, [r1, #8]
 345              	.L25:
 290:Drivers/STM32F4xx_HAL_Driver/Src/stm32f4xx_hal_exti.c ****     }
 291:Drivers/STM32F4xx_HAL_Driver/Src/stm32f4xx_hal_exti.c **** 
 292:Drivers/STM32F4xx_HAL_Driver/Src/stm32f4xx_hal_exti.c ****     /* Get falling configuration */
 293:Drivers/STM32F4xx_HAL_Driver/Src/stm32f4xx_hal_exti.c ****     /* Check if configuration of selected line is enable */
 294:Drivers/STM32F4xx_HAL_Driver/Src/stm32f4xx_hal_exti.c ****     if ((EXTI->FTSR & maskline) != 0x00u)
 346              		.loc 1 294 5 is_stmt 1 view .LVU118
 347              		.loc 1 294 14 is_stmt 0 view .LVU119
 348 004a 144A     		ldr	r2, .L32
 349 004c D268     		ldr	r2, [r2, #12]
 350              		.loc 1 294 8 view .LVU120
 351 004e 1A42     		tst	r2, r3
 352 0050 03D0     		beq	.L26
 295:Drivers/STM32F4xx_HAL_Driver/Src/stm32f4xx_hal_exti.c ****     {
 296:Drivers/STM32F4xx_HAL_Driver/Src/stm32f4xx_hal_exti.c ****       pExtiConfig->Trigger |= EXTI_TRIGGER_FALLING;
 353              		.loc 1 296 7 is_stmt 1 view .LVU121
 354              		.loc 1 296 18 is_stmt 0 view .LVU122
 355 0052 8B68     		ldr	r3, [r1, #8]
 356              	.LVL22:
 357              		.loc 1 296 28 view .LVU123
 358 0054 43F00203 		orr	r3, r3, #2
ARM GAS  /tmp/ccHwphVr.s 			page 13


 359 0058 8B60     		str	r3, [r1, #8]
 360              	.L26:
 297:Drivers/STM32F4xx_HAL_Driver/Src/stm32f4xx_hal_exti.c ****     }
 298:Drivers/STM32F4xx_HAL_Driver/Src/stm32f4xx_hal_exti.c **** 
 299:Drivers/STM32F4xx_HAL_Driver/Src/stm32f4xx_hal_exti.c ****     /* Get Gpio port selection for gpio lines */
 300:Drivers/STM32F4xx_HAL_Driver/Src/stm32f4xx_hal_exti.c ****     if ((pExtiConfig->Line & EXTI_GPIO) == EXTI_GPIO)
 361              		.loc 1 300 5 is_stmt 1 view .LVU124
 362              		.loc 1 300 28 is_stmt 0 view .LVU125
 363 005a 00F0C063 		and	r3, r0, #100663296
 364              		.loc 1 300 8 view .LVU126
 365 005e B3F1C06F 		cmp	r3, #100663296
 366 0062 04D0     		beq	.L31
 301:Drivers/STM32F4xx_HAL_Driver/Src/stm32f4xx_hal_exti.c ****     {
 302:Drivers/STM32F4xx_HAL_Driver/Src/stm32f4xx_hal_exti.c ****       assert_param(IS_EXTI_GPIO_PIN(linepos));
 303:Drivers/STM32F4xx_HAL_Driver/Src/stm32f4xx_hal_exti.c **** 
 304:Drivers/STM32F4xx_HAL_Driver/Src/stm32f4xx_hal_exti.c ****       regval = SYSCFG->EXTICR[linepos >> 2u];
 305:Drivers/STM32F4xx_HAL_Driver/Src/stm32f4xx_hal_exti.c ****       pExtiConfig->GPIOSel = ((regval << (SYSCFG_EXTICR1_EXTI1_Pos * (3uL - (linepos & 0x03u)))) >>
 306:Drivers/STM32F4xx_HAL_Driver/Src/stm32f4xx_hal_exti.c ****     }
 307:Drivers/STM32F4xx_HAL_Driver/Src/stm32f4xx_hal_exti.c ****   }
 308:Drivers/STM32F4xx_HAL_Driver/Src/stm32f4xx_hal_exti.c **** 
 309:Drivers/STM32F4xx_HAL_Driver/Src/stm32f4xx_hal_exti.c ****   return HAL_OK;
 367              		.loc 1 309 10 view .LVU127
 368 0064 0020     		movs	r0, #0
 310:Drivers/STM32F4xx_HAL_Driver/Src/stm32f4xx_hal_exti.c **** }
 369              		.loc 1 310 1 view .LVU128
 370 0066 7047     		bx	lr
 371              	.LVL23:
 372              	.L22:
 269:Drivers/STM32F4xx_HAL_Driver/Src/stm32f4xx_hal_exti.c ****   }
 373              		.loc 1 269 5 is_stmt 1 view .LVU129
 269:Drivers/STM32F4xx_HAL_Driver/Src/stm32f4xx_hal_exti.c ****   }
 374              		.loc 1 269 23 is_stmt 0 view .LVU130
 375 0068 0022     		movs	r2, #0
 376 006a 4A60     		str	r2, [r1, #4]
 377 006c D9E7     		b	.L23
 378              	.LVL24:
 379              	.L31:
 302:Drivers/STM32F4xx_HAL_Driver/Src/stm32f4xx_hal_exti.c **** 
 380              		.loc 1 302 7 is_stmt 1 view .LVU131
 304:Drivers/STM32F4xx_HAL_Driver/Src/stm32f4xx_hal_exti.c ****       pExtiConfig->GPIOSel = ((regval << (SYSCFG_EXTICR1_EXTI1_Pos * (3uL - (linepos & 0x03u)))) >>
 381              		.loc 1 304 7 view .LVU132
 304:Drivers/STM32F4xx_HAL_Driver/Src/stm32f4xx_hal_exti.c ****       pExtiConfig->GPIOSel = ((regval << (SYSCFG_EXTICR1_EXTI1_Pos * (3uL - (linepos & 0x03u)))) >>
 382              		.loc 1 304 39 is_stmt 0 view .LVU133
 383 006e 4FEA9C03 		lsr	r3, ip, #2
 304:Drivers/STM32F4xx_HAL_Driver/Src/stm32f4xx_hal_exti.c ****       pExtiConfig->GPIOSel = ((regval << (SYSCFG_EXTICR1_EXTI1_Pos * (3uL - (linepos & 0x03u)))) >>
 384              		.loc 1 304 14 view .LVU134
 385 0072 0233     		adds	r3, r3, #2
 386 0074 0A4A     		ldr	r2, .L32+4
 387 0076 52F82320 		ldr	r2, [r2, r3, lsl #2]
 388              	.LVL25:
 305:Drivers/STM32F4xx_HAL_Driver/Src/stm32f4xx_hal_exti.c ****     }
 389              		.loc 1 305 7 is_stmt 1 view .LVU135
 305:Drivers/STM32F4xx_HAL_Driver/Src/stm32f4xx_hal_exti.c ****     }
 390              		.loc 1 305 75 is_stmt 0 view .LVU136
 391 007a 6FEA0C03 		mvn	r3, ip
 392 007e 03F00303 		and	r3, r3, #3
 305:Drivers/STM32F4xx_HAL_Driver/Src/stm32f4xx_hal_exti.c ****     }
ARM GAS  /tmp/ccHwphVr.s 			page 14


 393              		.loc 1 305 68 view .LVU137
 394 0082 9B00     		lsls	r3, r3, #2
 305:Drivers/STM32F4xx_HAL_Driver/Src/stm32f4xx_hal_exti.c ****     }
 395              		.loc 1 305 39 view .LVU138
 396 0084 02FA03F3 		lsl	r3, r2, r3
 305:Drivers/STM32F4xx_HAL_Driver/Src/stm32f4xx_hal_exti.c ****     }
 397              		.loc 1 305 98 view .LVU139
 398 0088 1B0E     		lsrs	r3, r3, #24
 305:Drivers/STM32F4xx_HAL_Driver/Src/stm32f4xx_hal_exti.c ****     }
 399              		.loc 1 305 28 view .LVU140
 400 008a CB60     		str	r3, [r1, #12]
 309:Drivers/STM32F4xx_HAL_Driver/Src/stm32f4xx_hal_exti.c **** }
 401              		.loc 1 309 10 view .LVU141
 402 008c 0020     		movs	r0, #0
 403 008e 7047     		bx	lr
 404              	.LVL26:
 405              	.L27:
 247:Drivers/STM32F4xx_HAL_Driver/Src/stm32f4xx_hal_exti.c ****   }
 406              		.loc 1 247 12 view .LVU142
 407 0090 0120     		movs	r0, #1
 408              	.LVL27:
 247:Drivers/STM32F4xx_HAL_Driver/Src/stm32f4xx_hal_exti.c ****   }
 409              		.loc 1 247 12 view .LVU143
 410 0092 7047     		bx	lr
 411              	.LVL28:
 412              	.L28:
 247:Drivers/STM32F4xx_HAL_Driver/Src/stm32f4xx_hal_exti.c ****   }
 413              		.loc 1 247 12 view .LVU144
 414 0094 0120     		movs	r0, #1
 415              	.LVL29:
 247:Drivers/STM32F4xx_HAL_Driver/Src/stm32f4xx_hal_exti.c ****   }
 416              		.loc 1 247 12 view .LVU145
 417 0096 7047     		bx	lr
 418              	.LVL30:
 419              	.L29:
 309:Drivers/STM32F4xx_HAL_Driver/Src/stm32f4xx_hal_exti.c **** }
 420              		.loc 1 309 10 view .LVU146
 421 0098 0020     		movs	r0, #0
 422 009a 7047     		bx	lr
 423              	.L33:
 424              		.align	2
 425              	.L32:
 426 009c 003C0140 		.word	1073822720
 427 00a0 00380140 		.word	1073821696
 428              		.cfi_endproc
 429              	.LFE131:
 431              		.section	.text.HAL_EXTI_ClearConfigLine,"ax",%progbits
 432              		.align	1
 433              		.global	HAL_EXTI_ClearConfigLine
 434              		.syntax unified
 435              		.thumb
 436              		.thumb_func
 438              	HAL_EXTI_ClearConfigLine:
 439              	.LVL31:
 440              	.LFB132:
 311:Drivers/STM32F4xx_HAL_Driver/Src/stm32f4xx_hal_exti.c **** 
 312:Drivers/STM32F4xx_HAL_Driver/Src/stm32f4xx_hal_exti.c **** /**
ARM GAS  /tmp/ccHwphVr.s 			page 15


 313:Drivers/STM32F4xx_HAL_Driver/Src/stm32f4xx_hal_exti.c ****   * @brief  Clear whole configuration of a dedicated Exti line.
 314:Drivers/STM32F4xx_HAL_Driver/Src/stm32f4xx_hal_exti.c ****   * @param  hexti Exti handle.
 315:Drivers/STM32F4xx_HAL_Driver/Src/stm32f4xx_hal_exti.c ****   * @retval HAL Status.
 316:Drivers/STM32F4xx_HAL_Driver/Src/stm32f4xx_hal_exti.c ****   */
 317:Drivers/STM32F4xx_HAL_Driver/Src/stm32f4xx_hal_exti.c **** HAL_StatusTypeDef HAL_EXTI_ClearConfigLine(EXTI_HandleTypeDef *hexti)
 318:Drivers/STM32F4xx_HAL_Driver/Src/stm32f4xx_hal_exti.c **** {
 441              		.loc 1 318 1 is_stmt 1 view -0
 442              		.cfi_startproc
 443              		@ args = 0, pretend = 0, frame = 0
 444              		@ frame_needed = 0, uses_anonymous_args = 0
 319:Drivers/STM32F4xx_HAL_Driver/Src/stm32f4xx_hal_exti.c ****   uint32_t regval;
 445              		.loc 1 319 3 view .LVU148
 320:Drivers/STM32F4xx_HAL_Driver/Src/stm32f4xx_hal_exti.c ****   uint32_t linepos;
 446              		.loc 1 320 3 view .LVU149
 321:Drivers/STM32F4xx_HAL_Driver/Src/stm32f4xx_hal_exti.c ****   uint32_t maskline;
 447              		.loc 1 321 3 view .LVU150
 322:Drivers/STM32F4xx_HAL_Driver/Src/stm32f4xx_hal_exti.c **** 
 323:Drivers/STM32F4xx_HAL_Driver/Src/stm32f4xx_hal_exti.c ****   /* Check null pointer */
 324:Drivers/STM32F4xx_HAL_Driver/Src/stm32f4xx_hal_exti.c ****   if (hexti == NULL)
 448              		.loc 1 324 3 view .LVU151
 449              		.loc 1 324 6 is_stmt 0 view .LVU152
 450 0000 0028     		cmp	r0, #0
 451 0002 37D0     		beq	.L36
 318:Drivers/STM32F4xx_HAL_Driver/Src/stm32f4xx_hal_exti.c ****   uint32_t regval;
 452              		.loc 1 318 1 view .LVU153
 453 0004 10B5     		push	{r4, lr}
 454              	.LCFI4:
 455              		.cfi_def_cfa_offset 8
 456              		.cfi_offset 4, -8
 457              		.cfi_offset 14, -4
 458 0006 8446     		mov	ip, r0
 325:Drivers/STM32F4xx_HAL_Driver/Src/stm32f4xx_hal_exti.c ****   {
 326:Drivers/STM32F4xx_HAL_Driver/Src/stm32f4xx_hal_exti.c ****     return HAL_ERROR;
 327:Drivers/STM32F4xx_HAL_Driver/Src/stm32f4xx_hal_exti.c ****   }
 328:Drivers/STM32F4xx_HAL_Driver/Src/stm32f4xx_hal_exti.c **** 
 329:Drivers/STM32F4xx_HAL_Driver/Src/stm32f4xx_hal_exti.c ****   /* Check the parameter */
 330:Drivers/STM32F4xx_HAL_Driver/Src/stm32f4xx_hal_exti.c ****   assert_param(IS_EXTI_LINE(hexti->Line));
 459              		.loc 1 330 3 is_stmt 1 view .LVU154
 331:Drivers/STM32F4xx_HAL_Driver/Src/stm32f4xx_hal_exti.c **** 
 332:Drivers/STM32F4xx_HAL_Driver/Src/stm32f4xx_hal_exti.c ****   /* compute line mask */
 333:Drivers/STM32F4xx_HAL_Driver/Src/stm32f4xx_hal_exti.c ****   linepos = (hexti->Line & EXTI_PIN_MASK);
 460              		.loc 1 333 3 view .LVU155
 461              		.loc 1 333 19 is_stmt 0 view .LVU156
 462 0008 0468     		ldr	r4, [r0]
 463              		.loc 1 333 11 view .LVU157
 464 000a 04F01F00 		and	r0, r4, #31
 465              	.LVL32:
 334:Drivers/STM32F4xx_HAL_Driver/Src/stm32f4xx_hal_exti.c ****   maskline = (1uL << linepos);
 466              		.loc 1 334 3 is_stmt 1 view .LVU158
 467              		.loc 1 334 12 is_stmt 0 view .LVU159
 468 000e 0123     		movs	r3, #1
 469 0010 8340     		lsls	r3, r3, r0
 470              	.LVL33:
 335:Drivers/STM32F4xx_HAL_Driver/Src/stm32f4xx_hal_exti.c **** 
 336:Drivers/STM32F4xx_HAL_Driver/Src/stm32f4xx_hal_exti.c ****   /* 1] Clear interrupt mode */
 337:Drivers/STM32F4xx_HAL_Driver/Src/stm32f4xx_hal_exti.c ****   EXTI->IMR = (EXTI->IMR & ~maskline);
 471              		.loc 1 337 3 is_stmt 1 view .LVU160
ARM GAS  /tmp/ccHwphVr.s 			page 16


 472              		.loc 1 337 20 is_stmt 0 view .LVU161
 473 0012 1A4A     		ldr	r2, .L44
 474 0014 1168     		ldr	r1, [r2]
 475              		.loc 1 337 28 view .LVU162
 476 0016 6FEA030E 		mvn	lr, r3
 477              		.loc 1 337 26 view .LVU163
 478 001a 21EA0301 		bic	r1, r1, r3
 479              		.loc 1 337 13 view .LVU164
 480 001e 1160     		str	r1, [r2]
 338:Drivers/STM32F4xx_HAL_Driver/Src/stm32f4xx_hal_exti.c **** 
 339:Drivers/STM32F4xx_HAL_Driver/Src/stm32f4xx_hal_exti.c ****   /* 2] Clear event mode */
 340:Drivers/STM32F4xx_HAL_Driver/Src/stm32f4xx_hal_exti.c ****   EXTI->EMR = (EXTI->EMR & ~maskline);
 481              		.loc 1 340 3 is_stmt 1 view .LVU165
 482              		.loc 1 340 20 is_stmt 0 view .LVU166
 483 0020 5168     		ldr	r1, [r2, #4]
 484              		.loc 1 340 26 view .LVU167
 485 0022 21EA0303 		bic	r3, r1, r3
 486              	.LVL34:
 487              		.loc 1 340 13 view .LVU168
 488 0026 5360     		str	r3, [r2, #4]
 341:Drivers/STM32F4xx_HAL_Driver/Src/stm32f4xx_hal_exti.c **** 
 342:Drivers/STM32F4xx_HAL_Driver/Src/stm32f4xx_hal_exti.c ****   /* 3] Clear triggers in case of configurable lines */
 343:Drivers/STM32F4xx_HAL_Driver/Src/stm32f4xx_hal_exti.c ****   if ((hexti->Line & EXTI_CONFIG) != 0x00u)
 489              		.loc 1 343 3 is_stmt 1 view .LVU169
 490              		.loc 1 343 13 is_stmt 0 view .LVU170
 491 0028 DCF80030 		ldr	r3, [ip]
 492              		.loc 1 343 6 view .LVU171
 493 002c 13F0007F 		tst	r3, #33554432
 494 0030 22D0     		beq	.L37
 344:Drivers/STM32F4xx_HAL_Driver/Src/stm32f4xx_hal_exti.c ****   {
 345:Drivers/STM32F4xx_HAL_Driver/Src/stm32f4xx_hal_exti.c ****     EXTI->RTSR = (EXTI->RTSR & ~maskline);
 495              		.loc 1 345 5 is_stmt 1 view .LVU172
 496              		.loc 1 345 23 is_stmt 0 view .LVU173
 497 0032 9368     		ldr	r3, [r2, #8]
 498              		.loc 1 345 30 view .LVU174
 499 0034 0EEA0303 		and	r3, lr, r3
 500              		.loc 1 345 16 view .LVU175
 501 0038 9360     		str	r3, [r2, #8]
 346:Drivers/STM32F4xx_HAL_Driver/Src/stm32f4xx_hal_exti.c ****     EXTI->FTSR = (EXTI->FTSR & ~maskline);
 502              		.loc 1 346 5 is_stmt 1 view .LVU176
 503              		.loc 1 346 23 is_stmt 0 view .LVU177
 504 003a D368     		ldr	r3, [r2, #12]
 505              		.loc 1 346 30 view .LVU178
 506 003c 0EEA0303 		and	r3, lr, r3
 507              		.loc 1 346 16 view .LVU179
 508 0040 D360     		str	r3, [r2, #12]
 347:Drivers/STM32F4xx_HAL_Driver/Src/stm32f4xx_hal_exti.c **** 
 348:Drivers/STM32F4xx_HAL_Driver/Src/stm32f4xx_hal_exti.c ****     /* Get Gpio port selection for gpio lines */
 349:Drivers/STM32F4xx_HAL_Driver/Src/stm32f4xx_hal_exti.c ****     if ((hexti->Line & EXTI_GPIO) == EXTI_GPIO)
 509              		.loc 1 349 5 is_stmt 1 view .LVU180
 510              		.loc 1 349 15 is_stmt 0 view .LVU181
 511 0042 DCF80030 		ldr	r3, [ip]
 512              		.loc 1 349 22 view .LVU182
 513 0046 03F0C063 		and	r3, r3, #100663296
 514              		.loc 1 349 8 view .LVU183
 515 004a B3F1C06F 		cmp	r3, #100663296
 516 004e 01D0     		beq	.L43
ARM GAS  /tmp/ccHwphVr.s 			page 17


 350:Drivers/STM32F4xx_HAL_Driver/Src/stm32f4xx_hal_exti.c ****     {
 351:Drivers/STM32F4xx_HAL_Driver/Src/stm32f4xx_hal_exti.c ****       assert_param(IS_EXTI_GPIO_PIN(linepos));
 352:Drivers/STM32F4xx_HAL_Driver/Src/stm32f4xx_hal_exti.c **** 
 353:Drivers/STM32F4xx_HAL_Driver/Src/stm32f4xx_hal_exti.c ****       regval = SYSCFG->EXTICR[linepos >> 2u];
 354:Drivers/STM32F4xx_HAL_Driver/Src/stm32f4xx_hal_exti.c ****       regval &= ~(SYSCFG_EXTICR1_EXTI0 << (SYSCFG_EXTICR1_EXTI1_Pos * (linepos & 0x03u)));
 355:Drivers/STM32F4xx_HAL_Driver/Src/stm32f4xx_hal_exti.c ****       SYSCFG->EXTICR[linepos >> 2u] = regval;
 356:Drivers/STM32F4xx_HAL_Driver/Src/stm32f4xx_hal_exti.c ****     }
 357:Drivers/STM32F4xx_HAL_Driver/Src/stm32f4xx_hal_exti.c ****   }
 358:Drivers/STM32F4xx_HAL_Driver/Src/stm32f4xx_hal_exti.c **** 
 359:Drivers/STM32F4xx_HAL_Driver/Src/stm32f4xx_hal_exti.c ****   return HAL_OK;
 517              		.loc 1 359 10 view .LVU184
 518 0050 0020     		movs	r0, #0
 519              	.LVL35:
 520              		.loc 1 359 10 view .LVU185
 521 0052 12E0     		b	.L35
 522              	.LVL36:
 523              	.L43:
 351:Drivers/STM32F4xx_HAL_Driver/Src/stm32f4xx_hal_exti.c **** 
 524              		.loc 1 351 7 is_stmt 1 view .LVU186
 353:Drivers/STM32F4xx_HAL_Driver/Src/stm32f4xx_hal_exti.c ****       regval &= ~(SYSCFG_EXTICR1_EXTI0 << (SYSCFG_EXTICR1_EXTI1_Pos * (linepos & 0x03u)));
 525              		.loc 1 353 7 view .LVU187
 353:Drivers/STM32F4xx_HAL_Driver/Src/stm32f4xx_hal_exti.c ****       regval &= ~(SYSCFG_EXTICR1_EXTI0 << (SYSCFG_EXTICR1_EXTI1_Pos * (linepos & 0x03u)));
 526              		.loc 1 353 39 is_stmt 0 view .LVU188
 527 0054 8008     		lsrs	r0, r0, #2
 528              	.LVL37:
 353:Drivers/STM32F4xx_HAL_Driver/Src/stm32f4xx_hal_exti.c ****       regval &= ~(SYSCFG_EXTICR1_EXTI0 << (SYSCFG_EXTICR1_EXTI1_Pos * (linepos & 0x03u)));
 529              		.loc 1 353 14 view .LVU189
 530 0056 0A49     		ldr	r1, .L44+4
 531 0058 0230     		adds	r0, r0, #2
 532 005a 51F82030 		ldr	r3, [r1, r0, lsl #2]
 533              	.LVL38:
 354:Drivers/STM32F4xx_HAL_Driver/Src/stm32f4xx_hal_exti.c ****       SYSCFG->EXTICR[linepos >> 2u] = regval;
 534              		.loc 1 354 7 is_stmt 1 view .LVU190
 354:Drivers/STM32F4xx_HAL_Driver/Src/stm32f4xx_hal_exti.c ****       SYSCFG->EXTICR[linepos >> 2u] = regval;
 535              		.loc 1 354 80 is_stmt 0 view .LVU191
 536 005e 04F00304 		and	r4, r4, #3
 537              	.LVL39:
 354:Drivers/STM32F4xx_HAL_Driver/Src/stm32f4xx_hal_exti.c ****       SYSCFG->EXTICR[linepos >> 2u] = regval;
 538              		.loc 1 354 69 view .LVU192
 539 0062 A400     		lsls	r4, r4, #2
 354:Drivers/STM32F4xx_HAL_Driver/Src/stm32f4xx_hal_exti.c ****       SYSCFG->EXTICR[linepos >> 2u] = regval;
 540              		.loc 1 354 40 view .LVU193
 541 0064 0F22     		movs	r2, #15
 542 0066 A240     		lsls	r2, r2, r4
 354:Drivers/STM32F4xx_HAL_Driver/Src/stm32f4xx_hal_exti.c ****       SYSCFG->EXTICR[linepos >> 2u] = regval;
 543              		.loc 1 354 14 view .LVU194
 544 0068 23EA0203 		bic	r3, r3, r2
 545              	.LVL40:
 355:Drivers/STM32F4xx_HAL_Driver/Src/stm32f4xx_hal_exti.c ****     }
 546              		.loc 1 355 7 is_stmt 1 view .LVU195
 355:Drivers/STM32F4xx_HAL_Driver/Src/stm32f4xx_hal_exti.c ****     }
 547              		.loc 1 355 37 is_stmt 0 view .LVU196
 548 006c 41F82030 		str	r3, [r1, r0, lsl #2]
 549              		.loc 1 359 10 view .LVU197
 550 0070 0020     		movs	r0, #0
 551 0072 02E0     		b	.L35
 552              	.LVL41:
ARM GAS  /tmp/ccHwphVr.s 			page 18


 553              	.L36:
 554              	.LCFI5:
 555              		.cfi_def_cfa_offset 0
 556              		.cfi_restore 4
 557              		.cfi_restore 14
 326:Drivers/STM32F4xx_HAL_Driver/Src/stm32f4xx_hal_exti.c ****   }
 558              		.loc 1 326 12 view .LVU198
 559 0074 0120     		movs	r0, #1
 560              	.LVL42:
 360:Drivers/STM32F4xx_HAL_Driver/Src/stm32f4xx_hal_exti.c **** }
 561              		.loc 1 360 1 view .LVU199
 562 0076 7047     		bx	lr
 563              	.LVL43:
 564              	.L37:
 565              	.LCFI6:
 566              		.cfi_def_cfa_offset 8
 567              		.cfi_offset 4, -8
 568              		.cfi_offset 14, -4
 359:Drivers/STM32F4xx_HAL_Driver/Src/stm32f4xx_hal_exti.c **** }
 569              		.loc 1 359 10 view .LVU200
 570 0078 0020     		movs	r0, #0
 571              	.LVL44:
 572              	.L35:
 573              		.loc 1 360 1 view .LVU201
 574 007a 10BD     		pop	{r4, pc}
 575              	.L45:
 576              		.align	2
 577              	.L44:
 578 007c 003C0140 		.word	1073822720
 579 0080 00380140 		.word	1073821696
 580              		.cfi_endproc
 581              	.LFE132:
 583              		.section	.text.HAL_EXTI_RegisterCallback,"ax",%progbits
 584              		.align	1
 585              		.global	HAL_EXTI_RegisterCallback
 586              		.syntax unified
 587              		.thumb
 588              		.thumb_func
 590              	HAL_EXTI_RegisterCallback:
 591              	.LVL45:
 592              	.LFB133:
 361:Drivers/STM32F4xx_HAL_Driver/Src/stm32f4xx_hal_exti.c **** 
 362:Drivers/STM32F4xx_HAL_Driver/Src/stm32f4xx_hal_exti.c **** /**
 363:Drivers/STM32F4xx_HAL_Driver/Src/stm32f4xx_hal_exti.c ****   * @brief  Register callback for a dedicated Exti line.
 364:Drivers/STM32F4xx_HAL_Driver/Src/stm32f4xx_hal_exti.c ****   * @param  hexti Exti handle.
 365:Drivers/STM32F4xx_HAL_Driver/Src/stm32f4xx_hal_exti.c ****   * @param  CallbackID User callback identifier.
 366:Drivers/STM32F4xx_HAL_Driver/Src/stm32f4xx_hal_exti.c ****   *         This parameter can be one of @arg @ref EXTI_CallbackIDTypeDef values.
 367:Drivers/STM32F4xx_HAL_Driver/Src/stm32f4xx_hal_exti.c ****   * @param  pPendingCbfn function pointer to be stored as callback.
 368:Drivers/STM32F4xx_HAL_Driver/Src/stm32f4xx_hal_exti.c ****   * @retval HAL Status.
 369:Drivers/STM32F4xx_HAL_Driver/Src/stm32f4xx_hal_exti.c ****   */
 370:Drivers/STM32F4xx_HAL_Driver/Src/stm32f4xx_hal_exti.c **** HAL_StatusTypeDef HAL_EXTI_RegisterCallback(EXTI_HandleTypeDef *hexti, EXTI_CallbackIDTypeDef Callb
 371:Drivers/STM32F4xx_HAL_Driver/Src/stm32f4xx_hal_exti.c **** {
 593              		.loc 1 371 1 is_stmt 1 view -0
 594              		.cfi_startproc
 595              		@ args = 0, pretend = 0, frame = 0
 596              		@ frame_needed = 0, uses_anonymous_args = 0
 597              		@ link register save eliminated.
ARM GAS  /tmp/ccHwphVr.s 			page 19


 598              		.loc 1 371 1 is_stmt 0 view .LVU203
 599 0000 0346     		mov	r3, r0
 372:Drivers/STM32F4xx_HAL_Driver/Src/stm32f4xx_hal_exti.c ****   HAL_StatusTypeDef status = HAL_OK;
 600              		.loc 1 372 3 is_stmt 1 view .LVU204
 601              	.LVL46:
 373:Drivers/STM32F4xx_HAL_Driver/Src/stm32f4xx_hal_exti.c **** 
 374:Drivers/STM32F4xx_HAL_Driver/Src/stm32f4xx_hal_exti.c ****   switch (CallbackID)
 602              		.loc 1 374 3 view .LVU205
 603 0002 0846     		mov	r0, r1
 604              	.LVL47:
 605              		.loc 1 374 3 is_stmt 0 view .LVU206
 606 0004 09B9     		cbnz	r1, .L48
 375:Drivers/STM32F4xx_HAL_Driver/Src/stm32f4xx_hal_exti.c ****   {
 376:Drivers/STM32F4xx_HAL_Driver/Src/stm32f4xx_hal_exti.c ****     case  HAL_EXTI_COMMON_CB_ID:
 377:Drivers/STM32F4xx_HAL_Driver/Src/stm32f4xx_hal_exti.c ****       hexti->PendingCallback = pPendingCbfn;
 607              		.loc 1 377 7 is_stmt 1 view .LVU207
 608              		.loc 1 377 30 is_stmt 0 view .LVU208
 609 0006 5A60     		str	r2, [r3, #4]
 378:Drivers/STM32F4xx_HAL_Driver/Src/stm32f4xx_hal_exti.c ****       break;
 610              		.loc 1 378 7 is_stmt 1 view .LVU209
 611 0008 7047     		bx	lr
 612              	.L48:
 379:Drivers/STM32F4xx_HAL_Driver/Src/stm32f4xx_hal_exti.c **** 
 380:Drivers/STM32F4xx_HAL_Driver/Src/stm32f4xx_hal_exti.c ****     default:
 381:Drivers/STM32F4xx_HAL_Driver/Src/stm32f4xx_hal_exti.c ****       status = HAL_ERROR;
 613              		.loc 1 381 14 is_stmt 0 view .LVU210
 614 000a 0120     		movs	r0, #1
 615              	.LVL48:
 382:Drivers/STM32F4xx_HAL_Driver/Src/stm32f4xx_hal_exti.c ****       break;
 383:Drivers/STM32F4xx_HAL_Driver/Src/stm32f4xx_hal_exti.c ****   }
 384:Drivers/STM32F4xx_HAL_Driver/Src/stm32f4xx_hal_exti.c **** 
 385:Drivers/STM32F4xx_HAL_Driver/Src/stm32f4xx_hal_exti.c ****   return status;
 616              		.loc 1 385 3 is_stmt 1 view .LVU211
 386:Drivers/STM32F4xx_HAL_Driver/Src/stm32f4xx_hal_exti.c **** }
 617              		.loc 1 386 1 is_stmt 0 view .LVU212
 618 000c 7047     		bx	lr
 619              		.cfi_endproc
 620              	.LFE133:
 622              		.section	.text.HAL_EXTI_GetHandle,"ax",%progbits
 623              		.align	1
 624              		.global	HAL_EXTI_GetHandle
 625              		.syntax unified
 626              		.thumb
 627              		.thumb_func
 629              	HAL_EXTI_GetHandle:
 630              	.LVL49:
 631              	.LFB134:
 387:Drivers/STM32F4xx_HAL_Driver/Src/stm32f4xx_hal_exti.c **** 
 388:Drivers/STM32F4xx_HAL_Driver/Src/stm32f4xx_hal_exti.c **** /**
 389:Drivers/STM32F4xx_HAL_Driver/Src/stm32f4xx_hal_exti.c ****   * @brief  Store line number as handle private field.
 390:Drivers/STM32F4xx_HAL_Driver/Src/stm32f4xx_hal_exti.c ****   * @param  hexti Exti handle.
 391:Drivers/STM32F4xx_HAL_Driver/Src/stm32f4xx_hal_exti.c ****   * @param  ExtiLine Exti line number.
 392:Drivers/STM32F4xx_HAL_Driver/Src/stm32f4xx_hal_exti.c ****   *         This parameter can be from 0 to @ref EXTI_LINE_NB.
 393:Drivers/STM32F4xx_HAL_Driver/Src/stm32f4xx_hal_exti.c ****   * @retval HAL Status.
 394:Drivers/STM32F4xx_HAL_Driver/Src/stm32f4xx_hal_exti.c ****   */
 395:Drivers/STM32F4xx_HAL_Driver/Src/stm32f4xx_hal_exti.c **** HAL_StatusTypeDef HAL_EXTI_GetHandle(EXTI_HandleTypeDef *hexti, uint32_t ExtiLine)
 396:Drivers/STM32F4xx_HAL_Driver/Src/stm32f4xx_hal_exti.c **** {
ARM GAS  /tmp/ccHwphVr.s 			page 20


 632              		.loc 1 396 1 is_stmt 1 view -0
 633              		.cfi_startproc
 634              		@ args = 0, pretend = 0, frame = 0
 635              		@ frame_needed = 0, uses_anonymous_args = 0
 636              		@ link register save eliminated.
 397:Drivers/STM32F4xx_HAL_Driver/Src/stm32f4xx_hal_exti.c ****   /* Check the parameters */
 398:Drivers/STM32F4xx_HAL_Driver/Src/stm32f4xx_hal_exti.c ****   assert_param(IS_EXTI_LINE(ExtiLine));
 637              		.loc 1 398 3 view .LVU214
 399:Drivers/STM32F4xx_HAL_Driver/Src/stm32f4xx_hal_exti.c **** 
 400:Drivers/STM32F4xx_HAL_Driver/Src/stm32f4xx_hal_exti.c ****   /* Check null pointer */
 401:Drivers/STM32F4xx_HAL_Driver/Src/stm32f4xx_hal_exti.c ****   if (hexti == NULL)
 638              		.loc 1 401 3 view .LVU215
 639              		.loc 1 401 6 is_stmt 0 view .LVU216
 640 0000 10B1     		cbz	r0, .L51
 402:Drivers/STM32F4xx_HAL_Driver/Src/stm32f4xx_hal_exti.c ****   {
 403:Drivers/STM32F4xx_HAL_Driver/Src/stm32f4xx_hal_exti.c ****     return HAL_ERROR;
 404:Drivers/STM32F4xx_HAL_Driver/Src/stm32f4xx_hal_exti.c ****   }
 405:Drivers/STM32F4xx_HAL_Driver/Src/stm32f4xx_hal_exti.c ****   else
 406:Drivers/STM32F4xx_HAL_Driver/Src/stm32f4xx_hal_exti.c ****   {
 407:Drivers/STM32F4xx_HAL_Driver/Src/stm32f4xx_hal_exti.c ****     /* Store line number as handle private field */
 408:Drivers/STM32F4xx_HAL_Driver/Src/stm32f4xx_hal_exti.c ****     hexti->Line = ExtiLine;
 641              		.loc 1 408 5 is_stmt 1 view .LVU217
 642              		.loc 1 408 17 is_stmt 0 view .LVU218
 643 0002 0160     		str	r1, [r0]
 409:Drivers/STM32F4xx_HAL_Driver/Src/stm32f4xx_hal_exti.c **** 
 410:Drivers/STM32F4xx_HAL_Driver/Src/stm32f4xx_hal_exti.c ****     return HAL_OK;
 644              		.loc 1 410 5 is_stmt 1 view .LVU219
 645              		.loc 1 410 12 is_stmt 0 view .LVU220
 646 0004 0020     		movs	r0, #0
 647              	.LVL50:
 648              		.loc 1 410 12 view .LVU221
 649 0006 7047     		bx	lr
 650              	.LVL51:
 651              	.L51:
 403:Drivers/STM32F4xx_HAL_Driver/Src/stm32f4xx_hal_exti.c ****   }
 652              		.loc 1 403 12 view .LVU222
 653 0008 0120     		movs	r0, #1
 654              	.LVL52:
 411:Drivers/STM32F4xx_HAL_Driver/Src/stm32f4xx_hal_exti.c ****   }
 412:Drivers/STM32F4xx_HAL_Driver/Src/stm32f4xx_hal_exti.c **** }
 655              		.loc 1 412 1 view .LVU223
 656 000a 7047     		bx	lr
 657              		.cfi_endproc
 658              	.LFE134:
 660              		.section	.text.HAL_EXTI_IRQHandler,"ax",%progbits
 661              		.align	1
 662              		.global	HAL_EXTI_IRQHandler
 663              		.syntax unified
 664              		.thumb
 665              		.thumb_func
 667              	HAL_EXTI_IRQHandler:
 668              	.LVL53:
 669              	.LFB135:
 413:Drivers/STM32F4xx_HAL_Driver/Src/stm32f4xx_hal_exti.c **** 
 414:Drivers/STM32F4xx_HAL_Driver/Src/stm32f4xx_hal_exti.c **** /**
 415:Drivers/STM32F4xx_HAL_Driver/Src/stm32f4xx_hal_exti.c ****   * @}
 416:Drivers/STM32F4xx_HAL_Driver/Src/stm32f4xx_hal_exti.c ****   */
ARM GAS  /tmp/ccHwphVr.s 			page 21


 417:Drivers/STM32F4xx_HAL_Driver/Src/stm32f4xx_hal_exti.c **** 
 418:Drivers/STM32F4xx_HAL_Driver/Src/stm32f4xx_hal_exti.c **** /** @addtogroup EXTI_Exported_Functions_Group2
 419:Drivers/STM32F4xx_HAL_Driver/Src/stm32f4xx_hal_exti.c ****   *  @brief EXTI IO functions.
 420:Drivers/STM32F4xx_HAL_Driver/Src/stm32f4xx_hal_exti.c ****   *
 421:Drivers/STM32F4xx_HAL_Driver/Src/stm32f4xx_hal_exti.c **** @verbatim
 422:Drivers/STM32F4xx_HAL_Driver/Src/stm32f4xx_hal_exti.c ****  ===============================================================================
 423:Drivers/STM32F4xx_HAL_Driver/Src/stm32f4xx_hal_exti.c ****                        ##### IO operation functions #####
 424:Drivers/STM32F4xx_HAL_Driver/Src/stm32f4xx_hal_exti.c ****  ===============================================================================
 425:Drivers/STM32F4xx_HAL_Driver/Src/stm32f4xx_hal_exti.c **** 
 426:Drivers/STM32F4xx_HAL_Driver/Src/stm32f4xx_hal_exti.c **** @endverbatim
 427:Drivers/STM32F4xx_HAL_Driver/Src/stm32f4xx_hal_exti.c ****   * @{
 428:Drivers/STM32F4xx_HAL_Driver/Src/stm32f4xx_hal_exti.c ****   */
 429:Drivers/STM32F4xx_HAL_Driver/Src/stm32f4xx_hal_exti.c **** 
 430:Drivers/STM32F4xx_HAL_Driver/Src/stm32f4xx_hal_exti.c **** /**
 431:Drivers/STM32F4xx_HAL_Driver/Src/stm32f4xx_hal_exti.c ****   * @brief  Handle EXTI interrupt request.
 432:Drivers/STM32F4xx_HAL_Driver/Src/stm32f4xx_hal_exti.c ****   * @param  hexti Exti handle.
 433:Drivers/STM32F4xx_HAL_Driver/Src/stm32f4xx_hal_exti.c ****   * @retval none.
 434:Drivers/STM32F4xx_HAL_Driver/Src/stm32f4xx_hal_exti.c ****   */
 435:Drivers/STM32F4xx_HAL_Driver/Src/stm32f4xx_hal_exti.c **** void HAL_EXTI_IRQHandler(EXTI_HandleTypeDef *hexti)
 436:Drivers/STM32F4xx_HAL_Driver/Src/stm32f4xx_hal_exti.c **** {
 670              		.loc 1 436 1 is_stmt 1 view -0
 671              		.cfi_startproc
 672              		@ args = 0, pretend = 0, frame = 0
 673              		@ frame_needed = 0, uses_anonymous_args = 0
 674              		.loc 1 436 1 is_stmt 0 view .LVU225
 675 0000 08B5     		push	{r3, lr}
 676              	.LCFI7:
 677              		.cfi_def_cfa_offset 8
 678              		.cfi_offset 3, -8
 679              		.cfi_offset 14, -4
 437:Drivers/STM32F4xx_HAL_Driver/Src/stm32f4xx_hal_exti.c ****   uint32_t regval;
 680              		.loc 1 437 3 is_stmt 1 view .LVU226
 438:Drivers/STM32F4xx_HAL_Driver/Src/stm32f4xx_hal_exti.c ****   uint32_t maskline;
 681              		.loc 1 438 3 view .LVU227
 439:Drivers/STM32F4xx_HAL_Driver/Src/stm32f4xx_hal_exti.c **** 
 440:Drivers/STM32F4xx_HAL_Driver/Src/stm32f4xx_hal_exti.c ****   /* Compute line mask */
 441:Drivers/STM32F4xx_HAL_Driver/Src/stm32f4xx_hal_exti.c ****   maskline = (1uL << (hexti->Line & EXTI_PIN_MASK));
 682              		.loc 1 441 3 view .LVU228
 683              		.loc 1 441 28 is_stmt 0 view .LVU229
 684 0002 0368     		ldr	r3, [r0]
 685              		.loc 1 441 35 view .LVU230
 686 0004 03F01F02 		and	r2, r3, #31
 687              		.loc 1 441 12 view .LVU231
 688 0008 0123     		movs	r3, #1
 689 000a 9340     		lsls	r3, r3, r2
 690              	.LVL54:
 442:Drivers/STM32F4xx_HAL_Driver/Src/stm32f4xx_hal_exti.c **** 
 443:Drivers/STM32F4xx_HAL_Driver/Src/stm32f4xx_hal_exti.c ****   /* Get pending bit  */
 444:Drivers/STM32F4xx_HAL_Driver/Src/stm32f4xx_hal_exti.c ****   regval = (EXTI->PR & maskline);
 691              		.loc 1 444 3 is_stmt 1 view .LVU232
 692              		.loc 1 444 17 is_stmt 0 view .LVU233
 693 000c 044A     		ldr	r2, .L55
 694 000e 5269     		ldr	r2, [r2, #20]
 695              	.LVL55:
 445:Drivers/STM32F4xx_HAL_Driver/Src/stm32f4xx_hal_exti.c ****   if (regval != 0x00u)
 696              		.loc 1 445 3 is_stmt 1 view .LVU234
 697              		.loc 1 445 6 is_stmt 0 view .LVU235
ARM GAS  /tmp/ccHwphVr.s 			page 22


 698 0010 1A42     		tst	r2, r3
 699 0012 04D0     		beq	.L52
 446:Drivers/STM32F4xx_HAL_Driver/Src/stm32f4xx_hal_exti.c ****   {
 447:Drivers/STM32F4xx_HAL_Driver/Src/stm32f4xx_hal_exti.c ****     /* Clear pending bit */
 448:Drivers/STM32F4xx_HAL_Driver/Src/stm32f4xx_hal_exti.c ****     EXTI->PR = maskline;
 700              		.loc 1 448 5 is_stmt 1 view .LVU236
 701              		.loc 1 448 14 is_stmt 0 view .LVU237
 702 0014 024A     		ldr	r2, .L55
 703              	.LVL56:
 704              		.loc 1 448 14 view .LVU238
 705 0016 5361     		str	r3, [r2, #20]
 449:Drivers/STM32F4xx_HAL_Driver/Src/stm32f4xx_hal_exti.c **** 
 450:Drivers/STM32F4xx_HAL_Driver/Src/stm32f4xx_hal_exti.c ****     /* Call callback */
 451:Drivers/STM32F4xx_HAL_Driver/Src/stm32f4xx_hal_exti.c ****     if (hexti->PendingCallback != NULL)
 706              		.loc 1 451 5 is_stmt 1 view .LVU239
 707              		.loc 1 451 14 is_stmt 0 view .LVU240
 708 0018 4368     		ldr	r3, [r0, #4]
 709              	.LVL57:
 710              		.loc 1 451 8 view .LVU241
 711 001a 03B1     		cbz	r3, .L52
 452:Drivers/STM32F4xx_HAL_Driver/Src/stm32f4xx_hal_exti.c ****     {
 453:Drivers/STM32F4xx_HAL_Driver/Src/stm32f4xx_hal_exti.c ****       hexti->PendingCallback();
 712              		.loc 1 453 7 is_stmt 1 view .LVU242
 713 001c 9847     		blx	r3
 714              	.LVL58:
 715              	.L52:
 454:Drivers/STM32F4xx_HAL_Driver/Src/stm32f4xx_hal_exti.c ****     }
 455:Drivers/STM32F4xx_HAL_Driver/Src/stm32f4xx_hal_exti.c ****   }
 456:Drivers/STM32F4xx_HAL_Driver/Src/stm32f4xx_hal_exti.c **** }
 716              		.loc 1 456 1 is_stmt 0 view .LVU243
 717 001e 08BD     		pop	{r3, pc}
 718              	.L56:
 719              		.align	2
 720              	.L55:
 721 0020 003C0140 		.word	1073822720
 722              		.cfi_endproc
 723              	.LFE135:
 725              		.section	.text.HAL_EXTI_GetPending,"ax",%progbits
 726              		.align	1
 727              		.global	HAL_EXTI_GetPending
 728              		.syntax unified
 729              		.thumb
 730              		.thumb_func
 732              	HAL_EXTI_GetPending:
 733              	.LVL59:
 734              	.LFB136:
 457:Drivers/STM32F4xx_HAL_Driver/Src/stm32f4xx_hal_exti.c **** 
 458:Drivers/STM32F4xx_HAL_Driver/Src/stm32f4xx_hal_exti.c **** /**
 459:Drivers/STM32F4xx_HAL_Driver/Src/stm32f4xx_hal_exti.c ****   * @brief  Get interrupt pending bit of a dedicated line.
 460:Drivers/STM32F4xx_HAL_Driver/Src/stm32f4xx_hal_exti.c ****   * @param  hexti Exti handle.
 461:Drivers/STM32F4xx_HAL_Driver/Src/stm32f4xx_hal_exti.c ****   * @param  Edge Specify which pending edge as to be checked.
 462:Drivers/STM32F4xx_HAL_Driver/Src/stm32f4xx_hal_exti.c ****   *         This parameter can be one of the following values:
 463:Drivers/STM32F4xx_HAL_Driver/Src/stm32f4xx_hal_exti.c ****   *           @arg @ref EXTI_TRIGGER_RISING_FALLING
 464:Drivers/STM32F4xx_HAL_Driver/Src/stm32f4xx_hal_exti.c ****   *         This parameter is kept for compatibility with other series.
 465:Drivers/STM32F4xx_HAL_Driver/Src/stm32f4xx_hal_exti.c ****   * @retval 1 if interrupt is pending else 0.
 466:Drivers/STM32F4xx_HAL_Driver/Src/stm32f4xx_hal_exti.c ****   */
 467:Drivers/STM32F4xx_HAL_Driver/Src/stm32f4xx_hal_exti.c **** uint32_t HAL_EXTI_GetPending(EXTI_HandleTypeDef *hexti, uint32_t Edge)
ARM GAS  /tmp/ccHwphVr.s 			page 23


 468:Drivers/STM32F4xx_HAL_Driver/Src/stm32f4xx_hal_exti.c **** {
 735              		.loc 1 468 1 is_stmt 1 view -0
 736              		.cfi_startproc
 737              		@ args = 0, pretend = 0, frame = 0
 738              		@ frame_needed = 0, uses_anonymous_args = 0
 739              		@ link register save eliminated.
 469:Drivers/STM32F4xx_HAL_Driver/Src/stm32f4xx_hal_exti.c ****   uint32_t regval;
 740              		.loc 1 469 3 view .LVU245
 470:Drivers/STM32F4xx_HAL_Driver/Src/stm32f4xx_hal_exti.c ****   uint32_t linepos;
 741              		.loc 1 470 3 view .LVU246
 471:Drivers/STM32F4xx_HAL_Driver/Src/stm32f4xx_hal_exti.c ****   uint32_t maskline;
 742              		.loc 1 471 3 view .LVU247
 472:Drivers/STM32F4xx_HAL_Driver/Src/stm32f4xx_hal_exti.c **** 
 473:Drivers/STM32F4xx_HAL_Driver/Src/stm32f4xx_hal_exti.c ****   /* Check parameters */
 474:Drivers/STM32F4xx_HAL_Driver/Src/stm32f4xx_hal_exti.c ****   assert_param(IS_EXTI_LINE(hexti->Line));
 743              		.loc 1 474 3 view .LVU248
 475:Drivers/STM32F4xx_HAL_Driver/Src/stm32f4xx_hal_exti.c ****   assert_param(IS_EXTI_CONFIG_LINE(hexti->Line));
 744              		.loc 1 475 3 view .LVU249
 476:Drivers/STM32F4xx_HAL_Driver/Src/stm32f4xx_hal_exti.c ****   assert_param(IS_EXTI_PENDING_EDGE(Edge));
 745              		.loc 1 476 3 view .LVU250
 477:Drivers/STM32F4xx_HAL_Driver/Src/stm32f4xx_hal_exti.c **** 
 478:Drivers/STM32F4xx_HAL_Driver/Src/stm32f4xx_hal_exti.c ****   /* Compute line mask */
 479:Drivers/STM32F4xx_HAL_Driver/Src/stm32f4xx_hal_exti.c ****   linepos = (hexti->Line & EXTI_PIN_MASK);
 746              		.loc 1 479 3 view .LVU251
 747              		.loc 1 479 19 is_stmt 0 view .LVU252
 748 0000 0368     		ldr	r3, [r0]
 749              		.loc 1 479 11 view .LVU253
 750 0002 03F01F03 		and	r3, r3, #31
 751              	.LVL60:
 480:Drivers/STM32F4xx_HAL_Driver/Src/stm32f4xx_hal_exti.c ****   maskline = (1uL << linepos);
 752              		.loc 1 480 3 is_stmt 1 view .LVU254
 753              		.loc 1 480 12 is_stmt 0 view .LVU255
 754 0006 0122     		movs	r2, #1
 755 0008 9A40     		lsls	r2, r2, r3
 756              	.LVL61:
 481:Drivers/STM32F4xx_HAL_Driver/Src/stm32f4xx_hal_exti.c **** 
 482:Drivers/STM32F4xx_HAL_Driver/Src/stm32f4xx_hal_exti.c ****   /* return 1 if bit is set else 0 */
 483:Drivers/STM32F4xx_HAL_Driver/Src/stm32f4xx_hal_exti.c ****   regval = ((EXTI->PR & maskline) >> linepos);
 757              		.loc 1 483 3 is_stmt 1 view .LVU256
 758              		.loc 1 483 18 is_stmt 0 view .LVU257
 759 000a 0249     		ldr	r1, .L58
 760              	.LVL62:
 761              		.loc 1 483 18 view .LVU258
 762 000c 4869     		ldr	r0, [r1, #20]
 763              	.LVL63:
 764              		.loc 1 483 23 view .LVU259
 765 000e 1040     		ands	r0, r0, r2
 766              	.LVL64:
 484:Drivers/STM32F4xx_HAL_Driver/Src/stm32f4xx_hal_exti.c ****   return regval;
 767              		.loc 1 484 3 is_stmt 1 view .LVU260
 485:Drivers/STM32F4xx_HAL_Driver/Src/stm32f4xx_hal_exti.c **** }
 768              		.loc 1 485 1 is_stmt 0 view .LVU261
 769 0010 D840     		lsrs	r0, r0, r3
 770              	.LVL65:
 771              		.loc 1 485 1 view .LVU262
 772 0012 7047     		bx	lr
 773              	.L59:
ARM GAS  /tmp/ccHwphVr.s 			page 24


 774              		.align	2
 775              	.L58:
 776 0014 003C0140 		.word	1073822720
 777              		.cfi_endproc
 778              	.LFE136:
 780              		.section	.text.HAL_EXTI_ClearPending,"ax",%progbits
 781              		.align	1
 782              		.global	HAL_EXTI_ClearPending
 783              		.syntax unified
 784              		.thumb
 785              		.thumb_func
 787              	HAL_EXTI_ClearPending:
 788              	.LVL66:
 789              	.LFB137:
 486:Drivers/STM32F4xx_HAL_Driver/Src/stm32f4xx_hal_exti.c **** 
 487:Drivers/STM32F4xx_HAL_Driver/Src/stm32f4xx_hal_exti.c **** /**
 488:Drivers/STM32F4xx_HAL_Driver/Src/stm32f4xx_hal_exti.c ****   * @brief  Clear interrupt pending bit of a dedicated line.
 489:Drivers/STM32F4xx_HAL_Driver/Src/stm32f4xx_hal_exti.c ****   * @param  hexti Exti handle.
 490:Drivers/STM32F4xx_HAL_Driver/Src/stm32f4xx_hal_exti.c ****   * @param  Edge Specify which pending edge as to be clear.
 491:Drivers/STM32F4xx_HAL_Driver/Src/stm32f4xx_hal_exti.c ****   *         This parameter can be one of the following values:
 492:Drivers/STM32F4xx_HAL_Driver/Src/stm32f4xx_hal_exti.c ****   *           @arg @ref EXTI_TRIGGER_RISING_FALLING
 493:Drivers/STM32F4xx_HAL_Driver/Src/stm32f4xx_hal_exti.c ****   *         This parameter is kept for compatibility with other series.
 494:Drivers/STM32F4xx_HAL_Driver/Src/stm32f4xx_hal_exti.c ****   * @retval None.
 495:Drivers/STM32F4xx_HAL_Driver/Src/stm32f4xx_hal_exti.c ****   */
 496:Drivers/STM32F4xx_HAL_Driver/Src/stm32f4xx_hal_exti.c **** void HAL_EXTI_ClearPending(EXTI_HandleTypeDef *hexti, uint32_t Edge)
 497:Drivers/STM32F4xx_HAL_Driver/Src/stm32f4xx_hal_exti.c **** {
 790              		.loc 1 497 1 is_stmt 1 view -0
 791              		.cfi_startproc
 792              		@ args = 0, pretend = 0, frame = 0
 793              		@ frame_needed = 0, uses_anonymous_args = 0
 794              		@ link register save eliminated.
 498:Drivers/STM32F4xx_HAL_Driver/Src/stm32f4xx_hal_exti.c ****   uint32_t maskline;
 795              		.loc 1 498 3 view .LVU264
 499:Drivers/STM32F4xx_HAL_Driver/Src/stm32f4xx_hal_exti.c **** 
 500:Drivers/STM32F4xx_HAL_Driver/Src/stm32f4xx_hal_exti.c ****   /* Check parameters */
 501:Drivers/STM32F4xx_HAL_Driver/Src/stm32f4xx_hal_exti.c ****   assert_param(IS_EXTI_LINE(hexti->Line));
 796              		.loc 1 501 3 view .LVU265
 502:Drivers/STM32F4xx_HAL_Driver/Src/stm32f4xx_hal_exti.c ****   assert_param(IS_EXTI_CONFIG_LINE(hexti->Line));
 797              		.loc 1 502 3 view .LVU266
 503:Drivers/STM32F4xx_HAL_Driver/Src/stm32f4xx_hal_exti.c ****   assert_param(IS_EXTI_PENDING_EDGE(Edge));
 798              		.loc 1 503 3 view .LVU267
 504:Drivers/STM32F4xx_HAL_Driver/Src/stm32f4xx_hal_exti.c **** 
 505:Drivers/STM32F4xx_HAL_Driver/Src/stm32f4xx_hal_exti.c ****   /* Compute line mask */
 506:Drivers/STM32F4xx_HAL_Driver/Src/stm32f4xx_hal_exti.c ****   maskline = (1uL << (hexti->Line & EXTI_PIN_MASK));
 799              		.loc 1 506 3 view .LVU268
 800              		.loc 1 506 28 is_stmt 0 view .LVU269
 801 0000 0268     		ldr	r2, [r0]
 802              		.loc 1 506 35 view .LVU270
 803 0002 02F01F02 		and	r2, r2, #31
 804              		.loc 1 506 12 view .LVU271
 805 0006 0123     		movs	r3, #1
 806 0008 9340     		lsls	r3, r3, r2
 807              	.LVL67:
 507:Drivers/STM32F4xx_HAL_Driver/Src/stm32f4xx_hal_exti.c **** 
 508:Drivers/STM32F4xx_HAL_Driver/Src/stm32f4xx_hal_exti.c ****   /* Clear Pending bit */
 509:Drivers/STM32F4xx_HAL_Driver/Src/stm32f4xx_hal_exti.c ****   EXTI->PR =  maskline;
 808              		.loc 1 509 3 is_stmt 1 view .LVU272
ARM GAS  /tmp/ccHwphVr.s 			page 25


 809              		.loc 1 509 12 is_stmt 0 view .LVU273
 810 000a 014A     		ldr	r2, .L61
 811 000c 5361     		str	r3, [r2, #20]
 510:Drivers/STM32F4xx_HAL_Driver/Src/stm32f4xx_hal_exti.c **** }
 812              		.loc 1 510 1 view .LVU274
 813 000e 7047     		bx	lr
 814              	.L62:
 815              		.align	2
 816              	.L61:
 817 0010 003C0140 		.word	1073822720
 818              		.cfi_endproc
 819              	.LFE137:
 821              		.section	.text.HAL_EXTI_GenerateSWI,"ax",%progbits
 822              		.align	1
 823              		.global	HAL_EXTI_GenerateSWI
 824              		.syntax unified
 825              		.thumb
 826              		.thumb_func
 828              	HAL_EXTI_GenerateSWI:
 829              	.LVL68:
 830              	.LFB138:
 511:Drivers/STM32F4xx_HAL_Driver/Src/stm32f4xx_hal_exti.c **** 
 512:Drivers/STM32F4xx_HAL_Driver/Src/stm32f4xx_hal_exti.c **** /**
 513:Drivers/STM32F4xx_HAL_Driver/Src/stm32f4xx_hal_exti.c ****   * @brief  Generate a software interrupt for a dedicated line.
 514:Drivers/STM32F4xx_HAL_Driver/Src/stm32f4xx_hal_exti.c ****   * @param  hexti Exti handle.
 515:Drivers/STM32F4xx_HAL_Driver/Src/stm32f4xx_hal_exti.c ****   * @retval None.
 516:Drivers/STM32F4xx_HAL_Driver/Src/stm32f4xx_hal_exti.c ****   */
 517:Drivers/STM32F4xx_HAL_Driver/Src/stm32f4xx_hal_exti.c **** void HAL_EXTI_GenerateSWI(EXTI_HandleTypeDef *hexti)
 518:Drivers/STM32F4xx_HAL_Driver/Src/stm32f4xx_hal_exti.c **** {
 831              		.loc 1 518 1 is_stmt 1 view -0
 832              		.cfi_startproc
 833              		@ args = 0, pretend = 0, frame = 0
 834              		@ frame_needed = 0, uses_anonymous_args = 0
 835              		@ link register save eliminated.
 519:Drivers/STM32F4xx_HAL_Driver/Src/stm32f4xx_hal_exti.c ****   uint32_t maskline;
 836              		.loc 1 519 3 view .LVU276
 520:Drivers/STM32F4xx_HAL_Driver/Src/stm32f4xx_hal_exti.c **** 
 521:Drivers/STM32F4xx_HAL_Driver/Src/stm32f4xx_hal_exti.c ****   /* Check parameters */
 522:Drivers/STM32F4xx_HAL_Driver/Src/stm32f4xx_hal_exti.c ****   assert_param(IS_EXTI_LINE(hexti->Line));
 837              		.loc 1 522 3 view .LVU277
 523:Drivers/STM32F4xx_HAL_Driver/Src/stm32f4xx_hal_exti.c ****   assert_param(IS_EXTI_CONFIG_LINE(hexti->Line));
 838              		.loc 1 523 3 view .LVU278
 524:Drivers/STM32F4xx_HAL_Driver/Src/stm32f4xx_hal_exti.c **** 
 525:Drivers/STM32F4xx_HAL_Driver/Src/stm32f4xx_hal_exti.c ****   /* Compute line mask */
 526:Drivers/STM32F4xx_HAL_Driver/Src/stm32f4xx_hal_exti.c ****   maskline = (1uL << (hexti->Line & EXTI_PIN_MASK));
 839              		.loc 1 526 3 view .LVU279
 840              		.loc 1 526 28 is_stmt 0 view .LVU280
 841 0000 0268     		ldr	r2, [r0]
 842              		.loc 1 526 35 view .LVU281
 843 0002 02F01F02 		and	r2, r2, #31
 844              		.loc 1 526 12 view .LVU282
 845 0006 0123     		movs	r3, #1
 846 0008 9340     		lsls	r3, r3, r2
 847              	.LVL69:
 527:Drivers/STM32F4xx_HAL_Driver/Src/stm32f4xx_hal_exti.c **** 
 528:Drivers/STM32F4xx_HAL_Driver/Src/stm32f4xx_hal_exti.c ****   /* Generate Software interrupt */
 529:Drivers/STM32F4xx_HAL_Driver/Src/stm32f4xx_hal_exti.c ****   EXTI->SWIER = maskline;
ARM GAS  /tmp/ccHwphVr.s 			page 26


 848              		.loc 1 529 3 is_stmt 1 view .LVU283
 849              		.loc 1 529 15 is_stmt 0 view .LVU284
 850 000a 014A     		ldr	r2, .L64
 851 000c 1361     		str	r3, [r2, #16]
 530:Drivers/STM32F4xx_HAL_Driver/Src/stm32f4xx_hal_exti.c **** }
 852              		.loc 1 530 1 view .LVU285
 853 000e 7047     		bx	lr
 854              	.L65:
 855              		.align	2
 856              	.L64:
 857 0010 003C0140 		.word	1073822720
 858              		.cfi_endproc
 859              	.LFE138:
 861              		.text
 862              	.Letext0:
 863              		.file 2 "/usr/arm-none-eabi/include/machine/_default_types.h"
 864              		.file 3 "/usr/arm-none-eabi/include/sys/_stdint.h"
 865              		.file 4 "Drivers/CMSIS/Device/ST/STM32F4xx/Include/stm32f407xx.h"
 866              		.file 5 "Drivers/STM32F4xx_HAL_Driver/Inc/stm32f4xx_hal_def.h"
 867              		.file 6 "Drivers/STM32F4xx_HAL_Driver/Inc/stm32f4xx_hal_exti.h"
ARM GAS  /tmp/ccHwphVr.s 			page 27


DEFINED SYMBOLS
                            *ABS*:0000000000000000 stm32f4xx_hal_exti.c
     /tmp/ccHwphVr.s:21     .text.HAL_EXTI_SetConfigLine:0000000000000000 $t
     /tmp/ccHwphVr.s:27     .text.HAL_EXTI_SetConfigLine:0000000000000000 HAL_EXTI_SetConfigLine
     /tmp/ccHwphVr.s:251    .text.HAL_EXTI_SetConfigLine:00000000000000d0 $d
     /tmp/ccHwphVr.s:257    .text.HAL_EXTI_GetConfigLine:0000000000000000 $t
     /tmp/ccHwphVr.s:263    .text.HAL_EXTI_GetConfigLine:0000000000000000 HAL_EXTI_GetConfigLine
     /tmp/ccHwphVr.s:426    .text.HAL_EXTI_GetConfigLine:000000000000009c $d
     /tmp/ccHwphVr.s:432    .text.HAL_EXTI_ClearConfigLine:0000000000000000 $t
     /tmp/ccHwphVr.s:438    .text.HAL_EXTI_ClearConfigLine:0000000000000000 HAL_EXTI_ClearConfigLine
     /tmp/ccHwphVr.s:578    .text.HAL_EXTI_ClearConfigLine:000000000000007c $d
     /tmp/ccHwphVr.s:584    .text.HAL_EXTI_RegisterCallback:0000000000000000 $t
     /tmp/ccHwphVr.s:590    .text.HAL_EXTI_RegisterCallback:0000000000000000 HAL_EXTI_RegisterCallback
     /tmp/ccHwphVr.s:623    .text.HAL_EXTI_GetHandle:0000000000000000 $t
     /tmp/ccHwphVr.s:629    .text.HAL_EXTI_GetHandle:0000000000000000 HAL_EXTI_GetHandle
     /tmp/ccHwphVr.s:661    .text.HAL_EXTI_IRQHandler:0000000000000000 $t
     /tmp/ccHwphVr.s:667    .text.HAL_EXTI_IRQHandler:0000000000000000 HAL_EXTI_IRQHandler
     /tmp/ccHwphVr.s:721    .text.HAL_EXTI_IRQHandler:0000000000000020 $d
     /tmp/ccHwphVr.s:726    .text.HAL_EXTI_GetPending:0000000000000000 $t
     /tmp/ccHwphVr.s:732    .text.HAL_EXTI_GetPending:0000000000000000 HAL_EXTI_GetPending
     /tmp/ccHwphVr.s:776    .text.HAL_EXTI_GetPending:0000000000000014 $d
     /tmp/ccHwphVr.s:781    .text.HAL_EXTI_ClearPending:0000000000000000 $t
     /tmp/ccHwphVr.s:787    .text.HAL_EXTI_ClearPending:0000000000000000 HAL_EXTI_ClearPending
     /tmp/ccHwphVr.s:817    .text.HAL_EXTI_ClearPending:0000000000000010 $d
     /tmp/ccHwphVr.s:822    .text.HAL_EXTI_GenerateSWI:0000000000000000 $t
     /tmp/ccHwphVr.s:828    .text.HAL_EXTI_GenerateSWI:0000000000000000 HAL_EXTI_GenerateSWI
     /tmp/ccHwphVr.s:857    .text.HAL_EXTI_GenerateSWI:0000000000000010 $d

NO UNDEFINED SYMBOLS
